ERROR - 2023-08-09 09:07:11 --> ErrorException: pg_query(): Query failed: ERROR:  syntax error at or near &quot;.&quot;
LINE 1: ...&quot;&quot;#CF0202&quot;&quot; WHEN 3 THEN &quot;&quot;#E1E1E1&quot;&quot; END&quot; &quot;tb_tiket&quot;.&quot;status&quot;
                                                              ^ in D:\xampp\htdocs\peluit\system\Database\Postgre\Connection.php:136
Stack trace:
#0 [internal function]: CodeIgniter\Debug\Exceptions->errorHandler(2, 'pg_query(): Que...', 'D:\\xampp\\htdocs...', 136, Array)
#1 D:\xampp\htdocs\peluit\system\Database\Postgre\Connection.php(136): pg_query(Resource id #126, 'SELECT "tb_tike...')
#2 D:\xampp\htdocs\peluit\system\Database\BaseConnection.php(670): CodeIgniter\Database\Postgre\Connection->execute('SELECT "tb_tike...')
#3 D:\xampp\htdocs\peluit\system\Database\BaseConnection.php(598): CodeIgniter\Database\BaseConnection->simpleQuery('SELECT "tb_tike...')
#4 D:\xampp\htdocs\peluit\system\Database\BaseBuilder.php(1443): CodeIgniter\Database\BaseConnection->query('SELECT "tb_tike...', Array, false)
#5 D:\xampp\htdocs\peluit\app\Controllers\Form.php(84): CodeIgniter\Database\BaseBuilder->get()
#6 D:\xampp\htdocs\peluit\system\CodeIgniter.php(824): App\Controllers\Form->add_aula_calendar()
#7 D:\xampp\htdocs\peluit\system\CodeIgniter.php(410): CodeIgniter\CodeIgniter->runController(Object(App\Controllers\Form))
#8 D:\xampp\htdocs\peluit\system\CodeIgniter.php(318): CodeIgniter\CodeIgniter->handleRequest(NULL, Object(Config\Cache), false)
#9 D:\xampp\htdocs\peluit\index.php(37): CodeIgniter\CodeIgniter->run()
#10 {main}
CRITICAL - 2023-08-09 09:07:11 --> pg_query(): Query failed: ERROR:  syntax error at or near &quot;.&quot;
LINE 1: ...&quot;&quot;#CF0202&quot;&quot; WHEN 3 THEN &quot;&quot;#E1E1E1&quot;&quot; END&quot; &quot;tb_tiket&quot;.&quot;status&quot;
                                                              ^
#0 [internal function]: CodeIgniter\Debug\Exceptions->errorHandler(2, 'pg_query(): Que...', 'D:\\xampp\\htdocs...', 136, Array)
#1 D:\xampp\htdocs\peluit\system\Database\Postgre\Connection.php(136): pg_query(Resource id #126, 'SELECT "tb_tike...')
#2 D:\xampp\htdocs\peluit\system\Database\BaseConnection.php(670): CodeIgniter\Database\Postgre\Connection->execute('SELECT "tb_tike...')
#3 D:\xampp\htdocs\peluit\system\Database\BaseConnection.php(598): CodeIgniter\Database\BaseConnection->simpleQuery('SELECT "tb_tike...')
#4 D:\xampp\htdocs\peluit\system\Database\BaseBuilder.php(1443): CodeIgniter\Database\BaseConnection->query('SELECT "tb_tike...', Array, false)
#5 D:\xampp\htdocs\peluit\app\Controllers\Form.php(84): CodeIgniter\Database\BaseBuilder->get()
#6 D:\xampp\htdocs\peluit\system\CodeIgniter.php(824): App\Controllers\Form->add_aula_calendar()
#7 D:\xampp\htdocs\peluit\system\CodeIgniter.php(410): CodeIgniter\CodeIgniter->runController(Object(App\Controllers\Form))
#8 D:\xampp\htdocs\peluit\system\CodeIgniter.php(318): CodeIgniter\CodeIgniter->handleRequest(NULL, Object(Config\Cache), false)
#9 D:\xampp\htdocs\peluit\index.php(37): CodeIgniter\CodeIgniter->run()
#10 {main}
CRITICAL - 2023-08-09 09:07:13 --> Uncaught CodeIgniter\Format\Exceptions\FormatException: Failed to parse json string, error: "Type is not supported". in D:\xampp\htdocs\peluit\system\Format\JSONFormatter.php:41
Stack trace:
#0 D:\xampp\htdocs\peluit\system\Format\JSONFormatter.php(41): CodeIgniter\Format\Exceptions\FormatException::forInvalidJSON('Type is not sup...')
#1 D:\xampp\htdocs\peluit\system\API\ResponseTrait.php(341): CodeIgniter\Format\JSONFormatter->format(Array)
#2 D:\xampp\htdocs\peluit\system\API\ResponseTrait.php(99): CodeIgniter\Debug\Exceptions->format(Array)
#3 D:\xampp\htdocs\peluit\system\Debug\Exceptions.php(110): CodeIgniter\Debug\Exceptions->respond(Array, 500)
#4 [internal function]: CodeIgniter\Debug\Exceptions->exceptionHandler(Object(ErrorException))
#5 {main}
  thrown
#0 [internal function]: CodeIgniter\Debug\Exceptions->shutdownHandler()
#1 {main}
ERROR - 2023-08-09 09:08:49 --> ErrorException: pg_query(): Query failed: ERROR:  improper qualified name (too many dotted names): CASE WHEN tb_tiket.status == 0 THEN &quot;#0C9EE7&quot; WHEN tb_tiket.status == 1 THEN &quot;#1ECC1E&quot; WHEN tb_tiket.status == 2 THEN &quot;#CF0202&quot; WHEN tb_tiket.status == 3 THEN &quot;#E1E1E1&quot; END
LINE 1: ...&quot;.&quot;nama_acara&quot; as &quot;title&quot;, &quot;ssopd&quot;.&quot;akronim_opd&quot;, &quot;CASE WHEN...
                                                             ^ in D:\xampp\htdocs\peluit\system\Database\Postgre\Connection.php:136
Stack trace:
#0 [internal function]: CodeIgniter\Debug\Exceptions->errorHandler(2, 'pg_query(): Que...', 'D:\\xampp\\htdocs...', 136, Array)
#1 D:\xampp\htdocs\peluit\system\Database\Postgre\Connection.php(136): pg_query(Resource id #126, 'SELECT "tb_tike...')
#2 D:\xampp\htdocs\peluit\system\Database\BaseConnection.php(670): CodeIgniter\Database\Postgre\Connection->execute('SELECT "tb_tike...')
#3 D:\xampp\htdocs\peluit\system\Database\BaseConnection.php(598): CodeIgniter\Database\BaseConnection->simpleQuery('SELECT "tb_tike...')
#4 D:\xampp\htdocs\peluit\system\Database\BaseBuilder.php(1443): CodeIgniter\Database\BaseConnection->query('SELECT "tb_tike...', Array, false)
#5 D:\xampp\htdocs\peluit\app\Controllers\Form.php(84): CodeIgniter\Database\BaseBuilder->get()
#6 D:\xampp\htdocs\peluit\system\CodeIgniter.php(824): App\Controllers\Form->add_aula_calendar()
#7 D:\xampp\htdocs\peluit\system\CodeIgniter.php(410): CodeIgniter\CodeIgniter->runController(Object(App\Controllers\Form))
#8 D:\xampp\htdocs\peluit\system\CodeIgniter.php(318): CodeIgniter\CodeIgniter->handleRequest(NULL, Object(Config\Cache), false)
#9 D:\xampp\htdocs\peluit\index.php(37): CodeIgniter\CodeIgniter->run()
#10 {main}
CRITICAL - 2023-08-09 09:08:49 --> pg_query(): Query failed: ERROR:  improper qualified name (too many dotted names): CASE WHEN tb_tiket.status == 0 THEN &quot;#0C9EE7&quot; WHEN tb_tiket.status == 1 THEN &quot;#1ECC1E&quot; WHEN tb_tiket.status == 2 THEN &quot;#CF0202&quot; WHEN tb_tiket.status == 3 THEN &quot;#E1E1E1&quot; END
LINE 1: ...&quot;.&quot;nama_acara&quot; as &quot;title&quot;, &quot;ssopd&quot;.&quot;akronim_opd&quot;, &quot;CASE WHEN...
                                                             ^
#0 [internal function]: CodeIgniter\Debug\Exceptions->errorHandler(2, 'pg_query(): Que...', 'D:\\xampp\\htdocs...', 136, Array)
#1 D:\xampp\htdocs\peluit\system\Database\Postgre\Connection.php(136): pg_query(Resource id #126, 'SELECT "tb_tike...')
#2 D:\xampp\htdocs\peluit\system\Database\BaseConnection.php(670): CodeIgniter\Database\Postgre\Connection->execute('SELECT "tb_tike...')
#3 D:\xampp\htdocs\peluit\system\Database\BaseConnection.php(598): CodeIgniter\Database\BaseConnection->simpleQuery('SELECT "tb_tike...')
#4 D:\xampp\htdocs\peluit\system\Database\BaseBuilder.php(1443): CodeIgniter\Database\BaseConnection->query('SELECT "tb_tike...', Array, false)
#5 D:\xampp\htdocs\peluit\app\Controllers\Form.php(84): CodeIgniter\Database\BaseBuilder->get()
#6 D:\xampp\htdocs\peluit\system\CodeIgniter.php(824): App\Controllers\Form->add_aula_calendar()
#7 D:\xampp\htdocs\peluit\system\CodeIgniter.php(410): CodeIgniter\CodeIgniter->runController(Object(App\Controllers\Form))
#8 D:\xampp\htdocs\peluit\system\CodeIgniter.php(318): CodeIgniter\CodeIgniter->handleRequest(NULL, Object(Config\Cache), false)
#9 D:\xampp\htdocs\peluit\index.php(37): CodeIgniter\CodeIgniter->run()
#10 {main}
CRITICAL - 2023-08-09 09:08:49 --> Uncaught CodeIgniter\Format\Exceptions\FormatException: Failed to parse json string, error: "Type is not supported". in D:\xampp\htdocs\peluit\system\Format\JSONFormatter.php:41
Stack trace:
#0 D:\xampp\htdocs\peluit\system\Format\JSONFormatter.php(41): CodeIgniter\Format\Exceptions\FormatException::forInvalidJSON('Type is not sup...')
#1 D:\xampp\htdocs\peluit\system\API\ResponseTrait.php(341): CodeIgniter\Format\JSONFormatter->format(Array)
#2 D:\xampp\htdocs\peluit\system\API\ResponseTrait.php(99): CodeIgniter\Debug\Exceptions->format(Array)
#3 D:\xampp\htdocs\peluit\system\Debug\Exceptions.php(110): CodeIgniter\Debug\Exceptions->respond(Array, 500)
#4 [internal function]: CodeIgniter\Debug\Exceptions->exceptionHandler(Object(ErrorException))
#5 {main}
  thrown
#0 [internal function]: CodeIgniter\Debug\Exceptions->shutdownHandler()
#1 {main}
ERROR - 2023-08-09 09:08:54 --> ErrorException: pg_query(): Query failed: ERROR:  improper qualified name (too many dotted names): CASE WHEN tb_tiket.status == 0 THEN &quot;#0C9EE7&quot; WHEN tb_tiket.status == 1 THEN &quot;#1ECC1E&quot; WHEN tb_tiket.status == 2 THEN &quot;#CF0202&quot; WHEN tb_tiket.status == 3 THEN &quot;#E1E1E1&quot; END
LINE 1: ...&quot;.&quot;nama_acara&quot; as &quot;title&quot;, &quot;ssopd&quot;.&quot;akronim_opd&quot;, &quot;CASE WHEN...
                                                             ^ in D:\xampp\htdocs\peluit\system\Database\Postgre\Connection.php:136
Stack trace:
#0 [internal function]: CodeIgniter\Debug\Exceptions->errorHandler(2, 'pg_query(): Que...', 'D:\\xampp\\htdocs...', 136, Array)
#1 D:\xampp\htdocs\peluit\system\Database\Postgre\Connection.php(136): pg_query(Resource id #126, 'SELECT "tb_tike...')
#2 D:\xampp\htdocs\peluit\system\Database\BaseConnection.php(670): CodeIgniter\Database\Postgre\Connection->execute('SELECT "tb_tike...')
#3 D:\xampp\htdocs\peluit\system\Database\BaseConnection.php(598): CodeIgniter\Database\BaseConnection->simpleQuery('SELECT "tb_tike...')
#4 D:\xampp\htdocs\peluit\system\Database\BaseBuilder.php(1443): CodeIgniter\Database\BaseConnection->query('SELECT "tb_tike...', Array, false)
#5 D:\xampp\htdocs\peluit\app\Controllers\Form.php(84): CodeIgniter\Database\BaseBuilder->get()
#6 D:\xampp\htdocs\peluit\system\CodeIgniter.php(824): App\Controllers\Form->add_aula_calendar()
#7 D:\xampp\htdocs\peluit\system\CodeIgniter.php(410): CodeIgniter\CodeIgniter->runController(Object(App\Controllers\Form))
#8 D:\xampp\htdocs\peluit\system\CodeIgniter.php(318): CodeIgniter\CodeIgniter->handleRequest(NULL, Object(Config\Cache), false)
#9 D:\xampp\htdocs\peluit\index.php(37): CodeIgniter\CodeIgniter->run()
#10 {main}
CRITICAL - 2023-08-09 09:08:54 --> pg_query(): Query failed: ERROR:  improper qualified name (too many dotted names): CASE WHEN tb_tiket.status == 0 THEN &quot;#0C9EE7&quot; WHEN tb_tiket.status == 1 THEN &quot;#1ECC1E&quot; WHEN tb_tiket.status == 2 THEN &quot;#CF0202&quot; WHEN tb_tiket.status == 3 THEN &quot;#E1E1E1&quot; END
LINE 1: ...&quot;.&quot;nama_acara&quot; as &quot;title&quot;, &quot;ssopd&quot;.&quot;akronim_opd&quot;, &quot;CASE WHEN...
                                                             ^
#0 [internal function]: CodeIgniter\Debug\Exceptions->errorHandler(2, 'pg_query(): Que...', 'D:\\xampp\\htdocs...', 136, Array)
#1 D:\xampp\htdocs\peluit\system\Database\Postgre\Connection.php(136): pg_query(Resource id #126, 'SELECT "tb_tike...')
#2 D:\xampp\htdocs\peluit\system\Database\BaseConnection.php(670): CodeIgniter\Database\Postgre\Connection->execute('SELECT "tb_tike...')
#3 D:\xampp\htdocs\peluit\system\Database\BaseConnection.php(598): CodeIgniter\Database\BaseConnection->simpleQuery('SELECT "tb_tike...')
#4 D:\xampp\htdocs\peluit\system\Database\BaseBuilder.php(1443): CodeIgniter\Database\BaseConnection->query('SELECT "tb_tike...', Array, false)
#5 D:\xampp\htdocs\peluit\app\Controllers\Form.php(84): CodeIgniter\Database\BaseBuilder->get()
#6 D:\xampp\htdocs\peluit\system\CodeIgniter.php(824): App\Controllers\Form->add_aula_calendar()
#7 D:\xampp\htdocs\peluit\system\CodeIgniter.php(410): CodeIgniter\CodeIgniter->runController(Object(App\Controllers\Form))
#8 D:\xampp\htdocs\peluit\system\CodeIgniter.php(318): CodeIgniter\CodeIgniter->handleRequest(NULL, Object(Config\Cache), false)
#9 D:\xampp\htdocs\peluit\index.php(37): CodeIgniter\CodeIgniter->run()
#10 {main}
CRITICAL - 2023-08-09 09:08:54 --> Uncaught CodeIgniter\Format\Exceptions\FormatException: Failed to parse json string, error: "Type is not supported". in D:\xampp\htdocs\peluit\system\Format\JSONFormatter.php:41
Stack trace:
#0 D:\xampp\htdocs\peluit\system\Format\JSONFormatter.php(41): CodeIgniter\Format\Exceptions\FormatException::forInvalidJSON('Type is not sup...')
#1 D:\xampp\htdocs\peluit\system\API\ResponseTrait.php(341): CodeIgniter\Format\JSONFormatter->format(Array)
#2 D:\xampp\htdocs\peluit\system\API\ResponseTrait.php(99): CodeIgniter\Debug\Exceptions->format(Array)
#3 D:\xampp\htdocs\peluit\system\Debug\Exceptions.php(110): CodeIgniter\Debug\Exceptions->respond(Array, 500)
#4 [internal function]: CodeIgniter\Debug\Exceptions->exceptionHandler(Object(ErrorException))
#5 {main}
  thrown
#0 [internal function]: CodeIgniter\Debug\Exceptions->shutdownHandler()
#1 {main}
ERROR - 2023-08-09 09:10:29 --> ErrorException: pg_query(): Query failed: ERROR:  improper qualified name (too many dotted names): CASE WHEN tb_tiket.status = 0 THEN &quot;#0C9EE7&quot; WHEN tb_tiket.status = 1 THEN &quot;#1ECC1E&quot; WHEN tb_tiket.status = 2 THEN &quot;#CF0202&quot; WHEN tb_tiket.status = 3 THEN &quot;#E1E1E1&quot; END
LINE 1: ...&quot;.&quot;nama_acara&quot; as &quot;title&quot;, &quot;ssopd&quot;.&quot;akronim_opd&quot;, &quot;CASE WHEN...
                                                             ^ in D:\xampp\htdocs\peluit\system\Database\Postgre\Connection.php:136
Stack trace:
#0 [internal function]: CodeIgniter\Debug\Exceptions->errorHandler(2, 'pg_query(): Que...', 'D:\\xampp\\htdocs...', 136, Array)
#1 D:\xampp\htdocs\peluit\system\Database\Postgre\Connection.php(136): pg_query(Resource id #126, 'SELECT "tb_tike...')
#2 D:\xampp\htdocs\peluit\system\Database\BaseConnection.php(670): CodeIgniter\Database\Postgre\Connection->execute('SELECT "tb_tike...')
#3 D:\xampp\htdocs\peluit\system\Database\BaseConnection.php(598): CodeIgniter\Database\BaseConnection->simpleQuery('SELECT "tb_tike...')
#4 D:\xampp\htdocs\peluit\system\Database\BaseBuilder.php(1443): CodeIgniter\Database\BaseConnection->query('SELECT "tb_tike...', Array, false)
#5 D:\xampp\htdocs\peluit\app\Controllers\Form.php(84): CodeIgniter\Database\BaseBuilder->get()
#6 D:\xampp\htdocs\peluit\system\CodeIgniter.php(824): App\Controllers\Form->add_aula_calendar()
#7 D:\xampp\htdocs\peluit\system\CodeIgniter.php(410): CodeIgniter\CodeIgniter->runController(Object(App\Controllers\Form))
#8 D:\xampp\htdocs\peluit\system\CodeIgniter.php(318): CodeIgniter\CodeIgniter->handleRequest(NULL, Object(Config\Cache), false)
#9 D:\xampp\htdocs\peluit\index.php(37): CodeIgniter\CodeIgniter->run()
#10 {main}
CRITICAL - 2023-08-09 09:10:29 --> pg_query(): Query failed: ERROR:  improper qualified name (too many dotted names): CASE WHEN tb_tiket.status = 0 THEN &quot;#0C9EE7&quot; WHEN tb_tiket.status = 1 THEN &quot;#1ECC1E&quot; WHEN tb_tiket.status = 2 THEN &quot;#CF0202&quot; WHEN tb_tiket.status = 3 THEN &quot;#E1E1E1&quot; END
LINE 1: ...&quot;.&quot;nama_acara&quot; as &quot;title&quot;, &quot;ssopd&quot;.&quot;akronim_opd&quot;, &quot;CASE WHEN...
                                                             ^
#0 [internal function]: CodeIgniter\Debug\Exceptions->errorHandler(2, 'pg_query(): Que...', 'D:\\xampp\\htdocs...', 136, Array)
#1 D:\xampp\htdocs\peluit\system\Database\Postgre\Connection.php(136): pg_query(Resource id #126, 'SELECT "tb_tike...')
#2 D:\xampp\htdocs\peluit\system\Database\BaseConnection.php(670): CodeIgniter\Database\Postgre\Connection->execute('SELECT "tb_tike...')
#3 D:\xampp\htdocs\peluit\system\Database\BaseConnection.php(598): CodeIgniter\Database\BaseConnection->simpleQuery('SELECT "tb_tike...')
#4 D:\xampp\htdocs\peluit\system\Database\BaseBuilder.php(1443): CodeIgniter\Database\BaseConnection->query('SELECT "tb_tike...', Array, false)
#5 D:\xampp\htdocs\peluit\app\Controllers\Form.php(84): CodeIgniter\Database\BaseBuilder->get()
#6 D:\xampp\htdocs\peluit\system\CodeIgniter.php(824): App\Controllers\Form->add_aula_calendar()
#7 D:\xampp\htdocs\peluit\system\CodeIgniter.php(410): CodeIgniter\CodeIgniter->runController(Object(App\Controllers\Form))
#8 D:\xampp\htdocs\peluit\system\CodeIgniter.php(318): CodeIgniter\CodeIgniter->handleRequest(NULL, Object(Config\Cache), false)
#9 D:\xampp\htdocs\peluit\index.php(37): CodeIgniter\CodeIgniter->run()
#10 {main}
CRITICAL - 2023-08-09 09:10:29 --> Uncaught CodeIgniter\Format\Exceptions\FormatException: Failed to parse json string, error: "Type is not supported". in D:\xampp\htdocs\peluit\system\Format\JSONFormatter.php:41
Stack trace:
#0 D:\xampp\htdocs\peluit\system\Format\JSONFormatter.php(41): CodeIgniter\Format\Exceptions\FormatException::forInvalidJSON('Type is not sup...')
#1 D:\xampp\htdocs\peluit\system\API\ResponseTrait.php(341): CodeIgniter\Format\JSONFormatter->format(Array)
#2 D:\xampp\htdocs\peluit\system\API\ResponseTrait.php(99): CodeIgniter\Debug\Exceptions->format(Array)
#3 D:\xampp\htdocs\peluit\system\Debug\Exceptions.php(110): CodeIgniter\Debug\Exceptions->respond(Array, 500)
#4 [internal function]: CodeIgniter\Debug\Exceptions->exceptionHandler(Object(ErrorException))
#5 {main}
  thrown
#0 [internal function]: CodeIgniter\Debug\Exceptions->shutdownHandler()
#1 {main}
ERROR - 2023-08-09 09:10:32 --> ErrorException: pg_query(): Query failed: ERROR:  improper qualified name (too many dotted names): CASE WHEN tb_tiket.status = 0 THEN &quot;#0C9EE7&quot; WHEN tb_tiket.status = 1 THEN &quot;#1ECC1E&quot; WHEN tb_tiket.status = 2 THEN &quot;#CF0202&quot; WHEN tb_tiket.status = 3 THEN &quot;#E1E1E1&quot; END
LINE 1: ...&quot;.&quot;nama_acara&quot; as &quot;title&quot;, &quot;ssopd&quot;.&quot;akronim_opd&quot;, &quot;CASE WHEN...
                                                             ^ in D:\xampp\htdocs\peluit\system\Database\Postgre\Connection.php:136
Stack trace:
#0 [internal function]: CodeIgniter\Debug\Exceptions->errorHandler(2, 'pg_query(): Que...', 'D:\\xampp\\htdocs...', 136, Array)
#1 D:\xampp\htdocs\peluit\system\Database\Postgre\Connection.php(136): pg_query(Resource id #126, 'SELECT "tb_tike...')
#2 D:\xampp\htdocs\peluit\system\Database\BaseConnection.php(670): CodeIgniter\Database\Postgre\Connection->execute('SELECT "tb_tike...')
#3 D:\xampp\htdocs\peluit\system\Database\BaseConnection.php(598): CodeIgniter\Database\BaseConnection->simpleQuery('SELECT "tb_tike...')
#4 D:\xampp\htdocs\peluit\system\Database\BaseBuilder.php(1443): CodeIgniter\Database\BaseConnection->query('SELECT "tb_tike...', Array, false)
#5 D:\xampp\htdocs\peluit\app\Controllers\Form.php(84): CodeIgniter\Database\BaseBuilder->get()
#6 D:\xampp\htdocs\peluit\system\CodeIgniter.php(824): App\Controllers\Form->add_aula_calendar()
#7 D:\xampp\htdocs\peluit\system\CodeIgniter.php(410): CodeIgniter\CodeIgniter->runController(Object(App\Controllers\Form))
#8 D:\xampp\htdocs\peluit\system\CodeIgniter.php(318): CodeIgniter\CodeIgniter->handleRequest(NULL, Object(Config\Cache), false)
#9 D:\xampp\htdocs\peluit\index.php(37): CodeIgniter\CodeIgniter->run()
#10 {main}
CRITICAL - 2023-08-09 09:10:32 --> pg_query(): Query failed: ERROR:  improper qualified name (too many dotted names): CASE WHEN tb_tiket.status = 0 THEN &quot;#0C9EE7&quot; WHEN tb_tiket.status = 1 THEN &quot;#1ECC1E&quot; WHEN tb_tiket.status = 2 THEN &quot;#CF0202&quot; WHEN tb_tiket.status = 3 THEN &quot;#E1E1E1&quot; END
LINE 1: ...&quot;.&quot;nama_acara&quot; as &quot;title&quot;, &quot;ssopd&quot;.&quot;akronim_opd&quot;, &quot;CASE WHEN...
                                                             ^
#0 [internal function]: CodeIgniter\Debug\Exceptions->errorHandler(2, 'pg_query(): Que...', 'D:\\xampp\\htdocs...', 136, Array)
#1 D:\xampp\htdocs\peluit\system\Database\Postgre\Connection.php(136): pg_query(Resource id #126, 'SELECT "tb_tike...')
#2 D:\xampp\htdocs\peluit\system\Database\BaseConnection.php(670): CodeIgniter\Database\Postgre\Connection->execute('SELECT "tb_tike...')
#3 D:\xampp\htdocs\peluit\system\Database\BaseConnection.php(598): CodeIgniter\Database\BaseConnection->simpleQuery('SELECT "tb_tike...')
#4 D:\xampp\htdocs\peluit\system\Database\BaseBuilder.php(1443): CodeIgniter\Database\BaseConnection->query('SELECT "tb_tike...', Array, false)
#5 D:\xampp\htdocs\peluit\app\Controllers\Form.php(84): CodeIgniter\Database\BaseBuilder->get()
#6 D:\xampp\htdocs\peluit\system\CodeIgniter.php(824): App\Controllers\Form->add_aula_calendar()
#7 D:\xampp\htdocs\peluit\system\CodeIgniter.php(410): CodeIgniter\CodeIgniter->runController(Object(App\Controllers\Form))
#8 D:\xampp\htdocs\peluit\system\CodeIgniter.php(318): CodeIgniter\CodeIgniter->handleRequest(NULL, Object(Config\Cache), false)
#9 D:\xampp\htdocs\peluit\index.php(37): CodeIgniter\CodeIgniter->run()
#10 {main}
CRITICAL - 2023-08-09 09:10:32 --> Uncaught CodeIgniter\Format\Exceptions\FormatException: Failed to parse json string, error: "Type is not supported". in D:\xampp\htdocs\peluit\system\Format\JSONFormatter.php:41
Stack trace:
#0 D:\xampp\htdocs\peluit\system\Format\JSONFormatter.php(41): CodeIgniter\Format\Exceptions\FormatException::forInvalidJSON('Type is not sup...')
#1 D:\xampp\htdocs\peluit\system\API\ResponseTrait.php(341): CodeIgniter\Format\JSONFormatter->format(Array)
#2 D:\xampp\htdocs\peluit\system\API\ResponseTrait.php(99): CodeIgniter\Debug\Exceptions->format(Array)
#3 D:\xampp\htdocs\peluit\system\Debug\Exceptions.php(110): CodeIgniter\Debug\Exceptions->respond(Array, 500)
#4 [internal function]: CodeIgniter\Debug\Exceptions->exceptionHandler(Object(ErrorException))
#5 {main}
  thrown
#0 [internal function]: CodeIgniter\Debug\Exceptions->shutdownHandler()
#1 {main}
CRITICAL - 2023-08-09 09:30:19 --> A non-numeric value encountered
#0 D:\xampp\htdocs\peluit\app\Controllers\Form.php(98): CodeIgniter\Debug\Exceptions->errorHandler(2, 'A non-numeric v...', 'D:\\xampp\\htdocs...', 98, Array)
#1 D:\xampp\htdocs\peluit\system\CodeIgniter.php(824): App\Controllers\Form->add_aula_calendar()
#2 D:\xampp\htdocs\peluit\system\CodeIgniter.php(410): CodeIgniter\CodeIgniter->runController(Object(App\Controllers\Form))
#3 D:\xampp\htdocs\peluit\system\CodeIgniter.php(318): CodeIgniter\CodeIgniter->handleRequest(NULL, Object(Config\Cache), false)
#4 D:\xampp\htdocs\peluit\index.php(37): CodeIgniter\CodeIgniter->run()
#5 {main}
CRITICAL - 2023-08-09 09:30:19 --> Uncaught CodeIgniter\Format\Exceptions\FormatException: Failed to parse json string, error: "Type is not supported". in D:\xampp\htdocs\peluit\system\Format\JSONFormatter.php:41
Stack trace:
#0 D:\xampp\htdocs\peluit\system\Format\JSONFormatter.php(41): CodeIgniter\Format\Exceptions\FormatException::forInvalidJSON('Type is not sup...')
#1 D:\xampp\htdocs\peluit\system\API\ResponseTrait.php(341): CodeIgniter\Format\JSONFormatter->format(Array)
#2 D:\xampp\htdocs\peluit\system\API\ResponseTrait.php(99): CodeIgniter\Debug\Exceptions->format(Array)
#3 D:\xampp\htdocs\peluit\system\Debug\Exceptions.php(110): CodeIgniter\Debug\Exceptions->respond(Array, 500)
#4 [internal function]: CodeIgniter\Debug\Exceptions->exceptionHandler(Object(ErrorException))
#5 {main}
  thrown
#0 [internal function]: CodeIgniter\Debug\Exceptions->shutdownHandler()
#1 {main}
ERROR - 2023-08-09 11:28:26 --> ErrorException: pg_query(): Query failed: ERROR:  column &quot;no_pic&quot; of relation &quot;tb_tiket_subdomain&quot; does not exist
LINE 1: ...iket&quot;, &quot;nama_subdomain&quot;, &quot;ip_publik&quot;, &quot;nama_pic&quot;, &quot;no_pic&quot;, ...
                                                             ^ in D:\xampp\htdocs\peluit\system\Database\Postgre\Connection.php:136
Stack trace:
#0 [internal function]: CodeIgniter\Debug\Exceptions->errorHandler(2, 'pg_query(): Que...', 'D:\\xampp\\htdocs...', 136, Array)
#1 D:\xampp\htdocs\peluit\system\Database\Postgre\Connection.php(136): pg_query(Resource id #132, 'INSERT INTO "tb...')
#2 D:\xampp\htdocs\peluit\system\Database\BaseConnection.php(670): CodeIgniter\Database\Postgre\Connection->execute('INSERT INTO "tb...')
#3 D:\xampp\htdocs\peluit\system\Database\BaseConnection.php(598): CodeIgniter\Database\BaseConnection->simpleQuery('INSERT INTO "tb...')
#4 D:\xampp\htdocs\peluit\system\Database\BaseBuilder.php(1759): CodeIgniter\Database\BaseConnection->query('INSERT INTO "tb...', Array, false)
#5 D:\xampp\htdocs\peluit\system\Model.php(239): CodeIgniter\Database\BaseBuilder->insert()
#6 D:\xampp\htdocs\peluit\system\BaseModel.php(738): CodeIgniter\Model->doInsert(Array)
#7 D:\xampp\htdocs\peluit\system\Model.php(620): CodeIgniter\BaseModel->insert(Array, true)
#8 D:\xampp\htdocs\peluit\app\Controllers\Form.php(163): CodeIgniter\Model->insert(Array)
#9 D:\xampp\htdocs\peluit\system\CodeIgniter.php(824): App\Controllers\Form->add_subdomain()
#10 D:\xampp\htdocs\peluit\system\CodeIgniter.php(410): CodeIgniter\CodeIgniter->runController(Object(App\Controllers\Form))
#11 D:\xampp\htdocs\peluit\system\CodeIgniter.php(318): CodeIgniter\CodeIgniter->handleRequest(NULL, Object(Config\Cache), false)
#12 D:\xampp\htdocs\peluit\index.php(37): CodeIgniter\CodeIgniter->run()
#13 {main}
CRITICAL - 2023-08-09 11:28:26 --> pg_query(): Query failed: ERROR:  column &quot;no_pic&quot; of relation &quot;tb_tiket_subdomain&quot; does not exist
LINE 1: ...iket&quot;, &quot;nama_subdomain&quot;, &quot;ip_publik&quot;, &quot;nama_pic&quot;, &quot;no_pic&quot;, ...
                                                             ^
#0 [internal function]: CodeIgniter\Debug\Exceptions->errorHandler(2, 'pg_query(): Que...', 'D:\\xampp\\htdocs...', 136, Array)
#1 D:\xampp\htdocs\peluit\system\Database\Postgre\Connection.php(136): pg_query(Resource id #132, 'INSERT INTO "tb...')
#2 D:\xampp\htdocs\peluit\system\Database\BaseConnection.php(670): CodeIgniter\Database\Postgre\Connection->execute('INSERT INTO "tb...')
#3 D:\xampp\htdocs\peluit\system\Database\BaseConnection.php(598): CodeIgniter\Database\BaseConnection->simpleQuery('INSERT INTO "tb...')
#4 D:\xampp\htdocs\peluit\system\Database\BaseBuilder.php(1759): CodeIgniter\Database\BaseConnection->query('INSERT INTO "tb...', Array, false)
#5 D:\xampp\htdocs\peluit\system\Model.php(239): CodeIgniter\Database\BaseBuilder->insert()
#6 D:\xampp\htdocs\peluit\system\BaseModel.php(738): CodeIgniter\Model->doInsert(Array)
#7 D:\xampp\htdocs\peluit\system\Model.php(620): CodeIgniter\BaseModel->insert(Array, true)
#8 D:\xampp\htdocs\peluit\app\Controllers\Form.php(163): CodeIgniter\Model->insert(Array)
#9 D:\xampp\htdocs\peluit\system\CodeIgniter.php(824): App\Controllers\Form->add_subdomain()
#10 D:\xampp\htdocs\peluit\system\CodeIgniter.php(410): CodeIgniter\CodeIgniter->runController(Object(App\Controllers\Form))
#11 D:\xampp\htdocs\peluit\system\CodeIgniter.php(318): CodeIgniter\CodeIgniter->handleRequest(NULL, Object(Config\Cache), false)
#12 D:\xampp\htdocs\peluit\index.php(37): CodeIgniter\CodeIgniter->run()
#13 {main}
CRITICAL - 2023-08-09 11:28:26 --> Uncaught CodeIgniter\Format\Exceptions\FormatException: Failed to parse json string, error: "Type is not supported". in D:\xampp\htdocs\peluit\system\Format\JSONFormatter.php:41
Stack trace:
#0 D:\xampp\htdocs\peluit\system\Format\JSONFormatter.php(41): CodeIgniter\Format\Exceptions\FormatException::forInvalidJSON('Type is not sup...')
#1 D:\xampp\htdocs\peluit\system\API\ResponseTrait.php(341): CodeIgniter\Format\JSONFormatter->format(Array)
#2 D:\xampp\htdocs\peluit\system\API\ResponseTrait.php(99): CodeIgniter\Debug\Exceptions->format(Array)
#3 D:\xampp\htdocs\peluit\system\Debug\Exceptions.php(110): CodeIgniter\Debug\Exceptions->respond(Array, 500)
#4 [internal function]: CodeIgniter\Debug\Exceptions->exceptionHandler(Object(ErrorException))
#5 {main}
  thrown
#0 [internal function]: CodeIgniter\Debug\Exceptions->shutdownHandler()
#1 {main}
ERROR - 2023-08-09 11:42:59 --> ErrorException: pg_query(): Query failed: ERROR:  value too long for type character varying(10) in D:\xampp\htdocs\peluit\system\Database\Postgre\Connection.php:136
Stack trace:
#0 [internal function]: CodeIgniter\Debug\Exceptions->errorHandler(2, 'pg_query(): Que...', 'D:\\xampp\\htdocs...', 136, Array)
#1 D:\xampp\htdocs\peluit\system\Database\Postgre\Connection.php(136): pg_query(Resource id #132, 'INSERT INTO "lo...')
#2 D:\xampp\htdocs\peluit\system\Database\BaseConnection.php(670): CodeIgniter\Database\Postgre\Connection->execute('INSERT INTO "lo...')
#3 D:\xampp\htdocs\peluit\system\Database\BaseConnection.php(598): CodeIgniter\Database\BaseConnection->simpleQuery('INSERT INTO "lo...')
#4 D:\xampp\htdocs\peluit\system\Database\BaseBuilder.php(1759): CodeIgniter\Database\BaseConnection->query('INSERT INTO "lo...', Array, false)
#5 D:\xampp\htdocs\peluit\system\Model.php(239): CodeIgniter\Database\BaseBuilder->insert()
#6 D:\xampp\htdocs\peluit\system\BaseModel.php(738): CodeIgniter\Model->doInsert(Array)
#7 D:\xampp\htdocs\peluit\system\Model.php(620): CodeIgniter\BaseModel->insert(Array, true)
#8 D:\xampp\htdocs\peluit\app\Controllers\Form.php(85): CodeIgniter\Model->insert(Array)
#9 D:\xampp\htdocs\peluit\system\CodeIgniter.php(824): App\Controllers\Form->add_aula()
#10 D:\xampp\htdocs\peluit\system\CodeIgniter.php(410): CodeIgniter\CodeIgniter->runController(Object(App\Controllers\Form))
#11 D:\xampp\htdocs\peluit\system\CodeIgniter.php(318): CodeIgniter\CodeIgniter->handleRequest(NULL, Object(Config\Cache), false)
#12 D:\xampp\htdocs\peluit\index.php(37): CodeIgniter\CodeIgniter->run()
#13 {main}
CRITICAL - 2023-08-09 11:42:59 --> pg_query(): Query failed: ERROR:  value too long for type character varying(10)
#0 [internal function]: CodeIgniter\Debug\Exceptions->errorHandler(2, 'pg_query(): Que...', 'D:\\xampp\\htdocs...', 136, Array)
#1 D:\xampp\htdocs\peluit\system\Database\Postgre\Connection.php(136): pg_query(Resource id #132, 'INSERT INTO "lo...')
#2 D:\xampp\htdocs\peluit\system\Database\BaseConnection.php(670): CodeIgniter\Database\Postgre\Connection->execute('INSERT INTO "lo...')
#3 D:\xampp\htdocs\peluit\system\Database\BaseConnection.php(598): CodeIgniter\Database\BaseConnection->simpleQuery('INSERT INTO "lo...')
#4 D:\xampp\htdocs\peluit\system\Database\BaseBuilder.php(1759): CodeIgniter\Database\BaseConnection->query('INSERT INTO "lo...', Array, false)
#5 D:\xampp\htdocs\peluit\system\Model.php(239): CodeIgniter\Database\BaseBuilder->insert()
#6 D:\xampp\htdocs\peluit\system\BaseModel.php(738): CodeIgniter\Model->doInsert(Array)
#7 D:\xampp\htdocs\peluit\system\Model.php(620): CodeIgniter\BaseModel->insert(Array, true)
#8 D:\xampp\htdocs\peluit\app\Controllers\Form.php(85): CodeIgniter\Model->insert(Array)
#9 D:\xampp\htdocs\peluit\system\CodeIgniter.php(824): App\Controllers\Form->add_aula()
#10 D:\xampp\htdocs\peluit\system\CodeIgniter.php(410): CodeIgniter\CodeIgniter->runController(Object(App\Controllers\Form))
#11 D:\xampp\htdocs\peluit\system\CodeIgniter.php(318): CodeIgniter\CodeIgniter->handleRequest(NULL, Object(Config\Cache), false)
#12 D:\xampp\htdocs\peluit\index.php(37): CodeIgniter\CodeIgniter->run()
#13 {main}
CRITICAL - 2023-08-09 11:42:59 --> Uncaught CodeIgniter\Format\Exceptions\FormatException: Failed to parse json string, error: "Type is not supported". in D:\xampp\htdocs\peluit\system\Format\JSONFormatter.php:41
Stack trace:
#0 D:\xampp\htdocs\peluit\system\Format\JSONFormatter.php(41): CodeIgniter\Format\Exceptions\FormatException::forInvalidJSON('Type is not sup...')
#1 D:\xampp\htdocs\peluit\system\API\ResponseTrait.php(341): CodeIgniter\Format\JSONFormatter->format(Array)
#2 D:\xampp\htdocs\peluit\system\API\ResponseTrait.php(99): CodeIgniter\Debug\Exceptions->format(Array)
#3 D:\xampp\htdocs\peluit\system\Debug\Exceptions.php(110): CodeIgniter\Debug\Exceptions->respond(Array, 500)
#4 [internal function]: CodeIgniter\Debug\Exceptions->exceptionHandler(Object(ErrorException))
#5 {main}
  thrown
#0 [internal function]: CodeIgniter\Debug\Exceptions->shutdownHandler()
#1 {main}
ERROR - 2023-08-09 11:51:31 --> ErrorException: pg_query(): Query failed: ERROR:  value too long for type character varying(10) in D:\xampp\htdocs\peluit\system\Database\Postgre\Connection.php:136
Stack trace:
#0 [internal function]: CodeIgniter\Debug\Exceptions->errorHandler(2, 'pg_query(): Que...', 'D:\\xampp\\htdocs...', 136, Array)
#1 D:\xampp\htdocs\peluit\system\Database\Postgre\Connection.php(136): pg_query(Resource id #132, 'INSERT INTO "lo...')
#2 D:\xampp\htdocs\peluit\system\Database\BaseConnection.php(670): CodeIgniter\Database\Postgre\Connection->execute('INSERT INTO "lo...')
#3 D:\xampp\htdocs\peluit\system\Database\BaseConnection.php(598): CodeIgniter\Database\BaseConnection->simpleQuery('INSERT INTO "lo...')
#4 D:\xampp\htdocs\peluit\system\Database\BaseBuilder.php(1759): CodeIgniter\Database\BaseConnection->query('INSERT INTO "lo...', Array, false)
#5 D:\xampp\htdocs\peluit\system\Model.php(239): CodeIgniter\Database\BaseBuilder->insert()
#6 D:\xampp\htdocs\peluit\system\BaseModel.php(738): CodeIgniter\Model->doInsert(Array)
#7 D:\xampp\htdocs\peluit\system\Model.php(620): CodeIgniter\BaseModel->insert(Array, true)
#8 D:\xampp\htdocs\peluit\app\Controllers\Form.php(85): CodeIgniter\Model->insert(Array)
#9 D:\xampp\htdocs\peluit\system\CodeIgniter.php(824): App\Controllers\Form->add_aula()
#10 D:\xampp\htdocs\peluit\system\CodeIgniter.php(410): CodeIgniter\CodeIgniter->runController(Object(App\Controllers\Form))
#11 D:\xampp\htdocs\peluit\system\CodeIgniter.php(318): CodeIgniter\CodeIgniter->handleRequest(NULL, Object(Config\Cache), false)
#12 D:\xampp\htdocs\peluit\index.php(37): CodeIgniter\CodeIgniter->run()
#13 {main}
CRITICAL - 2023-08-09 11:51:31 --> pg_query(): Query failed: ERROR:  value too long for type character varying(10)
#0 [internal function]: CodeIgniter\Debug\Exceptions->errorHandler(2, 'pg_query(): Que...', 'D:\\xampp\\htdocs...', 136, Array)
#1 D:\xampp\htdocs\peluit\system\Database\Postgre\Connection.php(136): pg_query(Resource id #132, 'INSERT INTO "lo...')
#2 D:\xampp\htdocs\peluit\system\Database\BaseConnection.php(670): CodeIgniter\Database\Postgre\Connection->execute('INSERT INTO "lo...')
#3 D:\xampp\htdocs\peluit\system\Database\BaseConnection.php(598): CodeIgniter\Database\BaseConnection->simpleQuery('INSERT INTO "lo...')
#4 D:\xampp\htdocs\peluit\system\Database\BaseBuilder.php(1759): CodeIgniter\Database\BaseConnection->query('INSERT INTO "lo...', Array, false)
#5 D:\xampp\htdocs\peluit\system\Model.php(239): CodeIgniter\Database\BaseBuilder->insert()
#6 D:\xampp\htdocs\peluit\system\BaseModel.php(738): CodeIgniter\Model->doInsert(Array)
#7 D:\xampp\htdocs\peluit\system\Model.php(620): CodeIgniter\BaseModel->insert(Array, true)
#8 D:\xampp\htdocs\peluit\app\Controllers\Form.php(85): CodeIgniter\Model->insert(Array)
#9 D:\xampp\htdocs\peluit\system\CodeIgniter.php(824): App\Controllers\Form->add_aula()
#10 D:\xampp\htdocs\peluit\system\CodeIgniter.php(410): CodeIgniter\CodeIgniter->runController(Object(App\Controllers\Form))
#11 D:\xampp\htdocs\peluit\system\CodeIgniter.php(318): CodeIgniter\CodeIgniter->handleRequest(NULL, Object(Config\Cache), false)
#12 D:\xampp\htdocs\peluit\index.php(37): CodeIgniter\CodeIgniter->run()
#13 {main}
CRITICAL - 2023-08-09 11:51:31 --> Uncaught CodeIgniter\Format\Exceptions\FormatException: Failed to parse json string, error: "Type is not supported". in D:\xampp\htdocs\peluit\system\Format\JSONFormatter.php:41
Stack trace:
#0 D:\xampp\htdocs\peluit\system\Format\JSONFormatter.php(41): CodeIgniter\Format\Exceptions\FormatException::forInvalidJSON('Type is not sup...')
#1 D:\xampp\htdocs\peluit\system\API\ResponseTrait.php(341): CodeIgniter\Format\JSONFormatter->format(Array)
#2 D:\xampp\htdocs\peluit\system\API\ResponseTrait.php(99): CodeIgniter\Debug\Exceptions->format(Array)
#3 D:\xampp\htdocs\peluit\system\Debug\Exceptions.php(110): CodeIgniter\Debug\Exceptions->respond(Array, 500)
#4 [internal function]: CodeIgniter\Debug\Exceptions->exceptionHandler(Object(ErrorException))
#5 {main}
  thrown
#0 [internal function]: CodeIgniter\Debug\Exceptions->shutdownHandler()
#1 {main}
CRITICAL - 2023-08-09 14:39:47 --> Undefined variable: users
#0 D:\xampp\htdocs\peluit\app\Controllers\Form.php(25): CodeIgniter\Debug\Exceptions->errorHandler(8, 'Undefined varia...', 'D:\\xampp\\htdocs...', 25, Array)
#1 D:\xampp\htdocs\peluit\system\CodeIgniter.php(824): App\Controllers\Form->get_tiket()
#2 D:\xampp\htdocs\peluit\system\CodeIgniter.php(410): CodeIgniter\CodeIgniter->runController(Object(App\Controllers\Form))
#3 D:\xampp\htdocs\peluit\system\CodeIgniter.php(318): CodeIgniter\CodeIgniter->handleRequest(NULL, Object(Config\Cache), false)
#4 D:\xampp\htdocs\peluit\index.php(37): CodeIgniter\CodeIgniter->run()
#5 {main}
CRITICAL - 2023-08-09 14:39:47 --> Uncaught CodeIgniter\Format\Exceptions\FormatException: Failed to parse json string, error: "Type is not supported". in D:\xampp\htdocs\peluit\system\Format\JSONFormatter.php:41
Stack trace:
#0 D:\xampp\htdocs\peluit\system\Format\JSONFormatter.php(41): CodeIgniter\Format\Exceptions\FormatException::forInvalidJSON('Type is not sup...')
#1 D:\xampp\htdocs\peluit\system\API\ResponseTrait.php(341): CodeIgniter\Format\JSONFormatter->format(Array)
#2 D:\xampp\htdocs\peluit\system\API\ResponseTrait.php(99): CodeIgniter\Debug\Exceptions->format(Array)
#3 D:\xampp\htdocs\peluit\system\Debug\Exceptions.php(110): CodeIgniter\Debug\Exceptions->respond(Array, 500)
#4 [internal function]: CodeIgniter\Debug\Exceptions->exceptionHandler(Object(ErrorException))
#5 {main}
  thrown
#0 [internal function]: CodeIgniter\Debug\Exceptions->shutdownHandler()
#1 {main}
CRITICAL - 2023-08-09 14:39:51 --> Undefined variable: users
#0 D:\xampp\htdocs\peluit\app\Controllers\Form.php(25): CodeIgniter\Debug\Exceptions->errorHandler(8, 'Undefined varia...', 'D:\\xampp\\htdocs...', 25, Array)
#1 D:\xampp\htdocs\peluit\system\CodeIgniter.php(824): App\Controllers\Form->get_tiket()
#2 D:\xampp\htdocs\peluit\system\CodeIgniter.php(410): CodeIgniter\CodeIgniter->runController(Object(App\Controllers\Form))
#3 D:\xampp\htdocs\peluit\system\CodeIgniter.php(318): CodeIgniter\CodeIgniter->handleRequest(NULL, Object(Config\Cache), false)
#4 D:\xampp\htdocs\peluit\index.php(37): CodeIgniter\CodeIgniter->run()
#5 {main}
CRITICAL - 2023-08-09 14:39:51 --> Uncaught CodeIgniter\Format\Exceptions\FormatException: Failed to parse json string, error: "Type is not supported". in D:\xampp\htdocs\peluit\system\Format\JSONFormatter.php:41
Stack trace:
#0 D:\xampp\htdocs\peluit\system\Format\JSONFormatter.php(41): CodeIgniter\Format\Exceptions\FormatException::forInvalidJSON('Type is not sup...')
#1 D:\xampp\htdocs\peluit\system\API\ResponseTrait.php(341): CodeIgniter\Format\JSONFormatter->format(Array)
#2 D:\xampp\htdocs\peluit\system\API\ResponseTrait.php(99): CodeIgniter\Debug\Exceptions->format(Array)
#3 D:\xampp\htdocs\peluit\system\Debug\Exceptions.php(110): CodeIgniter\Debug\Exceptions->respond(Array, 500)
#4 [internal function]: CodeIgniter\Debug\Exceptions->exceptionHandler(Object(ErrorException))
#5 {main}
  thrown
#0 [internal function]: CodeIgniter\Debug\Exceptions->shutdownHandler()
#1 {main}
CRITICAL - 2023-08-09 14:41:43 --> Undefined variable: users
#0 D:\xampp\htdocs\peluit\app\Controllers\Form.php(25): CodeIgniter\Debug\Exceptions->errorHandler(8, 'Undefined varia...', 'D:\\xampp\\htdocs...', 25, Array)
#1 D:\xampp\htdocs\peluit\system\CodeIgniter.php(824): App\Controllers\Form->get_tiket()
#2 D:\xampp\htdocs\peluit\system\CodeIgniter.php(410): CodeIgniter\CodeIgniter->runController(Object(App\Controllers\Form))
#3 D:\xampp\htdocs\peluit\system\CodeIgniter.php(318): CodeIgniter\CodeIgniter->handleRequest(NULL, Object(Config\Cache), false)
#4 D:\xampp\htdocs\peluit\index.php(37): CodeIgniter\CodeIgniter->run()
#5 {main}
CRITICAL - 2023-08-09 14:41:43 --> Uncaught CodeIgniter\Format\Exceptions\FormatException: Failed to parse json string, error: "Type is not supported". in D:\xampp\htdocs\peluit\system\Format\JSONFormatter.php:41
Stack trace:
#0 D:\xampp\htdocs\peluit\system\Format\JSONFormatter.php(41): CodeIgniter\Format\Exceptions\FormatException::forInvalidJSON('Type is not sup...')
#1 D:\xampp\htdocs\peluit\system\API\ResponseTrait.php(341): CodeIgniter\Format\JSONFormatter->format(Array)
#2 D:\xampp\htdocs\peluit\system\API\ResponseTrait.php(99): CodeIgniter\Debug\Exceptions->format(Array)
#3 D:\xampp\htdocs\peluit\system\Debug\Exceptions.php(110): CodeIgniter\Debug\Exceptions->respond(Array, 500)
#4 [internal function]: CodeIgniter\Debug\Exceptions->exceptionHandler(Object(ErrorException))
#5 {main}
  thrown
#0 [internal function]: CodeIgniter\Debug\Exceptions->shutdownHandler()
#1 {main}
CRITICAL - 2023-08-09 14:42:26 --> Undefined variable: users
#0 D:\xampp\htdocs\peluit\app\Controllers\Form.php(25): CodeIgniter\Debug\Exceptions->errorHandler(8, 'Undefined varia...', 'D:\\xampp\\htdocs...', 25, Array)
#1 D:\xampp\htdocs\peluit\system\CodeIgniter.php(824): App\Controllers\Form->get_tiket()
#2 D:\xampp\htdocs\peluit\system\CodeIgniter.php(410): CodeIgniter\CodeIgniter->runController(Object(App\Controllers\Form))
#3 D:\xampp\htdocs\peluit\system\CodeIgniter.php(318): CodeIgniter\CodeIgniter->handleRequest(NULL, Object(Config\Cache), false)
#4 D:\xampp\htdocs\peluit\index.php(37): CodeIgniter\CodeIgniter->run()
#5 {main}
CRITICAL - 2023-08-09 14:42:26 --> Uncaught CodeIgniter\Format\Exceptions\FormatException: Failed to parse json string, error: "Type is not supported". in D:\xampp\htdocs\peluit\system\Format\JSONFormatter.php:41
Stack trace:
#0 D:\xampp\htdocs\peluit\system\Format\JSONFormatter.php(41): CodeIgniter\Format\Exceptions\FormatException::forInvalidJSON('Type is not sup...')
#1 D:\xampp\htdocs\peluit\system\API\ResponseTrait.php(341): CodeIgniter\Format\JSONFormatter->format(Array)
#2 D:\xampp\htdocs\peluit\system\API\ResponseTrait.php(99): CodeIgniter\Debug\Exceptions->format(Array)
#3 D:\xampp\htdocs\peluit\system\Debug\Exceptions.php(110): CodeIgniter\Debug\Exceptions->respond(Array, 500)
#4 [internal function]: CodeIgniter\Debug\Exceptions->exceptionHandler(Object(ErrorException))
#5 {main}
  thrown
#0 [internal function]: CodeIgniter\Debug\Exceptions->shutdownHandler()
#1 {main}
