CRITICAL - 2023-08-11 10:42:30 --> Invalid argument supplied for foreach()
#0 D:\xampp\htdocs\peluit\app\Controllers\Form.php(513): CodeIgniter\Debug\Exceptions->errorHandler(2, 'Invalid argumen...', 'D:\\xampp\\htdocs...', 513, Array)
#1 D:\xampp\htdocs\peluit\system\CodeIgniter.php(824): App\Controllers\Form->add_jaringan()
#2 D:\xampp\htdocs\peluit\system\CodeIgniter.php(410): CodeIgniter\CodeIgniter->runController(Object(App\Controllers\Form))
#3 D:\xampp\htdocs\peluit\system\CodeIgniter.php(318): CodeIgniter\CodeIgniter->handleRequest(NULL, Object(Config\Cache), false)
#4 D:\xampp\htdocs\peluit\index.php(37): CodeIgniter\CodeIgniter->run()
#5 {main}
CRITICAL - 2023-08-11 10:43:38 --> Invalid argument supplied for foreach()
#0 D:\xampp\htdocs\peluit\app\Controllers\Form.php(513): CodeIgniter\Debug\Exceptions->errorHandler(2, 'Invalid argumen...', 'D:\\xampp\\htdocs...', 513, Array)
#1 D:\xampp\htdocs\peluit\system\CodeIgniter.php(824): App\Controllers\Form->add_jaringan()
#2 D:\xampp\htdocs\peluit\system\CodeIgniter.php(410): CodeIgniter\CodeIgniter->runController(Object(App\Controllers\Form))
#3 D:\xampp\htdocs\peluit\system\CodeIgniter.php(318): CodeIgniter\CodeIgniter->handleRequest(NULL, Object(Config\Cache), false)
#4 D:\xampp\htdocs\peluit\index.php(37): CodeIgniter\CodeIgniter->run()
#5 {main}
CRITICAL - 2023-08-11 10:43:49 --> Invalid argument supplied for foreach()
#0 D:\xampp\htdocs\peluit\app\Controllers\Form.php(513): CodeIgniter\Debug\Exceptions->errorHandler(2, 'Invalid argumen...', 'D:\\xampp\\htdocs...', 513, Array)
#1 D:\xampp\htdocs\peluit\system\CodeIgniter.php(824): App\Controllers\Form->add_jaringan()
#2 D:\xampp\htdocs\peluit\system\CodeIgniter.php(410): CodeIgniter\CodeIgniter->runController(Object(App\Controllers\Form))
#3 D:\xampp\htdocs\peluit\system\CodeIgniter.php(318): CodeIgniter\CodeIgniter->handleRequest(NULL, Object(Config\Cache), false)
#4 D:\xampp\htdocs\peluit\index.php(37): CodeIgniter\CodeIgniter->run()
#5 {main}
ERROR - 2023-08-11 11:08:34 --> ErrorException: pg_query(): Query failed: ERROR:  value too long for type character varying(50) in D:\xampp\htdocs\peluit\system\Database\Postgre\Connection.php:136
Stack trace:
#0 [internal function]: CodeIgniter\Debug\Exceptions->errorHandler(2, 'pg_query(): Que...', 'D:\\xampp\\htdocs...', 136, Array)
#1 D:\xampp\htdocs\peluit\system\Database\Postgre\Connection.php(136): pg_query(Resource id #132, 'INSERT INTO "tb...')
#2 D:\xampp\htdocs\peluit\system\Database\BaseConnection.php(670): CodeIgniter\Database\Postgre\Connection->execute('INSERT INTO "tb...')
#3 D:\xampp\htdocs\peluit\system\Database\BaseConnection.php(598): CodeIgniter\Database\BaseConnection->simpleQuery('INSERT INTO "tb...')
#4 D:\xampp\htdocs\peluit\system\Database\BaseBuilder.php(1759): CodeIgniter\Database\BaseConnection->query('INSERT INTO "tb...', Array, false)
#5 D:\xampp\htdocs\peluit\system\Model.php(239): CodeIgniter\Database\BaseBuilder->insert()
#6 D:\xampp\htdocs\peluit\system\BaseModel.php(738): CodeIgniter\Model->doInsert(Array)
#7 D:\xampp\htdocs\peluit\system\Model.php(620): CodeIgniter\BaseModel->insert(Array, true)
#8 D:\xampp\htdocs\peluit\app\Controllers\Form.php(536): CodeIgniter\Model->insert(Array)
#9 D:\xampp\htdocs\peluit\system\CodeIgniter.php(824): App\Controllers\Form->add_jaringan()
#10 D:\xampp\htdocs\peluit\system\CodeIgniter.php(410): CodeIgniter\CodeIgniter->runController(Object(App\Controllers\Form))
#11 D:\xampp\htdocs\peluit\system\CodeIgniter.php(318): CodeIgniter\CodeIgniter->handleRequest(NULL, Object(Config\Cache), false)
#12 D:\xampp\htdocs\peluit\index.php(37): CodeIgniter\CodeIgniter->run()
#13 {main}
CRITICAL - 2023-08-11 11:08:34 --> pg_query(): Query failed: ERROR:  value too long for type character varying(50)
#0 [internal function]: CodeIgniter\Debug\Exceptions->errorHandler(2, 'pg_query(): Que...', 'D:\\xampp\\htdocs...', 136, Array)
#1 D:\xampp\htdocs\peluit\system\Database\Postgre\Connection.php(136): pg_query(Resource id #132, 'INSERT INTO "tb...')
#2 D:\xampp\htdocs\peluit\system\Database\BaseConnection.php(670): CodeIgniter\Database\Postgre\Connection->execute('INSERT INTO "tb...')
#3 D:\xampp\htdocs\peluit\system\Database\BaseConnection.php(598): CodeIgniter\Database\BaseConnection->simpleQuery('INSERT INTO "tb...')
#4 D:\xampp\htdocs\peluit\system\Database\BaseBuilder.php(1759): CodeIgniter\Database\BaseConnection->query('INSERT INTO "tb...', Array, false)
#5 D:\xampp\htdocs\peluit\system\Model.php(239): CodeIgniter\Database\BaseBuilder->insert()
#6 D:\xampp\htdocs\peluit\system\BaseModel.php(738): CodeIgniter\Model->doInsert(Array)
#7 D:\xampp\htdocs\peluit\system\Model.php(620): CodeIgniter\BaseModel->insert(Array, true)
#8 D:\xampp\htdocs\peluit\app\Controllers\Form.php(536): CodeIgniter\Model->insert(Array)
#9 D:\xampp\htdocs\peluit\system\CodeIgniter.php(824): App\Controllers\Form->add_jaringan()
#10 D:\xampp\htdocs\peluit\system\CodeIgniter.php(410): CodeIgniter\CodeIgniter->runController(Object(App\Controllers\Form))
#11 D:\xampp\htdocs\peluit\system\CodeIgniter.php(318): CodeIgniter\CodeIgniter->handleRequest(NULL, Object(Config\Cache), false)
#12 D:\xampp\htdocs\peluit\index.php(37): CodeIgniter\CodeIgniter->run()
#13 {main}
CRITICAL - 2023-08-11 11:08:34 --> Uncaught CodeIgniter\Format\Exceptions\FormatException: Failed to parse json string, error: "Type is not supported". in D:\xampp\htdocs\peluit\system\Format\JSONFormatter.php:41
Stack trace:
#0 D:\xampp\htdocs\peluit\system\Format\JSONFormatter.php(41): CodeIgniter\Format\Exceptions\FormatException::forInvalidJSON('Type is not sup...')
#1 D:\xampp\htdocs\peluit\system\API\ResponseTrait.php(341): CodeIgniter\Format\JSONFormatter->format(Array)
#2 D:\xampp\htdocs\peluit\system\API\ResponseTrait.php(99): CodeIgniter\Debug\Exceptions->format(Array)
#3 D:\xampp\htdocs\peluit\system\Debug\Exceptions.php(110): CodeIgniter\Debug\Exceptions->respond(Array, 500)
#4 [internal function]: CodeIgniter\Debug\Exceptions->exceptionHandler(Object(ErrorException))
#5 {main}
  thrown
#0 [internal function]: CodeIgniter\Debug\Exceptions->shutdownHandler()
#1 {main}
ERROR - 2023-08-11 11:11:16 --> ErrorException: pg_query(): Query failed: ERROR:  value too long for type character varying(50) in D:\xampp\htdocs\peluit\system\Database\Postgre\Connection.php:136
Stack trace:
#0 [internal function]: CodeIgniter\Debug\Exceptions->errorHandler(2, 'pg_query(): Que...', 'D:\\xampp\\htdocs...', 136, Array)
#1 D:\xampp\htdocs\peluit\system\Database\Postgre\Connection.php(136): pg_query(Resource id #132, 'INSERT INTO "tb...')
#2 D:\xampp\htdocs\peluit\system\Database\BaseConnection.php(670): CodeIgniter\Database\Postgre\Connection->execute('INSERT INTO "tb...')
#3 D:\xampp\htdocs\peluit\system\Database\BaseConnection.php(598): CodeIgniter\Database\BaseConnection->simpleQuery('INSERT INTO "tb...')
#4 D:\xampp\htdocs\peluit\system\Database\BaseBuilder.php(1759): CodeIgniter\Database\BaseConnection->query('INSERT INTO "tb...', Array, false)
#5 D:\xampp\htdocs\peluit\system\Model.php(239): CodeIgniter\Database\BaseBuilder->insert()
#6 D:\xampp\htdocs\peluit\system\BaseModel.php(738): CodeIgniter\Model->doInsert(Array)
#7 D:\xampp\htdocs\peluit\system\Model.php(620): CodeIgniter\BaseModel->insert(Array, true)
#8 D:\xampp\htdocs\peluit\app\Controllers\Form.php(536): CodeIgniter\Model->insert(Array)
#9 D:\xampp\htdocs\peluit\system\CodeIgniter.php(824): App\Controllers\Form->add_jaringan()
#10 D:\xampp\htdocs\peluit\system\CodeIgniter.php(410): CodeIgniter\CodeIgniter->runController(Object(App\Controllers\Form))
#11 D:\xampp\htdocs\peluit\system\CodeIgniter.php(318): CodeIgniter\CodeIgniter->handleRequest(NULL, Object(Config\Cache), false)
#12 D:\xampp\htdocs\peluit\index.php(37): CodeIgniter\CodeIgniter->run()
#13 {main}
CRITICAL - 2023-08-11 11:11:16 --> pg_query(): Query failed: ERROR:  value too long for type character varying(50)
#0 [internal function]: CodeIgniter\Debug\Exceptions->errorHandler(2, 'pg_query(): Que...', 'D:\\xampp\\htdocs...', 136, Array)
#1 D:\xampp\htdocs\peluit\system\Database\Postgre\Connection.php(136): pg_query(Resource id #132, 'INSERT INTO "tb...')
#2 D:\xampp\htdocs\peluit\system\Database\BaseConnection.php(670): CodeIgniter\Database\Postgre\Connection->execute('INSERT INTO "tb...')
#3 D:\xampp\htdocs\peluit\system\Database\BaseConnection.php(598): CodeIgniter\Database\BaseConnection->simpleQuery('INSERT INTO "tb...')
#4 D:\xampp\htdocs\peluit\system\Database\BaseBuilder.php(1759): CodeIgniter\Database\BaseConnection->query('INSERT INTO "tb...', Array, false)
#5 D:\xampp\htdocs\peluit\system\Model.php(239): CodeIgniter\Database\BaseBuilder->insert()
#6 D:\xampp\htdocs\peluit\system\BaseModel.php(738): CodeIgniter\Model->doInsert(Array)
#7 D:\xampp\htdocs\peluit\system\Model.php(620): CodeIgniter\BaseModel->insert(Array, true)
#8 D:\xampp\htdocs\peluit\app\Controllers\Form.php(536): CodeIgniter\Model->insert(Array)
#9 D:\xampp\htdocs\peluit\system\CodeIgniter.php(824): App\Controllers\Form->add_jaringan()
#10 D:\xampp\htdocs\peluit\system\CodeIgniter.php(410): CodeIgniter\CodeIgniter->runController(Object(App\Controllers\Form))
#11 D:\xampp\htdocs\peluit\system\CodeIgniter.php(318): CodeIgniter\CodeIgniter->handleRequest(NULL, Object(Config\Cache), false)
#12 D:\xampp\htdocs\peluit\index.php(37): CodeIgniter\CodeIgniter->run()
#13 {main}
CRITICAL - 2023-08-11 11:11:16 --> Uncaught CodeIgniter\Format\Exceptions\FormatException: Failed to parse json string, error: "Type is not supported". in D:\xampp\htdocs\peluit\system\Format\JSONFormatter.php:41
Stack trace:
#0 D:\xampp\htdocs\peluit\system\Format\JSONFormatter.php(41): CodeIgniter\Format\Exceptions\FormatException::forInvalidJSON('Type is not sup...')
#1 D:\xampp\htdocs\peluit\system\API\ResponseTrait.php(341): CodeIgniter\Format\JSONFormatter->format(Array)
#2 D:\xampp\htdocs\peluit\system\API\ResponseTrait.php(99): CodeIgniter\Debug\Exceptions->format(Array)
#3 D:\xampp\htdocs\peluit\system\Debug\Exceptions.php(110): CodeIgniter\Debug\Exceptions->respond(Array, 500)
#4 [internal function]: CodeIgniter\Debug\Exceptions->exceptionHandler(Object(ErrorException))
#5 {main}
  thrown
#0 [internal function]: CodeIgniter\Debug\Exceptions->shutdownHandler()
#1 {main}
CRITICAL - 2023-08-11 11:12:46 --> finfo_file(D:\xampp\tmp\php2CC0.tmp): failed to open stream: No such file or directory
#0 [internal function]: CodeIgniter\Debug\Exceptions->errorHandler(2, 'finfo_file(D:\\x...', 'D:\\xampp\\htdocs...', 109, Array)
#1 D:\xampp\htdocs\peluit\system\Files\File.php(109): finfo_file(Resource id #154, 'D:\\xampp\\tmp\\ph...')
#2 D:\xampp\htdocs\peluit\system\HTTP\Files\UploadedFile.php(297): CodeIgniter\Files\File->getMimeType()
#3 D:\xampp\htdocs\peluit\app\Controllers\Form.php(528): CodeIgniter\HTTP\Files\UploadedFile->guessExtension()
#4 D:\xampp\htdocs\peluit\system\CodeIgniter.php(824): App\Controllers\Form->add_jaringan()
#5 D:\xampp\htdocs\peluit\system\CodeIgniter.php(410): CodeIgniter\CodeIgniter->runController(Object(App\Controllers\Form))
#6 D:\xampp\htdocs\peluit\system\CodeIgniter.php(318): CodeIgniter\CodeIgniter->handleRequest(NULL, Object(Config\Cache), false)
#7 D:\xampp\htdocs\peluit\index.php(37): CodeIgniter\CodeIgniter->run()
#8 {main}
CRITICAL - 2023-08-11 11:12:46 --> Uncaught CodeIgniter\Format\Exceptions\FormatException: Failed to parse json string, error: "Type is not supported". in D:\xampp\htdocs\peluit\system\Format\JSONFormatter.php:41
Stack trace:
#0 D:\xampp\htdocs\peluit\system\Format\JSONFormatter.php(41): CodeIgniter\Format\Exceptions\FormatException::forInvalidJSON('Type is not sup...')
#1 D:\xampp\htdocs\peluit\system\API\ResponseTrait.php(341): CodeIgniter\Format\JSONFormatter->format(Array)
#2 D:\xampp\htdocs\peluit\system\API\ResponseTrait.php(99): CodeIgniter\Debug\Exceptions->format(Array)
#3 D:\xampp\htdocs\peluit\system\Debug\Exceptions.php(110): CodeIgniter\Debug\Exceptions->respond(Array, 500)
#4 [internal function]: CodeIgniter\Debug\Exceptions->exceptionHandler(Object(ErrorException))
#5 {main}
  thrown
#0 [internal function]: CodeIgniter\Debug\Exceptions->shutdownHandler()
#1 {main}
CRITICAL - 2023-08-11 11:13:29 --> finfo_file(D:\xampp\tmp\phpD18E.tmp): failed to open stream: No such file or directory
#0 [internal function]: CodeIgniter\Debug\Exceptions->errorHandler(2, 'finfo_file(D:\\x...', 'D:\\xampp\\htdocs...', 109, Array)
#1 D:\xampp\htdocs\peluit\system\Files\File.php(109): finfo_file(Resource id #154, 'D:\\xampp\\tmp\\ph...')
#2 D:\xampp\htdocs\peluit\system\HTTP\Files\UploadedFile.php(297): CodeIgniter\Files\File->getMimeType()
#3 D:\xampp\htdocs\peluit\app\Controllers\Form.php(528): CodeIgniter\HTTP\Files\UploadedFile->guessExtension()
#4 D:\xampp\htdocs\peluit\system\CodeIgniter.php(824): App\Controllers\Form->add_jaringan()
#5 D:\xampp\htdocs\peluit\system\CodeIgniter.php(410): CodeIgniter\CodeIgniter->runController(Object(App\Controllers\Form))
#6 D:\xampp\htdocs\peluit\system\CodeIgniter.php(318): CodeIgniter\CodeIgniter->handleRequest(NULL, Object(Config\Cache), false)
#7 D:\xampp\htdocs\peluit\index.php(37): CodeIgniter\CodeIgniter->run()
#8 {main}
CRITICAL - 2023-08-11 11:13:29 --> Uncaught CodeIgniter\Format\Exceptions\FormatException: Failed to parse json string, error: "Type is not supported". in D:\xampp\htdocs\peluit\system\Format\JSONFormatter.php:41
Stack trace:
#0 D:\xampp\htdocs\peluit\system\Format\JSONFormatter.php(41): CodeIgniter\Format\Exceptions\FormatException::forInvalidJSON('Type is not sup...')
#1 D:\xampp\htdocs\peluit\system\API\ResponseTrait.php(341): CodeIgniter\Format\JSONFormatter->format(Array)
#2 D:\xampp\htdocs\peluit\system\API\ResponseTrait.php(99): CodeIgniter\Debug\Exceptions->format(Array)
#3 D:\xampp\htdocs\peluit\system\Debug\Exceptions.php(110): CodeIgniter\Debug\Exceptions->respond(Array, 500)
#4 [internal function]: CodeIgniter\Debug\Exceptions->exceptionHandler(Object(ErrorException))
#5 {main}
  thrown
#0 [internal function]: CodeIgniter\Debug\Exceptions->shutdownHandler()
#1 {main}
CRITICAL - 2023-08-11 11:14:05 --> finfo_file(D:\xampp\tmp\php5DC4.tmp): failed to open stream: No such file or directory
#0 [internal function]: CodeIgniter\Debug\Exceptions->errorHandler(2, 'finfo_file(D:\\x...', 'D:\\xampp\\htdocs...', 109, Array)
#1 D:\xampp\htdocs\peluit\system\Files\File.php(109): finfo_file(Resource id #154, 'D:\\xampp\\tmp\\ph...')
#2 D:\xampp\htdocs\peluit\system\HTTP\Files\UploadedFile.php(297): CodeIgniter\Files\File->getMimeType()
#3 D:\xampp\htdocs\peluit\app\Controllers\Form.php(528): CodeIgniter\HTTP\Files\UploadedFile->guessExtension()
#4 D:\xampp\htdocs\peluit\system\CodeIgniter.php(824): App\Controllers\Form->add_jaringan()
#5 D:\xampp\htdocs\peluit\system\CodeIgniter.php(410): CodeIgniter\CodeIgniter->runController(Object(App\Controllers\Form))
#6 D:\xampp\htdocs\peluit\system\CodeIgniter.php(318): CodeIgniter\CodeIgniter->handleRequest(NULL, Object(Config\Cache), false)
#7 D:\xampp\htdocs\peluit\index.php(37): CodeIgniter\CodeIgniter->run()
#8 {main}
CRITICAL - 2023-08-11 11:14:05 --> Uncaught CodeIgniter\Format\Exceptions\FormatException: Failed to parse json string, error: "Type is not supported". in D:\xampp\htdocs\peluit\system\Format\JSONFormatter.php:41
Stack trace:
#0 D:\xampp\htdocs\peluit\system\Format\JSONFormatter.php(41): CodeIgniter\Format\Exceptions\FormatException::forInvalidJSON('Type is not sup...')
#1 D:\xampp\htdocs\peluit\system\API\ResponseTrait.php(341): CodeIgniter\Format\JSONFormatter->format(Array)
#2 D:\xampp\htdocs\peluit\system\API\ResponseTrait.php(99): CodeIgniter\Debug\Exceptions->format(Array)
#3 D:\xampp\htdocs\peluit\system\Debug\Exceptions.php(110): CodeIgniter\Debug\Exceptions->respond(Array, 500)
#4 [internal function]: CodeIgniter\Debug\Exceptions->exceptionHandler(Object(ErrorException))
#5 {main}
  thrown
#0 [internal function]: CodeIgniter\Debug\Exceptions->shutdownHandler()
#1 {main}
CRITICAL - 2023-08-11 11:14:38 --> finfo_file(D:\xampp\tmp\phpDF2C.tmp): failed to open stream: No such file or directory
#0 [internal function]: CodeIgniter\Debug\Exceptions->errorHandler(2, 'finfo_file(D:\\x...', 'D:\\xampp\\htdocs...', 109, Array)
#1 D:\xampp\htdocs\peluit\system\Files\File.php(109): finfo_file(Resource id #154, 'D:\\xampp\\tmp\\ph...')
#2 D:\xampp\htdocs\peluit\system\HTTP\Files\UploadedFile.php(297): CodeIgniter\Files\File->getMimeType()
#3 D:\xampp\htdocs\peluit\app\Controllers\Form.php(528): CodeIgniter\HTTP\Files\UploadedFile->guessExtension()
#4 D:\xampp\htdocs\peluit\system\CodeIgniter.php(824): App\Controllers\Form->add_jaringan()
#5 D:\xampp\htdocs\peluit\system\CodeIgniter.php(410): CodeIgniter\CodeIgniter->runController(Object(App\Controllers\Form))
#6 D:\xampp\htdocs\peluit\system\CodeIgniter.php(318): CodeIgniter\CodeIgniter->handleRequest(NULL, Object(Config\Cache), false)
#7 D:\xampp\htdocs\peluit\index.php(37): CodeIgniter\CodeIgniter->run()
#8 {main}
CRITICAL - 2023-08-11 11:14:38 --> Uncaught CodeIgniter\Format\Exceptions\FormatException: Failed to parse json string, error: "Type is not supported". in D:\xampp\htdocs\peluit\system\Format\JSONFormatter.php:41
Stack trace:
#0 D:\xampp\htdocs\peluit\system\Format\JSONFormatter.php(41): CodeIgniter\Format\Exceptions\FormatException::forInvalidJSON('Type is not sup...')
#1 D:\xampp\htdocs\peluit\system\API\ResponseTrait.php(341): CodeIgniter\Format\JSONFormatter->format(Array)
#2 D:\xampp\htdocs\peluit\system\API\ResponseTrait.php(99): CodeIgniter\Debug\Exceptions->format(Array)
#3 D:\xampp\htdocs\peluit\system\Debug\Exceptions.php(110): CodeIgniter\Debug\Exceptions->respond(Array, 500)
#4 [internal function]: CodeIgniter\Debug\Exceptions->exceptionHandler(Object(ErrorException))
#5 {main}
  thrown
#0 [internal function]: CodeIgniter\Debug\Exceptions->shutdownHandler()
#1 {main}
CRITICAL - 2023-08-11 11:15:14 --> finfo_file(D:\xampp\tmp\php6EAD.tmp): failed to open stream: No such file or directory
#0 [internal function]: CodeIgniter\Debug\Exceptions->errorHandler(2, 'finfo_file(D:\\x...', 'D:\\xampp\\htdocs...', 109, Array)
#1 D:\xampp\htdocs\peluit\system\Files\File.php(109): finfo_file(Resource id #154, 'D:\\xampp\\tmp\\ph...')
#2 D:\xampp\htdocs\peluit\system\HTTP\Files\UploadedFile.php(297): CodeIgniter\Files\File->getMimeType()
#3 D:\xampp\htdocs\peluit\app\Controllers\Form.php(528): CodeIgniter\HTTP\Files\UploadedFile->guessExtension()
#4 D:\xampp\htdocs\peluit\system\CodeIgniter.php(824): App\Controllers\Form->add_jaringan()
#5 D:\xampp\htdocs\peluit\system\CodeIgniter.php(410): CodeIgniter\CodeIgniter->runController(Object(App\Controllers\Form))
#6 D:\xampp\htdocs\peluit\system\CodeIgniter.php(318): CodeIgniter\CodeIgniter->handleRequest(NULL, Object(Config\Cache), false)
#7 D:\xampp\htdocs\peluit\index.php(37): CodeIgniter\CodeIgniter->run()
#8 {main}
CRITICAL - 2023-08-11 11:15:14 --> Uncaught CodeIgniter\Format\Exceptions\FormatException: Failed to parse json string, error: "Type is not supported". in D:\xampp\htdocs\peluit\system\Format\JSONFormatter.php:41
Stack trace:
#0 D:\xampp\htdocs\peluit\system\Format\JSONFormatter.php(41): CodeIgniter\Format\Exceptions\FormatException::forInvalidJSON('Type is not sup...')
#1 D:\xampp\htdocs\peluit\system\API\ResponseTrait.php(341): CodeIgniter\Format\JSONFormatter->format(Array)
#2 D:\xampp\htdocs\peluit\system\API\ResponseTrait.php(99): CodeIgniter\Debug\Exceptions->format(Array)
#3 D:\xampp\htdocs\peluit\system\Debug\Exceptions.php(110): CodeIgniter\Debug\Exceptions->respond(Array, 500)
#4 [internal function]: CodeIgniter\Debug\Exceptions->exceptionHandler(Object(ErrorException))
#5 {main}
  thrown
#0 [internal function]: CodeIgniter\Debug\Exceptions->shutdownHandler()
#1 {main}
CRITICAL - 2023-08-11 11:15:39 --> Undefined variable: test
#0 D:\xampp\htdocs\peluit\app\Controllers\Form.php(556): CodeIgniter\Debug\Exceptions->errorHandler(8, 'Undefined varia...', 'D:\\xampp\\htdocs...', 556, Array)
#1 D:\xampp\htdocs\peluit\system\CodeIgniter.php(824): App\Controllers\Form->add_jaringan()
#2 D:\xampp\htdocs\peluit\system\CodeIgniter.php(410): CodeIgniter\CodeIgniter->runController(Object(App\Controllers\Form))
#3 D:\xampp\htdocs\peluit\system\CodeIgniter.php(318): CodeIgniter\CodeIgniter->handleRequest(NULL, Object(Config\Cache), false)
#4 D:\xampp\htdocs\peluit\index.php(37): CodeIgniter\CodeIgniter->run()
#5 {main}
CRITICAL - 2023-08-11 11:18:21 --> finfo_file(D:\xampp\tmp\php47E2.tmp): failed to open stream: No such file or directory
#0 [internal function]: CodeIgniter\Debug\Exceptions->errorHandler(2, 'finfo_file(D:\\x...', 'D:\\xampp\\htdocs...', 109, Array)
#1 D:\xampp\htdocs\peluit\system\Files\File.php(109): finfo_file(Resource id #154, 'D:\\xampp\\tmp\\ph...')
#2 D:\xampp\htdocs\peluit\system\HTTP\Files\UploadedFile.php(297): CodeIgniter\Files\File->getMimeType()
#3 D:\xampp\htdocs\peluit\app\Controllers\Form.php(528): CodeIgniter\HTTP\Files\UploadedFile->guessExtension()
#4 D:\xampp\htdocs\peluit\system\CodeIgniter.php(824): App\Controllers\Form->add_jaringan()
#5 D:\xampp\htdocs\peluit\system\CodeIgniter.php(410): CodeIgniter\CodeIgniter->runController(Object(App\Controllers\Form))
#6 D:\xampp\htdocs\peluit\system\CodeIgniter.php(318): CodeIgniter\CodeIgniter->handleRequest(NULL, Object(Config\Cache), false)
#7 D:\xampp\htdocs\peluit\index.php(37): CodeIgniter\CodeIgniter->run()
#8 {main}
CRITICAL - 2023-08-11 11:18:21 --> Uncaught CodeIgniter\Format\Exceptions\FormatException: Failed to parse json string, error: "Type is not supported". in D:\xampp\htdocs\peluit\system\Format\JSONFormatter.php:41
Stack trace:
#0 D:\xampp\htdocs\peluit\system\Format\JSONFormatter.php(41): CodeIgniter\Format\Exceptions\FormatException::forInvalidJSON('Type is not sup...')
#1 D:\xampp\htdocs\peluit\system\API\ResponseTrait.php(341): CodeIgniter\Format\JSONFormatter->format(Array)
#2 D:\xampp\htdocs\peluit\system\API\ResponseTrait.php(99): CodeIgniter\Debug\Exceptions->format(Array)
#3 D:\xampp\htdocs\peluit\system\Debug\Exceptions.php(110): CodeIgniter\Debug\Exceptions->respond(Array, 500)
#4 [internal function]: CodeIgniter\Debug\Exceptions->exceptionHandler(Object(ErrorException))
#5 {main}
  thrown
#0 [internal function]: CodeIgniter\Debug\Exceptions->shutdownHandler()
#1 {main}
ERROR - 2023-08-11 11:20:45 --> ErrorException: pg_query(): Query failed: ERROR:  value too long for type character varying(50) in D:\xampp\htdocs\peluit\system\Database\Postgre\Connection.php:136
Stack trace:
#0 [internal function]: CodeIgniter\Debug\Exceptions->errorHandler(2, 'pg_query(): Que...', 'D:\\xampp\\htdocs...', 136, Array)
#1 D:\xampp\htdocs\peluit\system\Database\Postgre\Connection.php(136): pg_query(Resource id #132, 'INSERT INTO "tb...')
#2 D:\xampp\htdocs\peluit\system\Database\BaseConnection.php(670): CodeIgniter\Database\Postgre\Connection->execute('INSERT INTO "tb...')
#3 D:\xampp\htdocs\peluit\system\Database\BaseConnection.php(598): CodeIgniter\Database\BaseConnection->simpleQuery('INSERT INTO "tb...')
#4 D:\xampp\htdocs\peluit\system\Database\BaseBuilder.php(1759): CodeIgniter\Database\BaseConnection->query('INSERT INTO "tb...', Array, false)
#5 D:\xampp\htdocs\peluit\system\Model.php(239): CodeIgniter\Database\BaseBuilder->insert()
#6 D:\xampp\htdocs\peluit\system\BaseModel.php(738): CodeIgniter\Model->doInsert(Array)
#7 D:\xampp\htdocs\peluit\system\Model.php(620): CodeIgniter\BaseModel->insert(Array, true)
#8 D:\xampp\htdocs\peluit\app\Controllers\Form.php(537): CodeIgniter\Model->insert(Array)
#9 D:\xampp\htdocs\peluit\system\CodeIgniter.php(824): App\Controllers\Form->add_jaringan()
#10 D:\xampp\htdocs\peluit\system\CodeIgniter.php(410): CodeIgniter\CodeIgniter->runController(Object(App\Controllers\Form))
#11 D:\xampp\htdocs\peluit\system\CodeIgniter.php(318): CodeIgniter\CodeIgniter->handleRequest(NULL, Object(Config\Cache), false)
#12 D:\xampp\htdocs\peluit\index.php(37): CodeIgniter\CodeIgniter->run()
#13 {main}
CRITICAL - 2023-08-11 11:20:45 --> pg_query(): Query failed: ERROR:  value too long for type character varying(50)
#0 [internal function]: CodeIgniter\Debug\Exceptions->errorHandler(2, 'pg_query(): Que...', 'D:\\xampp\\htdocs...', 136, Array)
#1 D:\xampp\htdocs\peluit\system\Database\Postgre\Connection.php(136): pg_query(Resource id #132, 'INSERT INTO "tb...')
#2 D:\xampp\htdocs\peluit\system\Database\BaseConnection.php(670): CodeIgniter\Database\Postgre\Connection->execute('INSERT INTO "tb...')
#3 D:\xampp\htdocs\peluit\system\Database\BaseConnection.php(598): CodeIgniter\Database\BaseConnection->simpleQuery('INSERT INTO "tb...')
#4 D:\xampp\htdocs\peluit\system\Database\BaseBuilder.php(1759): CodeIgniter\Database\BaseConnection->query('INSERT INTO "tb...', Array, false)
#5 D:\xampp\htdocs\peluit\system\Model.php(239): CodeIgniter\Database\BaseBuilder->insert()
#6 D:\xampp\htdocs\peluit\system\BaseModel.php(738): CodeIgniter\Model->doInsert(Array)
#7 D:\xampp\htdocs\peluit\system\Model.php(620): CodeIgniter\BaseModel->insert(Array, true)
#8 D:\xampp\htdocs\peluit\app\Controllers\Form.php(537): CodeIgniter\Model->insert(Array)
#9 D:\xampp\htdocs\peluit\system\CodeIgniter.php(824): App\Controllers\Form->add_jaringan()
#10 D:\xampp\htdocs\peluit\system\CodeIgniter.php(410): CodeIgniter\CodeIgniter->runController(Object(App\Controllers\Form))
#11 D:\xampp\htdocs\peluit\system\CodeIgniter.php(318): CodeIgniter\CodeIgniter->handleRequest(NULL, Object(Config\Cache), false)
#12 D:\xampp\htdocs\peluit\index.php(37): CodeIgniter\CodeIgniter->run()
#13 {main}
CRITICAL - 2023-08-11 11:20:45 --> Uncaught CodeIgniter\Format\Exceptions\FormatException: Failed to parse json string, error: "Type is not supported". in D:\xampp\htdocs\peluit\system\Format\JSONFormatter.php:41
Stack trace:
#0 D:\xampp\htdocs\peluit\system\Format\JSONFormatter.php(41): CodeIgniter\Format\Exceptions\FormatException::forInvalidJSON('Type is not sup...')
#1 D:\xampp\htdocs\peluit\system\API\ResponseTrait.php(341): CodeIgniter\Format\JSONFormatter->format(Array)
#2 D:\xampp\htdocs\peluit\system\API\ResponseTrait.php(99): CodeIgniter\Debug\Exceptions->format(Array)
#3 D:\xampp\htdocs\peluit\system\Debug\Exceptions.php(110): CodeIgniter\Debug\Exceptions->respond(Array, 500)
#4 [internal function]: CodeIgniter\Debug\Exceptions->exceptionHandler(Object(ErrorException))
#5 {main}
  thrown
#0 [internal function]: CodeIgniter\Debug\Exceptions->shutdownHandler()
#1 {main}
ERROR - 2023-08-11 11:21:16 --> ErrorException: pg_query(): Query failed: ERROR:  value too long for type character varying(50) in D:\xampp\htdocs\peluit\system\Database\Postgre\Connection.php:136
Stack trace:
#0 [internal function]: CodeIgniter\Debug\Exceptions->errorHandler(2, 'pg_query(): Que...', 'D:\\xampp\\htdocs...', 136, Array)
#1 D:\xampp\htdocs\peluit\system\Database\Postgre\Connection.php(136): pg_query(Resource id #132, 'INSERT INTO "tb...')
#2 D:\xampp\htdocs\peluit\system\Database\BaseConnection.php(670): CodeIgniter\Database\Postgre\Connection->execute('INSERT INTO "tb...')
#3 D:\xampp\htdocs\peluit\system\Database\BaseConnection.php(598): CodeIgniter\Database\BaseConnection->simpleQuery('INSERT INTO "tb...')
#4 D:\xampp\htdocs\peluit\system\Database\BaseBuilder.php(1759): CodeIgniter\Database\BaseConnection->query('INSERT INTO "tb...', Array, false)
#5 D:\xampp\htdocs\peluit\system\Model.php(239): CodeIgniter\Database\BaseBuilder->insert()
#6 D:\xampp\htdocs\peluit\system\BaseModel.php(738): CodeIgniter\Model->doInsert(Array)
#7 D:\xampp\htdocs\peluit\system\Model.php(620): CodeIgniter\BaseModel->insert(Array, true)
#8 D:\xampp\htdocs\peluit\app\Controllers\Form.php(537): CodeIgniter\Model->insert(Array)
#9 D:\xampp\htdocs\peluit\system\CodeIgniter.php(824): App\Controllers\Form->add_jaringan()
#10 D:\xampp\htdocs\peluit\system\CodeIgniter.php(410): CodeIgniter\CodeIgniter->runController(Object(App\Controllers\Form))
#11 D:\xampp\htdocs\peluit\system\CodeIgniter.php(318): CodeIgniter\CodeIgniter->handleRequest(NULL, Object(Config\Cache), false)
#12 D:\xampp\htdocs\peluit\index.php(37): CodeIgniter\CodeIgniter->run()
#13 {main}
CRITICAL - 2023-08-11 11:21:16 --> pg_query(): Query failed: ERROR:  value too long for type character varying(50)
#0 [internal function]: CodeIgniter\Debug\Exceptions->errorHandler(2, 'pg_query(): Que...', 'D:\\xampp\\htdocs...', 136, Array)
#1 D:\xampp\htdocs\peluit\system\Database\Postgre\Connection.php(136): pg_query(Resource id #132, 'INSERT INTO "tb...')
#2 D:\xampp\htdocs\peluit\system\Database\BaseConnection.php(670): CodeIgniter\Database\Postgre\Connection->execute('INSERT INTO "tb...')
#3 D:\xampp\htdocs\peluit\system\Database\BaseConnection.php(598): CodeIgniter\Database\BaseConnection->simpleQuery('INSERT INTO "tb...')
#4 D:\xampp\htdocs\peluit\system\Database\BaseBuilder.php(1759): CodeIgniter\Database\BaseConnection->query('INSERT INTO "tb...', Array, false)
#5 D:\xampp\htdocs\peluit\system\Model.php(239): CodeIgniter\Database\BaseBuilder->insert()
#6 D:\xampp\htdocs\peluit\system\BaseModel.php(738): CodeIgniter\Model->doInsert(Array)
#7 D:\xampp\htdocs\peluit\system\Model.php(620): CodeIgniter\BaseModel->insert(Array, true)
#8 D:\xampp\htdocs\peluit\app\Controllers\Form.php(537): CodeIgniter\Model->insert(Array)
#9 D:\xampp\htdocs\peluit\system\CodeIgniter.php(824): App\Controllers\Form->add_jaringan()
#10 D:\xampp\htdocs\peluit\system\CodeIgniter.php(410): CodeIgniter\CodeIgniter->runController(Object(App\Controllers\Form))
#11 D:\xampp\htdocs\peluit\system\CodeIgniter.php(318): CodeIgniter\CodeIgniter->handleRequest(NULL, Object(Config\Cache), false)
#12 D:\xampp\htdocs\peluit\index.php(37): CodeIgniter\CodeIgniter->run()
#13 {main}
CRITICAL - 2023-08-11 11:21:16 --> Uncaught CodeIgniter\Format\Exceptions\FormatException: Failed to parse json string, error: "Type is not supported". in D:\xampp\htdocs\peluit\system\Format\JSONFormatter.php:41
Stack trace:
#0 D:\xampp\htdocs\peluit\system\Format\JSONFormatter.php(41): CodeIgniter\Format\Exceptions\FormatException::forInvalidJSON('Type is not sup...')
#1 D:\xampp\htdocs\peluit\system\API\ResponseTrait.php(341): CodeIgniter\Format\JSONFormatter->format(Array)
#2 D:\xampp\htdocs\peluit\system\API\ResponseTrait.php(99): CodeIgniter\Debug\Exceptions->format(Array)
#3 D:\xampp\htdocs\peluit\system\Debug\Exceptions.php(110): CodeIgniter\Debug\Exceptions->respond(Array, 500)
#4 [internal function]: CodeIgniter\Debug\Exceptions->exceptionHandler(Object(ErrorException))
#5 {main}
  thrown
#0 [internal function]: CodeIgniter\Debug\Exceptions->shutdownHandler()
#1 {main}
ERROR - 2023-08-11 11:21:34 --> ErrorException: pg_query(): Query failed: ERROR:  insert or update on table &quot;tb_tiket_jaringan_foto&quot; violates foreign key constraint &quot;tb_tiket_jaringan_foto_id_pelayanan_jaringan_fkey&quot;
DETAIL:  Key (id_pelayanan_jaringan)=(33) is not present in table &quot;tb_tiket_jaringan&quot;. in D:\xampp\htdocs\peluit\system\Database\Postgre\Connection.php:136
Stack trace:
#0 [internal function]: CodeIgniter\Debug\Exceptions->errorHandler(2, 'pg_query(): Que...', 'D:\\xampp\\htdocs...', 136, Array)
#1 D:\xampp\htdocs\peluit\system\Database\Postgre\Connection.php(136): pg_query(Resource id #132, 'INSERT INTO "tb...')
#2 D:\xampp\htdocs\peluit\system\Database\BaseConnection.php(670): CodeIgniter\Database\Postgre\Connection->execute('INSERT INTO "tb...')
#3 D:\xampp\htdocs\peluit\system\Database\BaseConnection.php(598): CodeIgniter\Database\BaseConnection->simpleQuery('INSERT INTO "tb...')
#4 D:\xampp\htdocs\peluit\system\Database\BaseBuilder.php(1759): CodeIgniter\Database\BaseConnection->query('INSERT INTO "tb...', Array, false)
#5 D:\xampp\htdocs\peluit\system\Model.php(239): CodeIgniter\Database\BaseBuilder->insert()
#6 D:\xampp\htdocs\peluit\system\BaseModel.php(738): CodeIgniter\Model->doInsert(Array)
#7 D:\xampp\htdocs\peluit\system\Model.php(620): CodeIgniter\BaseModel->insert(Array, true)
#8 D:\xampp\htdocs\peluit\app\Controllers\Form.php(537): CodeIgniter\Model->insert(Array)
#9 D:\xampp\htdocs\peluit\system\CodeIgniter.php(824): App\Controllers\Form->add_jaringan()
#10 D:\xampp\htdocs\peluit\system\CodeIgniter.php(410): CodeIgniter\CodeIgniter->runController(Object(App\Controllers\Form))
#11 D:\xampp\htdocs\peluit\system\CodeIgniter.php(318): CodeIgniter\CodeIgniter->handleRequest(NULL, Object(Config\Cache), false)
#12 D:\xampp\htdocs\peluit\index.php(37): CodeIgniter\CodeIgniter->run()
#13 {main}
CRITICAL - 2023-08-11 11:21:34 --> pg_query(): Query failed: ERROR:  insert or update on table &quot;tb_tiket_jaringan_foto&quot; violates foreign key constraint &quot;tb_tiket_jaringan_foto_id_pelayanan_jaringan_fkey&quot;
DETAIL:  Key (id_pelayanan_jaringan)=(33) is not present in table &quot;tb_tiket_jaringan&quot;.
#0 [internal function]: CodeIgniter\Debug\Exceptions->errorHandler(2, 'pg_query(): Que...', 'D:\\xampp\\htdocs...', 136, Array)
#1 D:\xampp\htdocs\peluit\system\Database\Postgre\Connection.php(136): pg_query(Resource id #132, 'INSERT INTO "tb...')
#2 D:\xampp\htdocs\peluit\system\Database\BaseConnection.php(670): CodeIgniter\Database\Postgre\Connection->execute('INSERT INTO "tb...')
#3 D:\xampp\htdocs\peluit\system\Database\BaseConnection.php(598): CodeIgniter\Database\BaseConnection->simpleQuery('INSERT INTO "tb...')
#4 D:\xampp\htdocs\peluit\system\Database\BaseBuilder.php(1759): CodeIgniter\Database\BaseConnection->query('INSERT INTO "tb...', Array, false)
#5 D:\xampp\htdocs\peluit\system\Model.php(239): CodeIgniter\Database\BaseBuilder->insert()
#6 D:\xampp\htdocs\peluit\system\BaseModel.php(738): CodeIgniter\Model->doInsert(Array)
#7 D:\xampp\htdocs\peluit\system\Model.php(620): CodeIgniter\BaseModel->insert(Array, true)
#8 D:\xampp\htdocs\peluit\app\Controllers\Form.php(537): CodeIgniter\Model->insert(Array)
#9 D:\xampp\htdocs\peluit\system\CodeIgniter.php(824): App\Controllers\Form->add_jaringan()
#10 D:\xampp\htdocs\peluit\system\CodeIgniter.php(410): CodeIgniter\CodeIgniter->runController(Object(App\Controllers\Form))
#11 D:\xampp\htdocs\peluit\system\CodeIgniter.php(318): CodeIgniter\CodeIgniter->handleRequest(NULL, Object(Config\Cache), false)
#12 D:\xampp\htdocs\peluit\index.php(37): CodeIgniter\CodeIgniter->run()
#13 {main}
CRITICAL - 2023-08-11 11:21:34 --> Uncaught CodeIgniter\Format\Exceptions\FormatException: Failed to parse json string, error: "Type is not supported". in D:\xampp\htdocs\peluit\system\Format\JSONFormatter.php:41
Stack trace:
#0 D:\xampp\htdocs\peluit\system\Format\JSONFormatter.php(41): CodeIgniter\Format\Exceptions\FormatException::forInvalidJSON('Type is not sup...')
#1 D:\xampp\htdocs\peluit\system\API\ResponseTrait.php(341): CodeIgniter\Format\JSONFormatter->format(Array)
#2 D:\xampp\htdocs\peluit\system\API\ResponseTrait.php(99): CodeIgniter\Debug\Exceptions->format(Array)
#3 D:\xampp\htdocs\peluit\system\Debug\Exceptions.php(110): CodeIgniter\Debug\Exceptions->respond(Array, 500)
#4 [internal function]: CodeIgniter\Debug\Exceptions->exceptionHandler(Object(ErrorException))
#5 {main}
  thrown
#0 [internal function]: CodeIgniter\Debug\Exceptions->shutdownHandler()
#1 {main}
CRITICAL - 2023-08-11 11:23:31 --> Array to string conversion
#0 D:\xampp\htdocs\peluit\app\Controllers\Form.php(538): CodeIgniter\Debug\Exceptions->errorHandler(8, 'Array to string...', 'D:\\xampp\\htdocs...', 538, Array)
#1 D:\xampp\htdocs\peluit\system\CodeIgniter.php(824): App\Controllers\Form->add_jaringan()
#2 D:\xampp\htdocs\peluit\system\CodeIgniter.php(410): CodeIgniter\CodeIgniter->runController(Object(App\Controllers\Form))
#3 D:\xampp\htdocs\peluit\system\CodeIgniter.php(318): CodeIgniter\CodeIgniter->handleRequest(NULL, Object(Config\Cache), false)
#4 D:\xampp\htdocs\peluit\index.php(37): CodeIgniter\CodeIgniter->run()
#5 {main}
