ERROR - 2023-07-06 13:21:09 --> ErrorException: pg_query(): Query failed: ERROR:  column &quot;id_role&quot; does not exist
LINE 3: WHERE &quot;id_role&quot; = 0
              ^
HINT:  Perhaps you meant to reference the column &quot;ssuser.id_opd&quot;. in D:\xampp\htdocs\peluit\system\Database\Postgre\Connection.php:136
Stack trace:
#0 [internal function]: CodeIgniter\Debug\Exceptions->errorHandler(2, 'pg_query(): Que...', 'D:\\xampp\\htdocs...', 136, Array)
#1 D:\xampp\htdocs\peluit\system\Database\Postgre\Connection.php(136): pg_query(Resource id #131, 'SELECT *\nFROM "...')
#2 D:\xampp\htdocs\peluit\system\Database\BaseConnection.php(670): CodeIgniter\Database\Postgre\Connection->execute('SELECT *\nFROM "...')
#3 D:\xampp\htdocs\peluit\system\Database\BaseConnection.php(598): CodeIgniter\Database\BaseConnection->simpleQuery('SELECT *\nFROM "...')
#4 D:\xampp\htdocs\peluit\system\Database\BaseBuilder.php(1443): CodeIgniter\Database\BaseConnection->query('SELECT *\nFROM "...', Array, false)
#5 D:\xampp\htdocs\peluit\system\Model.php(183): CodeIgniter\Database\BaseBuilder->get()
#6 D:\xampp\htdocs\peluit\system\BaseModel.php(584): CodeIgniter\Model->doFindAll(0, 0)
#7 D:\xampp\htdocs\peluit\app\Controllers\Admin.php(47): CodeIgniter\BaseModel->findAll()
#8 D:\xampp\htdocs\peluit\system\CodeIgniter.php(824): App\Controllers\Admin->get_pengguna_admin_page()
#9 D:\xampp\htdocs\peluit\system\CodeIgniter.php(410): CodeIgniter\CodeIgniter->runController(Object(App\Controllers\Admin))
#10 D:\xampp\htdocs\peluit\system\CodeIgniter.php(318): CodeIgniter\CodeIgniter->handleRequest(NULL, Object(Config\Cache), false)
#11 D:\xampp\htdocs\peluit\index.php(37): CodeIgniter\CodeIgniter->run()
#12 {main}
CRITICAL - 2023-07-06 13:21:09 --> pg_query(): Query failed: ERROR:  column &quot;id_role&quot; does not exist
LINE 3: WHERE &quot;id_role&quot; = 0
              ^
HINT:  Perhaps you meant to reference the column &quot;ssuser.id_opd&quot;.
#0 [internal function]: CodeIgniter\Debug\Exceptions->errorHandler(2, 'pg_query(): Que...', 'D:\\xampp\\htdocs...', 136, Array)
#1 D:\xampp\htdocs\peluit\system\Database\Postgre\Connection.php(136): pg_query(Resource id #131, 'SELECT *\nFROM "...')
#2 D:\xampp\htdocs\peluit\system\Database\BaseConnection.php(670): CodeIgniter\Database\Postgre\Connection->execute('SELECT *\nFROM "...')
#3 D:\xampp\htdocs\peluit\system\Database\BaseConnection.php(598): CodeIgniter\Database\BaseConnection->simpleQuery('SELECT *\nFROM "...')
#4 D:\xampp\htdocs\peluit\system\Database\BaseBuilder.php(1443): CodeIgniter\Database\BaseConnection->query('SELECT *\nFROM "...', Array, false)
#5 D:\xampp\htdocs\peluit\system\Model.php(183): CodeIgniter\Database\BaseBuilder->get()
#6 D:\xampp\htdocs\peluit\system\BaseModel.php(584): CodeIgniter\Model->doFindAll(0, 0)
#7 D:\xampp\htdocs\peluit\app\Controllers\Admin.php(47): CodeIgniter\BaseModel->findAll()
#8 D:\xampp\htdocs\peluit\system\CodeIgniter.php(824): App\Controllers\Admin->get_pengguna_admin_page()
#9 D:\xampp\htdocs\peluit\system\CodeIgniter.php(410): CodeIgniter\CodeIgniter->runController(Object(App\Controllers\Admin))
#10 D:\xampp\htdocs\peluit\system\CodeIgniter.php(318): CodeIgniter\CodeIgniter->handleRequest(NULL, Object(Config\Cache), false)
#11 D:\xampp\htdocs\peluit\index.php(37): CodeIgniter\CodeIgniter->run()
#12 {main}
CRITICAL - 2023-07-06 13:21:09 --> Uncaught CodeIgniter\Format\Exceptions\FormatException: Failed to parse json string, error: "Type is not supported". in D:\xampp\htdocs\peluit\system\Format\JSONFormatter.php:41
Stack trace:
#0 D:\xampp\htdocs\peluit\system\Format\JSONFormatter.php(41): CodeIgniter\Format\Exceptions\FormatException::forInvalidJSON('Type is not sup...')
#1 D:\xampp\htdocs\peluit\system\API\ResponseTrait.php(341): CodeIgniter\Format\JSONFormatter->format(Array)
#2 D:\xampp\htdocs\peluit\system\API\ResponseTrait.php(99): CodeIgniter\Debug\Exceptions->format(Array)
#3 D:\xampp\htdocs\peluit\system\Debug\Exceptions.php(110): CodeIgniter\Debug\Exceptions->respond(Array, 500)
#4 [internal function]: CodeIgniter\Debug\Exceptions->exceptionHandler(Object(ErrorException))
#5 {main}
  thrown
#0 [internal function]: CodeIgniter\Debug\Exceptions->shutdownHandler()
#1 {main}
ERROR - 2023-07-06 13:21:10 --> ErrorException: pg_query(): Query failed: ERROR:  column &quot;id_role&quot; does not exist
LINE 3: WHERE &quot;id_role&quot; = 0
              ^
HINT:  Perhaps you meant to reference the column &quot;ssuser.id_opd&quot;. in D:\xampp\htdocs\peluit\system\Database\Postgre\Connection.php:136
Stack trace:
#0 [internal function]: CodeIgniter\Debug\Exceptions->errorHandler(2, 'pg_query(): Que...', 'D:\\xampp\\htdocs...', 136, Array)
#1 D:\xampp\htdocs\peluit\system\Database\Postgre\Connection.php(136): pg_query(Resource id #131, 'SELECT *\nFROM "...')
#2 D:\xampp\htdocs\peluit\system\Database\BaseConnection.php(670): CodeIgniter\Database\Postgre\Connection->execute('SELECT *\nFROM "...')
#3 D:\xampp\htdocs\peluit\system\Database\BaseConnection.php(598): CodeIgniter\Database\BaseConnection->simpleQuery('SELECT *\nFROM "...')
#4 D:\xampp\htdocs\peluit\system\Database\BaseBuilder.php(1443): CodeIgniter\Database\BaseConnection->query('SELECT *\nFROM "...', Array, false)
#5 D:\xampp\htdocs\peluit\system\Model.php(183): CodeIgniter\Database\BaseBuilder->get()
#6 D:\xampp\htdocs\peluit\system\BaseModel.php(584): CodeIgniter\Model->doFindAll(0, 0)
#7 D:\xampp\htdocs\peluit\app\Controllers\Admin.php(47): CodeIgniter\BaseModel->findAll()
#8 D:\xampp\htdocs\peluit\system\CodeIgniter.php(824): App\Controllers\Admin->get_pengguna_admin_page()
#9 D:\xampp\htdocs\peluit\system\CodeIgniter.php(410): CodeIgniter\CodeIgniter->runController(Object(App\Controllers\Admin))
#10 D:\xampp\htdocs\peluit\system\CodeIgniter.php(318): CodeIgniter\CodeIgniter->handleRequest(NULL, Object(Config\Cache), false)
#11 D:\xampp\htdocs\peluit\index.php(37): CodeIgniter\CodeIgniter->run()
#12 {main}
CRITICAL - 2023-07-06 13:21:10 --> pg_query(): Query failed: ERROR:  column &quot;id_role&quot; does not exist
LINE 3: WHERE &quot;id_role&quot; = 0
              ^
HINT:  Perhaps you meant to reference the column &quot;ssuser.id_opd&quot;.
#0 [internal function]: CodeIgniter\Debug\Exceptions->errorHandler(2, 'pg_query(): Que...', 'D:\\xampp\\htdocs...', 136, Array)
#1 D:\xampp\htdocs\peluit\system\Database\Postgre\Connection.php(136): pg_query(Resource id #131, 'SELECT *\nFROM "...')
#2 D:\xampp\htdocs\peluit\system\Database\BaseConnection.php(670): CodeIgniter\Database\Postgre\Connection->execute('SELECT *\nFROM "...')
#3 D:\xampp\htdocs\peluit\system\Database\BaseConnection.php(598): CodeIgniter\Database\BaseConnection->simpleQuery('SELECT *\nFROM "...')
#4 D:\xampp\htdocs\peluit\system\Database\BaseBuilder.php(1443): CodeIgniter\Database\BaseConnection->query('SELECT *\nFROM "...', Array, false)
#5 D:\xampp\htdocs\peluit\system\Model.php(183): CodeIgniter\Database\BaseBuilder->get()
#6 D:\xampp\htdocs\peluit\system\BaseModel.php(584): CodeIgniter\Model->doFindAll(0, 0)
#7 D:\xampp\htdocs\peluit\app\Controllers\Admin.php(47): CodeIgniter\BaseModel->findAll()
#8 D:\xampp\htdocs\peluit\system\CodeIgniter.php(824): App\Controllers\Admin->get_pengguna_admin_page()
#9 D:\xampp\htdocs\peluit\system\CodeIgniter.php(410): CodeIgniter\CodeIgniter->runController(Object(App\Controllers\Admin))
#10 D:\xampp\htdocs\peluit\system\CodeIgniter.php(318): CodeIgniter\CodeIgniter->handleRequest(NULL, Object(Config\Cache), false)
#11 D:\xampp\htdocs\peluit\index.php(37): CodeIgniter\CodeIgniter->run()
#12 {main}
CRITICAL - 2023-07-06 13:21:10 --> Uncaught CodeIgniter\Format\Exceptions\FormatException: Failed to parse json string, error: "Type is not supported". in D:\xampp\htdocs\peluit\system\Format\JSONFormatter.php:41
Stack trace:
#0 D:\xampp\htdocs\peluit\system\Format\JSONFormatter.php(41): CodeIgniter\Format\Exceptions\FormatException::forInvalidJSON('Type is not sup...')
#1 D:\xampp\htdocs\peluit\system\API\ResponseTrait.php(341): CodeIgniter\Format\JSONFormatter->format(Array)
#2 D:\xampp\htdocs\peluit\system\API\ResponseTrait.php(99): CodeIgniter\Debug\Exceptions->format(Array)
#3 D:\xampp\htdocs\peluit\system\Debug\Exceptions.php(110): CodeIgniter\Debug\Exceptions->respond(Array, 500)
#4 [internal function]: CodeIgniter\Debug\Exceptions->exceptionHandler(Object(ErrorException))
#5 {main}
  thrown
#0 [internal function]: CodeIgniter\Debug\Exceptions->shutdownHandler()
#1 {main}
ERROR - 2023-07-06 13:22:09 --> ErrorException: pg_query(): Query failed: ERROR:  column &quot;id_role&quot; does not exist
LINE 3: WHERE &quot;id_role&quot; = 0
              ^
HINT:  Perhaps you meant to reference the column &quot;ssuser.id_opd&quot;. in D:\xampp\htdocs\peluit\system\Database\Postgre\Connection.php:136
Stack trace:
#0 [internal function]: CodeIgniter\Debug\Exceptions->errorHandler(2, 'pg_query(): Que...', 'D:\\xampp\\htdocs...', 136, Array)
#1 D:\xampp\htdocs\peluit\system\Database\Postgre\Connection.php(136): pg_query(Resource id #131, 'SELECT *\nFROM "...')
#2 D:\xampp\htdocs\peluit\system\Database\BaseConnection.php(670): CodeIgniter\Database\Postgre\Connection->execute('SELECT *\nFROM "...')
#3 D:\xampp\htdocs\peluit\system\Database\BaseConnection.php(598): CodeIgniter\Database\BaseConnection->simpleQuery('SELECT *\nFROM "...')
#4 D:\xampp\htdocs\peluit\system\Database\BaseBuilder.php(1443): CodeIgniter\Database\BaseConnection->query('SELECT *\nFROM "...', Array, false)
#5 D:\xampp\htdocs\peluit\system\Model.php(183): CodeIgniter\Database\BaseBuilder->get()
#6 D:\xampp\htdocs\peluit\system\BaseModel.php(584): CodeIgniter\Model->doFindAll(0, 0)
#7 D:\xampp\htdocs\peluit\app\Controllers\Admin.php(47): CodeIgniter\BaseModel->findAll()
#8 D:\xampp\htdocs\peluit\system\CodeIgniter.php(824): App\Controllers\Admin->get_pengguna_admin_page()
#9 D:\xampp\htdocs\peluit\system\CodeIgniter.php(410): CodeIgniter\CodeIgniter->runController(Object(App\Controllers\Admin))
#10 D:\xampp\htdocs\peluit\system\CodeIgniter.php(318): CodeIgniter\CodeIgniter->handleRequest(NULL, Object(Config\Cache), false)
#11 D:\xampp\htdocs\peluit\index.php(37): CodeIgniter\CodeIgniter->run()
#12 {main}
CRITICAL - 2023-07-06 13:22:09 --> pg_query(): Query failed: ERROR:  column &quot;id_role&quot; does not exist
LINE 3: WHERE &quot;id_role&quot; = 0
              ^
HINT:  Perhaps you meant to reference the column &quot;ssuser.id_opd&quot;.
#0 [internal function]: CodeIgniter\Debug\Exceptions->errorHandler(2, 'pg_query(): Que...', 'D:\\xampp\\htdocs...', 136, Array)
#1 D:\xampp\htdocs\peluit\system\Database\Postgre\Connection.php(136): pg_query(Resource id #131, 'SELECT *\nFROM "...')
#2 D:\xampp\htdocs\peluit\system\Database\BaseConnection.php(670): CodeIgniter\Database\Postgre\Connection->execute('SELECT *\nFROM "...')
#3 D:\xampp\htdocs\peluit\system\Database\BaseConnection.php(598): CodeIgniter\Database\BaseConnection->simpleQuery('SELECT *\nFROM "...')
#4 D:\xampp\htdocs\peluit\system\Database\BaseBuilder.php(1443): CodeIgniter\Database\BaseConnection->query('SELECT *\nFROM "...', Array, false)
#5 D:\xampp\htdocs\peluit\system\Model.php(183): CodeIgniter\Database\BaseBuilder->get()
#6 D:\xampp\htdocs\peluit\system\BaseModel.php(584): CodeIgniter\Model->doFindAll(0, 0)
#7 D:\xampp\htdocs\peluit\app\Controllers\Admin.php(47): CodeIgniter\BaseModel->findAll()
#8 D:\xampp\htdocs\peluit\system\CodeIgniter.php(824): App\Controllers\Admin->get_pengguna_admin_page()
#9 D:\xampp\htdocs\peluit\system\CodeIgniter.php(410): CodeIgniter\CodeIgniter->runController(Object(App\Controllers\Admin))
#10 D:\xampp\htdocs\peluit\system\CodeIgniter.php(318): CodeIgniter\CodeIgniter->handleRequest(NULL, Object(Config\Cache), false)
#11 D:\xampp\htdocs\peluit\index.php(37): CodeIgniter\CodeIgniter->run()
#12 {main}
CRITICAL - 2023-07-06 13:22:09 --> Uncaught CodeIgniter\Format\Exceptions\FormatException: Failed to parse json string, error: "Type is not supported". in D:\xampp\htdocs\peluit\system\Format\JSONFormatter.php:41
Stack trace:
#0 D:\xampp\htdocs\peluit\system\Format\JSONFormatter.php(41): CodeIgniter\Format\Exceptions\FormatException::forInvalidJSON('Type is not sup...')
#1 D:\xampp\htdocs\peluit\system\API\ResponseTrait.php(341): CodeIgniter\Format\JSONFormatter->format(Array)
#2 D:\xampp\htdocs\peluit\system\API\ResponseTrait.php(99): CodeIgniter\Debug\Exceptions->format(Array)
#3 D:\xampp\htdocs\peluit\system\Debug\Exceptions.php(110): CodeIgniter\Debug\Exceptions->respond(Array, 500)
#4 [internal function]: CodeIgniter\Debug\Exceptions->exceptionHandler(Object(ErrorException))
#5 {main}
  thrown
#0 [internal function]: CodeIgniter\Debug\Exceptions->shutdownHandler()
#1 {main}
