CRITICAL - 2023-07-20 09:12:47 --> Invalid file: home_page.php
#0 D:\xampp\htdocs\peluit\system\View\View.php(198): CodeIgniter\Exceptions\FrameworkException::forInvalidFile('home_page.php')
#1 D:\xampp\htdocs\peluit\system\Common.php(1097): CodeIgniter\View\View->render('home_page', Array, true)
#2 D:\xampp\htdocs\peluit\app\Controllers\Home.php(18): view('home_page', Array)
#3 D:\xampp\htdocs\peluit\system\CodeIgniter.php(824): App\Controllers\Home->index()
#4 D:\xampp\htdocs\peluit\system\CodeIgniter.php(410): CodeIgniter\CodeIgniter->runController(Object(App\Controllers\Home))
#5 D:\xampp\htdocs\peluit\system\CodeIgniter.php(318): CodeIgniter\CodeIgniter->handleRequest(NULL, Object(Config\Cache), false)
#6 D:\xampp\htdocs\peluit\index.php(37): CodeIgniter\CodeIgniter->run()
#7 {main}
CRITICAL - 2023-07-20 09:16:13 --> Undefined variable: title
#0 D:\xampp\htdocs\peluit\app\Views\homepage\dashboard.php(40): CodeIgniter\Debug\Exceptions->errorHandler(8, 'Undefined varia...', 'D:\\xampp\\htdocs...', 40, Array)
#1 D:\xampp\htdocs\peluit\system\View\View.php(214): include('D:\\xampp\\htdocs...')
#2 D:\xampp\htdocs\peluit\system\View\View.php(217): CodeIgniter\View\View->CodeIgniter\View\{closure}()
#3 D:\xampp\htdocs\peluit\system\Common.php(1097): CodeIgniter\View\View->render('homepage/dashbo...', Array, true)
#4 D:\xampp\htdocs\peluit\app\Controllers\Home.php(19): view('homepage/dashbo...', Array)
#5 D:\xampp\htdocs\peluit\system\CodeIgniter.php(824): App\Controllers\Home->index()
#6 D:\xampp\htdocs\peluit\system\CodeIgniter.php(410): CodeIgniter\CodeIgniter->runController(Object(App\Controllers\Home))
#7 D:\xampp\htdocs\peluit\system\CodeIgniter.php(318): CodeIgniter\CodeIgniter->handleRequest(NULL, Object(Config\Cache), false)
#8 D:\xampp\htdocs\peluit\index.php(37): CodeIgniter\CodeIgniter->run()
#9 {main}
CRITICAL - 2023-07-20 09:16:14 --> Undefined variable: title
#0 D:\xampp\htdocs\peluit\app\Views\homepage\dashboard.php(40): CodeIgniter\Debug\Exceptions->errorHandler(8, 'Undefined varia...', 'D:\\xampp\\htdocs...', 40, Array)
#1 D:\xampp\htdocs\peluit\system\View\View.php(214): include('D:\\xampp\\htdocs...')
#2 D:\xampp\htdocs\peluit\system\View\View.php(217): CodeIgniter\View\View->CodeIgniter\View\{closure}()
#3 D:\xampp\htdocs\peluit\system\Common.php(1097): CodeIgniter\View\View->render('homepage/dashbo...', Array, true)
#4 D:\xampp\htdocs\peluit\app\Controllers\Home.php(19): view('homepage/dashbo...', Array)
#5 D:\xampp\htdocs\peluit\system\CodeIgniter.php(824): App\Controllers\Home->index()
#6 D:\xampp\htdocs\peluit\system\CodeIgniter.php(410): CodeIgniter\CodeIgniter->runController(Object(App\Controllers\Home))
#7 D:\xampp\htdocs\peluit\system\CodeIgniter.php(318): CodeIgniter\CodeIgniter->handleRequest(NULL, Object(Config\Cache), false)
#8 D:\xampp\htdocs\peluit\index.php(37): CodeIgniter\CodeIgniter->run()
#9 {main}
CRITICAL - 2023-07-20 12:50:28 --> Array to string conversion
#0 D:\xampp\htdocs\peluit\app\Views\homepage\dashboard.php(33): CodeIgniter\Debug\Exceptions->errorHandler(8, 'Array to string...', 'D:\\xampp\\htdocs...', 33, Array)
#1 D:\xampp\htdocs\peluit\system\View\View.php(214): include('D:\\xampp\\htdocs...')
#2 D:\xampp\htdocs\peluit\system\View\View.php(217): CodeIgniter\View\View->CodeIgniter\View\{closure}()
#3 D:\xampp\htdocs\peluit\system\Common.php(1097): CodeIgniter\View\View->render('homepage/dashbo...', Array, true)
#4 D:\xampp\htdocs\peluit\app\Controllers\Home.php(19): view('homepage/dashbo...', Array)
#5 D:\xampp\htdocs\peluit\system\CodeIgniter.php(824): App\Controllers\Home->index()
#6 D:\xampp\htdocs\peluit\system\CodeIgniter.php(410): CodeIgniter\CodeIgniter->runController(Object(App\Controllers\Home))
#7 D:\xampp\htdocs\peluit\system\CodeIgniter.php(318): CodeIgniter\CodeIgniter->handleRequest(NULL, Object(Config\Cache), false)
#8 D:\xampp\htdocs\peluit\index.php(37): CodeIgniter\CodeIgniter->run()
#9 {main}
CRITICAL - 2023-07-20 12:52:04 --> Trying to get property 'nama_pelayanan' of non-object
#0 D:\xampp\htdocs\peluit\app\Views\homepage\dashboard.php(33): CodeIgniter\Debug\Exceptions->errorHandler(8, 'Trying to get p...', 'D:\\xampp\\htdocs...', 33, Array)
#1 D:\xampp\htdocs\peluit\system\View\View.php(214): include('D:\\xampp\\htdocs...')
#2 D:\xampp\htdocs\peluit\system\View\View.php(217): CodeIgniter\View\View->CodeIgniter\View\{closure}()
#3 D:\xampp\htdocs\peluit\system\Common.php(1097): CodeIgniter\View\View->render('homepage/dashbo...', Array, true)
#4 D:\xampp\htdocs\peluit\app\Controllers\Home.php(19): view('homepage/dashbo...', Array)
#5 D:\xampp\htdocs\peluit\system\CodeIgniter.php(824): App\Controllers\Home->index()
#6 D:\xampp\htdocs\peluit\system\CodeIgniter.php(410): CodeIgniter\CodeIgniter->runController(Object(App\Controllers\Home))
#7 D:\xampp\htdocs\peluit\system\CodeIgniter.php(318): CodeIgniter\CodeIgniter->handleRequest(NULL, Object(Config\Cache), false)
#8 D:\xampp\htdocs\peluit\index.php(37): CodeIgniter\CodeIgniter->run()
#9 {main}
CRITICAL - 2023-07-20 12:52:05 --> Trying to get property 'nama_pelayanan' of non-object
#0 D:\xampp\htdocs\peluit\app\Views\homepage\dashboard.php(33): CodeIgniter\Debug\Exceptions->errorHandler(8, 'Trying to get p...', 'D:\\xampp\\htdocs...', 33, Array)
#1 D:\xampp\htdocs\peluit\system\View\View.php(214): include('D:\\xampp\\htdocs...')
#2 D:\xampp\htdocs\peluit\system\View\View.php(217): CodeIgniter\View\View->CodeIgniter\View\{closure}()
#3 D:\xampp\htdocs\peluit\system\Common.php(1097): CodeIgniter\View\View->render('homepage/dashbo...', Array, true)
#4 D:\xampp\htdocs\peluit\app\Controllers\Home.php(19): view('homepage/dashbo...', Array)
#5 D:\xampp\htdocs\peluit\system\CodeIgniter.php(824): App\Controllers\Home->index()
#6 D:\xampp\htdocs\peluit\system\CodeIgniter.php(410): CodeIgniter\CodeIgniter->runController(Object(App\Controllers\Home))
#7 D:\xampp\htdocs\peluit\system\CodeIgniter.php(318): CodeIgniter\CodeIgniter->handleRequest(NULL, Object(Config\Cache), false)
#8 D:\xampp\htdocs\peluit\index.php(37): CodeIgniter\CodeIgniter->run()
#9 {main}
CRITICAL - 2023-07-20 12:53:53 --> json_decode() expects parameter 1 to be string, array given
#0 [internal function]: CodeIgniter\Debug\Exceptions->errorHandler(2, 'json_decode() e...', 'D:\\xampp\\htdocs...', 32, Array)
#1 D:\xampp\htdocs\peluit\app\Views\homepage\dashboard.php(32): json_decode(Array, true)
#2 D:\xampp\htdocs\peluit\system\View\View.php(214): include('D:\\xampp\\htdocs...')
#3 D:\xampp\htdocs\peluit\system\View\View.php(217): CodeIgniter\View\View->CodeIgniter\View\{closure}()
#4 D:\xampp\htdocs\peluit\system\Common.php(1097): CodeIgniter\View\View->render('homepage/dashbo...', Array, true)
#5 D:\xampp\htdocs\peluit\app\Controllers\Home.php(19): view('homepage/dashbo...', Array)
#6 D:\xampp\htdocs\peluit\system\CodeIgniter.php(824): App\Controllers\Home->index()
#7 D:\xampp\htdocs\peluit\system\CodeIgniter.php(410): CodeIgniter\CodeIgniter->runController(Object(App\Controllers\Home))
#8 D:\xampp\htdocs\peluit\system\CodeIgniter.php(318): CodeIgniter\CodeIgniter->handleRequest(NULL, Object(Config\Cache), false)
#9 D:\xampp\htdocs\peluit\index.php(37): CodeIgniter\CodeIgniter->run()
#10 {main}
CRITICAL - 2023-07-20 12:53:54 --> json_decode() expects parameter 1 to be string, array given
#0 [internal function]: CodeIgniter\Debug\Exceptions->errorHandler(2, 'json_decode() e...', 'D:\\xampp\\htdocs...', 32, Array)
#1 D:\xampp\htdocs\peluit\app\Views\homepage\dashboard.php(32): json_decode(Array, true)
#2 D:\xampp\htdocs\peluit\system\View\View.php(214): include('D:\\xampp\\htdocs...')
#3 D:\xampp\htdocs\peluit\system\View\View.php(217): CodeIgniter\View\View->CodeIgniter\View\{closure}()
#4 D:\xampp\htdocs\peluit\system\Common.php(1097): CodeIgniter\View\View->render('homepage/dashbo...', Array, true)
#5 D:\xampp\htdocs\peluit\app\Controllers\Home.php(19): view('homepage/dashbo...', Array)
#6 D:\xampp\htdocs\peluit\system\CodeIgniter.php(824): App\Controllers\Home->index()
#7 D:\xampp\htdocs\peluit\system\CodeIgniter.php(410): CodeIgniter\CodeIgniter->runController(Object(App\Controllers\Home))
#8 D:\xampp\htdocs\peluit\system\CodeIgniter.php(318): CodeIgniter\CodeIgniter->handleRequest(NULL, Object(Config\Cache), false)
#9 D:\xampp\htdocs\peluit\index.php(37): CodeIgniter\CodeIgniter->run()
#10 {main}
CRITICAL - 2023-07-20 12:55:20 --> Invalid argument supplied for foreach()
#0 D:\xampp\htdocs\peluit\app\Views\homepage\dashboard.php(32): CodeIgniter\Debug\Exceptions->errorHandler(2, 'Invalid argumen...', 'D:\\xampp\\htdocs...', 32, Array)
#1 D:\xampp\htdocs\peluit\system\View\View.php(214): include('D:\\xampp\\htdocs...')
#2 D:\xampp\htdocs\peluit\system\View\View.php(217): CodeIgniter\View\View->CodeIgniter\View\{closure}()
#3 D:\xampp\htdocs\peluit\system\Common.php(1097): CodeIgniter\View\View->render('homepage/dashbo...', Array, true)
#4 D:\xampp\htdocs\peluit\app\Controllers\Home.php(19): view('homepage/dashbo...', Array)
#5 D:\xampp\htdocs\peluit\system\CodeIgniter.php(824): App\Controllers\Home->index()
#6 D:\xampp\htdocs\peluit\system\CodeIgniter.php(410): CodeIgniter\CodeIgniter->runController(Object(App\Controllers\Home))
#7 D:\xampp\htdocs\peluit\system\CodeIgniter.php(318): CodeIgniter\CodeIgniter->handleRequest(NULL, Object(Config\Cache), false)
#8 D:\xampp\htdocs\peluit\index.php(37): CodeIgniter\CodeIgniter->run()
#9 {main}
CRITICAL - 2023-07-20 12:55:21 --> Invalid argument supplied for foreach()
#0 D:\xampp\htdocs\peluit\app\Views\homepage\dashboard.php(32): CodeIgniter\Debug\Exceptions->errorHandler(2, 'Invalid argumen...', 'D:\\xampp\\htdocs...', 32, Array)
#1 D:\xampp\htdocs\peluit\system\View\View.php(214): include('D:\\xampp\\htdocs...')
#2 D:\xampp\htdocs\peluit\system\View\View.php(217): CodeIgniter\View\View->CodeIgniter\View\{closure}()
#3 D:\xampp\htdocs\peluit\system\Common.php(1097): CodeIgniter\View\View->render('homepage/dashbo...', Array, true)
#4 D:\xampp\htdocs\peluit\app\Controllers\Home.php(19): view('homepage/dashbo...', Array)
#5 D:\xampp\htdocs\peluit\system\CodeIgniter.php(824): App\Controllers\Home->index()
#6 D:\xampp\htdocs\peluit\system\CodeIgniter.php(410): CodeIgniter\CodeIgniter->runController(Object(App\Controllers\Home))
#7 D:\xampp\htdocs\peluit\system\CodeIgniter.php(318): CodeIgniter\CodeIgniter->handleRequest(NULL, Object(Config\Cache), false)
#8 D:\xampp\htdocs\peluit\index.php(37): CodeIgniter\CodeIgniter->run()
#9 {main}
CRITICAL - 2023-07-20 12:56:38 --> Array to string conversion
#0 D:\xampp\htdocs\peluit\app\Views\homepage\dashboard.php(39): CodeIgniter\Debug\Exceptions->errorHandler(8, 'Array to string...', 'D:\\xampp\\htdocs...', 39, Array)
#1 D:\xampp\htdocs\peluit\system\View\View.php(214): include('D:\\xampp\\htdocs...')
#2 D:\xampp\htdocs\peluit\system\View\View.php(217): CodeIgniter\View\View->CodeIgniter\View\{closure}()
#3 D:\xampp\htdocs\peluit\system\Common.php(1097): CodeIgniter\View\View->render('homepage/dashbo...', Array, true)
#4 D:\xampp\htdocs\peluit\app\Controllers\Home.php(19): view('homepage/dashbo...', Array)
#5 D:\xampp\htdocs\peluit\system\CodeIgniter.php(824): App\Controllers\Home->index()
#6 D:\xampp\htdocs\peluit\system\CodeIgniter.php(410): CodeIgniter\CodeIgniter->runController(Object(App\Controllers\Home))
#7 D:\xampp\htdocs\peluit\system\CodeIgniter.php(318): CodeIgniter\CodeIgniter->handleRequest(NULL, Object(Config\Cache), false)
#8 D:\xampp\htdocs\peluit\index.php(37): CodeIgniter\CodeIgniter->run()
#9 {main}
CRITICAL - 2023-07-20 12:56:40 --> Array to string conversion
#0 D:\xampp\htdocs\peluit\app\Views\homepage\dashboard.php(39): CodeIgniter\Debug\Exceptions->errorHandler(8, 'Array to string...', 'D:\\xampp\\htdocs...', 39, Array)
#1 D:\xampp\htdocs\peluit\system\View\View.php(214): include('D:\\xampp\\htdocs...')
#2 D:\xampp\htdocs\peluit\system\View\View.php(217): CodeIgniter\View\View->CodeIgniter\View\{closure}()
#3 D:\xampp\htdocs\peluit\system\Common.php(1097): CodeIgniter\View\View->render('homepage/dashbo...', Array, true)
#4 D:\xampp\htdocs\peluit\app\Controllers\Home.php(19): view('homepage/dashbo...', Array)
#5 D:\xampp\htdocs\peluit\system\CodeIgniter.php(824): App\Controllers\Home->index()
#6 D:\xampp\htdocs\peluit\system\CodeIgniter.php(410): CodeIgniter\CodeIgniter->runController(Object(App\Controllers\Home))
#7 D:\xampp\htdocs\peluit\system\CodeIgniter.php(318): CodeIgniter\CodeIgniter->handleRequest(NULL, Object(Config\Cache), false)
#8 D:\xampp\htdocs\peluit\index.php(37): CodeIgniter\CodeIgniter->run()
#9 {main}
CRITICAL - 2023-07-20 12:57:39 --> Array to string conversion
#0 D:\xampp\htdocs\peluit\app\Views\homepage\dashboard.php(35): CodeIgniter\Debug\Exceptions->errorHandler(8, 'Array to string...', 'D:\\xampp\\htdocs...', 35, Array)
#1 D:\xampp\htdocs\peluit\system\View\View.php(214): include('D:\\xampp\\htdocs...')
#2 D:\xampp\htdocs\peluit\system\View\View.php(217): CodeIgniter\View\View->CodeIgniter\View\{closure}()
#3 D:\xampp\htdocs\peluit\system\Common.php(1097): CodeIgniter\View\View->render('homepage/dashbo...', Array, true)
#4 D:\xampp\htdocs\peluit\app\Controllers\Home.php(20): view('homepage/dashbo...', Array)
#5 D:\xampp\htdocs\peluit\system\CodeIgniter.php(824): App\Controllers\Home->index()
#6 D:\xampp\htdocs\peluit\system\CodeIgniter.php(410): CodeIgniter\CodeIgniter->runController(Object(App\Controllers\Home))
#7 D:\xampp\htdocs\peluit\system\CodeIgniter.php(318): CodeIgniter\CodeIgniter->handleRequest(NULL, Object(Config\Cache), false)
#8 D:\xampp\htdocs\peluit\index.php(37): CodeIgniter\CodeIgniter->run()
#9 {main}
CRITICAL - 2023-07-20 12:57:40 --> Array to string conversion
#0 D:\xampp\htdocs\peluit\app\Views\homepage\dashboard.php(35): CodeIgniter\Debug\Exceptions->errorHandler(8, 'Array to string...', 'D:\\xampp\\htdocs...', 35, Array)
#1 D:\xampp\htdocs\peluit\system\View\View.php(214): include('D:\\xampp\\htdocs...')
#2 D:\xampp\htdocs\peluit\system\View\View.php(217): CodeIgniter\View\View->CodeIgniter\View\{closure}()
#3 D:\xampp\htdocs\peluit\system\Common.php(1097): CodeIgniter\View\View->render('homepage/dashbo...', Array, true)
#4 D:\xampp\htdocs\peluit\app\Controllers\Home.php(20): view('homepage/dashbo...', Array)
#5 D:\xampp\htdocs\peluit\system\CodeIgniter.php(824): App\Controllers\Home->index()
#6 D:\xampp\htdocs\peluit\system\CodeIgniter.php(410): CodeIgniter\CodeIgniter->runController(Object(App\Controllers\Home))
#7 D:\xampp\htdocs\peluit\system\CodeIgniter.php(318): CodeIgniter\CodeIgniter->handleRequest(NULL, Object(Config\Cache), false)
#8 D:\xampp\htdocs\peluit\index.php(37): CodeIgniter\CodeIgniter->run()
#9 {main}
CRITICAL - 2023-07-20 12:57:49 --> Array to string conversion
#0 D:\xampp\htdocs\peluit\app\Views\homepage\dashboard.php(35): CodeIgniter\Debug\Exceptions->errorHandler(8, 'Array to string...', 'D:\\xampp\\htdocs...', 35, Array)
#1 D:\xampp\htdocs\peluit\system\View\View.php(214): include('D:\\xampp\\htdocs...')
#2 D:\xampp\htdocs\peluit\system\View\View.php(217): CodeIgniter\View\View->CodeIgniter\View\{closure}()
#3 D:\xampp\htdocs\peluit\system\Common.php(1097): CodeIgniter\View\View->render('homepage/dashbo...', Array, true)
#4 D:\xampp\htdocs\peluit\app\Controllers\Home.php(20): view('homepage/dashbo...', Array)
#5 D:\xampp\htdocs\peluit\system\CodeIgniter.php(824): App\Controllers\Home->index()
#6 D:\xampp\htdocs\peluit\system\CodeIgniter.php(410): CodeIgniter\CodeIgniter->runController(Object(App\Controllers\Home))
#7 D:\xampp\htdocs\peluit\system\CodeIgniter.php(318): CodeIgniter\CodeIgniter->handleRequest(NULL, Object(Config\Cache), false)
#8 D:\xampp\htdocs\peluit\index.php(37): CodeIgniter\CodeIgniter->run()
#9 {main}
CRITICAL - 2023-07-20 12:57:49 --> Array to string conversion
#0 D:\xampp\htdocs\peluit\app\Views\homepage\dashboard.php(35): CodeIgniter\Debug\Exceptions->errorHandler(8, 'Array to string...', 'D:\\xampp\\htdocs...', 35, Array)
#1 D:\xampp\htdocs\peluit\system\View\View.php(214): include('D:\\xampp\\htdocs...')
#2 D:\xampp\htdocs\peluit\system\View\View.php(217): CodeIgniter\View\View->CodeIgniter\View\{closure}()
#3 D:\xampp\htdocs\peluit\system\Common.php(1097): CodeIgniter\View\View->render('homepage/dashbo...', Array, true)
#4 D:\xampp\htdocs\peluit\app\Controllers\Home.php(20): view('homepage/dashbo...', Array)
#5 D:\xampp\htdocs\peluit\system\CodeIgniter.php(824): App\Controllers\Home->index()
#6 D:\xampp\htdocs\peluit\system\CodeIgniter.php(410): CodeIgniter\CodeIgniter->runController(Object(App\Controllers\Home))
#7 D:\xampp\htdocs\peluit\system\CodeIgniter.php(318): CodeIgniter\CodeIgniter->handleRequest(NULL, Object(Config\Cache), false)
#8 D:\xampp\htdocs\peluit\index.php(37): CodeIgniter\CodeIgniter->run()
#9 {main}
CRITICAL - 2023-07-20 12:58:11 --> Trying to get property 'nama_pelayanan' of non-object
#0 D:\xampp\htdocs\peluit\app\Views\homepage\dashboard.php(35): CodeIgniter\Debug\Exceptions->errorHandler(8, 'Trying to get p...', 'D:\\xampp\\htdocs...', 35, Array)
#1 D:\xampp\htdocs\peluit\system\View\View.php(214): include('D:\\xampp\\htdocs...')
#2 D:\xampp\htdocs\peluit\system\View\View.php(217): CodeIgniter\View\View->CodeIgniter\View\{closure}()
#3 D:\xampp\htdocs\peluit\system\Common.php(1097): CodeIgniter\View\View->render('homepage/dashbo...', Array, true)
#4 D:\xampp\htdocs\peluit\app\Controllers\Home.php(20): view('homepage/dashbo...', Array)
#5 D:\xampp\htdocs\peluit\system\CodeIgniter.php(824): App\Controllers\Home->index()
#6 D:\xampp\htdocs\peluit\system\CodeIgniter.php(410): CodeIgniter\CodeIgniter->runController(Object(App\Controllers\Home))
#7 D:\xampp\htdocs\peluit\system\CodeIgniter.php(318): CodeIgniter\CodeIgniter->handleRequest(NULL, Object(Config\Cache), false)
#8 D:\xampp\htdocs\peluit\index.php(37): CodeIgniter\CodeIgniter->run()
#9 {main}
CRITICAL - 2023-07-20 12:58:12 --> Trying to get property 'nama_pelayanan' of non-object
#0 D:\xampp\htdocs\peluit\app\Views\homepage\dashboard.php(35): CodeIgniter\Debug\Exceptions->errorHandler(8, 'Trying to get p...', 'D:\\xampp\\htdocs...', 35, Array)
#1 D:\xampp\htdocs\peluit\system\View\View.php(214): include('D:\\xampp\\htdocs...')
#2 D:\xampp\htdocs\peluit\system\View\View.php(217): CodeIgniter\View\View->CodeIgniter\View\{closure}()
#3 D:\xampp\htdocs\peluit\system\Common.php(1097): CodeIgniter\View\View->render('homepage/dashbo...', Array, true)
#4 D:\xampp\htdocs\peluit\app\Controllers\Home.php(20): view('homepage/dashbo...', Array)
#5 D:\xampp\htdocs\peluit\system\CodeIgniter.php(824): App\Controllers\Home->index()
#6 D:\xampp\htdocs\peluit\system\CodeIgniter.php(410): CodeIgniter\CodeIgniter->runController(Object(App\Controllers\Home))
#7 D:\xampp\htdocs\peluit\system\CodeIgniter.php(318): CodeIgniter\CodeIgniter->handleRequest(NULL, Object(Config\Cache), false)
#8 D:\xampp\htdocs\peluit\index.php(37): CodeIgniter\CodeIgniter->run()
#9 {main}
CRITICAL - 2023-07-20 03:51:33 --> file_get_contents(): read of 8192 bytes failed with errno=13 Permission denied
#0 [internal function]: CodeIgniter\Debug\Exceptions->errorHandler(8, 'file_get_conten...', 'D:\\xampp\\htdocs...', 460, Array)
#1 D:\xampp\htdocs\peluit\system\Debug\Toolbar.php(460): file_get_contents('D:\\xampp\\htdocs...')
#2 D:\xampp\htdocs\peluit\app\Config\Events.php(48): CodeIgniter\Debug\Toolbar->respond()
#3 D:\xampp\htdocs\peluit\system\Events\Events.php(149): CodeIgniter\Events\Events::Config\{closure}()
#4 D:\xampp\htdocs\peluit\system\CodeIgniter.php(300): CodeIgniter\Events\Events::trigger('pre_system')
#5 D:\xampp\htdocs\peluit\index.php(37): CodeIgniter\CodeIgniter->run()
#6 {main}
