CRITICAL - 2023-07-10 13:33:37 --> Invalid file: admin/pengguna_operator.php
#0 D:\xampp\htdocs\peluit\system\View\View.php(198): CodeIgniter\Exceptions\FrameworkException::forInvalidFile('admin/pengguna_...')
#1 D:\xampp\htdocs\peluit\system\Common.php(1097): CodeIgniter\View\View->render('admin/pengguna_...', Array, true)
#2 D:\xampp\htdocs\peluit\app\Controllers\Admin.php(59): view('admin/pengguna_...', Array)
#3 D:\xampp\htdocs\peluit\system\CodeIgniter.php(824): App\Controllers\Admin->pengguna_operator_page()
#4 D:\xampp\htdocs\peluit\system\CodeIgniter.php(410): CodeIgniter\CodeIgniter->runController(Object(App\Controllers\Admin))
#5 D:\xampp\htdocs\peluit\system\CodeIgniter.php(318): CodeIgniter\CodeIgniter->handleRequest(NULL, Object(Config\Cache), false)
#6 D:\xampp\htdocs\peluit\index.php(37): CodeIgniter\CodeIgniter->run()
#7 {main}
CRITICAL - 2023-07-10 14:24:59 --> unlink(./public/assets/image/avatarc81e728d9d4c2f636f067f89cc14862c.png                                                                                                                  ): Permission denied
#0 [internal function]: CodeIgniter\Debug\Exceptions->errorHandler(2, 'unlink(./public...', 'D:\\xampp\\htdocs...', 135, Array)
#1 D:\xampp\htdocs\peluit\app\Controllers\Admin.php(135): unlink('./public/assets...')
#2 D:\xampp\htdocs\peluit\system\CodeIgniter.php(824): App\Controllers\Admin->update_foto()
#3 D:\xampp\htdocs\peluit\system\CodeIgniter.php(410): CodeIgniter\CodeIgniter->runController(Object(App\Controllers\Admin))
#4 D:\xampp\htdocs\peluit\system\CodeIgniter.php(318): CodeIgniter\CodeIgniter->handleRequest(NULL, Object(Config\Cache), false)
#5 D:\xampp\htdocs\peluit\index.php(37): CodeIgniter\CodeIgniter->run()
#6 {main}
CRITICAL - 2023-07-10 14:26:31 --> unlink(./public/assets/image/avatar/c81e728d9d4c2f636f067f89cc14862c.png                                                                                                                  ): Permission denied
#0 [internal function]: CodeIgniter\Debug\Exceptions->errorHandler(2, 'unlink(./public...', 'D:\\xampp\\htdocs...', 135, Array)
#1 D:\xampp\htdocs\peluit\app\Controllers\Admin.php(135): unlink('./public/assets...')
#2 D:\xampp\htdocs\peluit\system\CodeIgniter.php(824): App\Controllers\Admin->update_foto()
#3 D:\xampp\htdocs\peluit\system\CodeIgniter.php(410): CodeIgniter\CodeIgniter->runController(Object(App\Controllers\Admin))
#4 D:\xampp\htdocs\peluit\system\CodeIgniter.php(318): CodeIgniter\CodeIgniter->handleRequest(NULL, Object(Config\Cache), false)
#5 D:\xampp\htdocs\peluit\index.php(37): CodeIgniter\CodeIgniter->run()
#6 {main}
CRITICAL - 2023-07-10 14:26:52 --> Undefined variable: id
#0 D:\xampp\htdocs\peluit\app\Controllers\Admin.php(138): CodeIgniter\Debug\Exceptions->errorHandler(8, 'Undefined varia...', 'D:\\xampp\\htdocs...', 138, Array)
#1 D:\xampp\htdocs\peluit\system\CodeIgniter.php(824): App\Controllers\Admin->update_foto()
#2 D:\xampp\htdocs\peluit\system\CodeIgniter.php(410): CodeIgniter\CodeIgniter->runController(Object(App\Controllers\Admin))
#3 D:\xampp\htdocs\peluit\system\CodeIgniter.php(318): CodeIgniter\CodeIgniter->handleRequest(NULL, Object(Config\Cache), false)
#4 D:\xampp\htdocs\peluit\index.php(37): CodeIgniter\CodeIgniter->run()
#5 {main}
CRITICAL - 2023-07-10 14:27:28 --> unlink(./public/assets/image/avatar/c81e728d9d4c2f636f067f89cc14862c.png                                                                                                                  ): Permission denied
#0 [internal function]: CodeIgniter\Debug\Exceptions->errorHandler(2, 'unlink(./public...', 'D:\\xampp\\htdocs...', 135, Array)
#1 D:\xampp\htdocs\peluit\app\Controllers\Admin.php(135): unlink('./public/assets...')
#2 D:\xampp\htdocs\peluit\system\CodeIgniter.php(824): App\Controllers\Admin->update_foto()
#3 D:\xampp\htdocs\peluit\system\CodeIgniter.php(410): CodeIgniter\CodeIgniter->runController(Object(App\Controllers\Admin))
#4 D:\xampp\htdocs\peluit\system\CodeIgniter.php(318): CodeIgniter\CodeIgniter->handleRequest(NULL, Object(Config\Cache), false)
#5 D:\xampp\htdocs\peluit\index.php(37): CodeIgniter\CodeIgniter->run()
#6 {main}
CRITICAL - 2023-07-10 14:35:55 --> unlink(./public/assets/image/avatarc81e728d9d4c2f636f067f89cc14862c.png): No such file or directory
#0 [internal function]: CodeIgniter\Debug\Exceptions->errorHandler(2, 'unlink(./public...', 'D:\\xampp\\htdocs...', 136, Array)
#1 D:\xampp\htdocs\peluit\app\Controllers\Admin.php(136): unlink('./public/assets...')
#2 D:\xampp\htdocs\peluit\system\CodeIgniter.php(824): App\Controllers\Admin->update_foto()
#3 D:\xampp\htdocs\peluit\system\CodeIgniter.php(410): CodeIgniter\CodeIgniter->runController(Object(App\Controllers\Admin))
#4 D:\xampp\htdocs\peluit\system\CodeIgniter.php(318): CodeIgniter\CodeIgniter->handleRequest(NULL, Object(Config\Cache), false)
#5 D:\xampp\htdocs\peluit\index.php(37): CodeIgniter\CodeIgniter->run()
#6 {main}
CRITICAL - 2023-07-10 14:36:21 --> unlink(./public/assets/image/avatarc81e728d9d4c2f636f067f89cc14862c.png): No such file or directory
#0 [internal function]: CodeIgniter\Debug\Exceptions->errorHandler(2, 'unlink(./public...', 'D:\\xampp\\htdocs...', 136, Array)
#1 D:\xampp\htdocs\peluit\app\Controllers\Admin.php(136): unlink('./public/assets...')
#2 D:\xampp\htdocs\peluit\system\CodeIgniter.php(824): App\Controllers\Admin->update_foto()
#3 D:\xampp\htdocs\peluit\system\CodeIgniter.php(410): CodeIgniter\CodeIgniter->runController(Object(App\Controllers\Admin))
#4 D:\xampp\htdocs\peluit\system\CodeIgniter.php(318): CodeIgniter\CodeIgniter->handleRequest(NULL, Object(Config\Cache), false)
#5 D:\xampp\htdocs\peluit\index.php(37): CodeIgniter\CodeIgniter->run()
#6 {main}
CRITICAL - 2023-07-10 14:36:25 --> unlink(./public/assets/image/avatarc81e728d9d4c2f636f067f89cc14862c.png): No such file or directory
#0 [internal function]: CodeIgniter\Debug\Exceptions->errorHandler(2, 'unlink(./public...', 'D:\\xampp\\htdocs...', 136, Array)
#1 D:\xampp\htdocs\peluit\app\Controllers\Admin.php(136): unlink('./public/assets...')
#2 D:\xampp\htdocs\peluit\system\CodeIgniter.php(824): App\Controllers\Admin->update_foto()
#3 D:\xampp\htdocs\peluit\system\CodeIgniter.php(410): CodeIgniter\CodeIgniter->runController(Object(App\Controllers\Admin))
#4 D:\xampp\htdocs\peluit\system\CodeIgniter.php(318): CodeIgniter\CodeIgniter->handleRequest(NULL, Object(Config\Cache), false)
#5 D:\xampp\htdocs\peluit\index.php(37): CodeIgniter\CodeIgniter->run()
#6 {main}
CRITICAL - 2023-07-10 14:37:22 --> unlink(./public/assets/image/avatarc81e728d9d4c2f636f067f89cc14862c.png): No such file or directory
#0 [internal function]: CodeIgniter\Debug\Exceptions->errorHandler(2, 'unlink(./public...', 'D:\\xampp\\htdocs...', 136, Array)
#1 D:\xampp\htdocs\peluit\app\Controllers\Admin.php(136): unlink('./public/assets...')
#2 D:\xampp\htdocs\peluit\system\CodeIgniter.php(824): App\Controllers\Admin->update_foto()
#3 D:\xampp\htdocs\peluit\system\CodeIgniter.php(410): CodeIgniter\CodeIgniter->runController(Object(App\Controllers\Admin))
#4 D:\xampp\htdocs\peluit\system\CodeIgniter.php(318): CodeIgniter\CodeIgniter->handleRequest(NULL, Object(Config\Cache), false)
#5 D:\xampp\htdocs\peluit\index.php(37): CodeIgniter\CodeIgniter->run()
#6 {main}
CRITICAL - 2023-07-10 14:38:37 --> unlink(./public/assets/image/avatar/c81e728d9d4c2f636f067f89cc14862c.png): No such file or directory
#0 [internal function]: CodeIgniter\Debug\Exceptions->errorHandler(2, 'unlink(./public...', 'D:\\xampp\\htdocs...', 136, Array)
#1 D:\xampp\htdocs\peluit\app\Controllers\Admin.php(136): unlink('./public/assets...')
#2 D:\xampp\htdocs\peluit\system\CodeIgniter.php(824): App\Controllers\Admin->update_foto()
#3 D:\xampp\htdocs\peluit\system\CodeIgniter.php(410): CodeIgniter\CodeIgniter->runController(Object(App\Controllers\Admin))
#4 D:\xampp\htdocs\peluit\system\CodeIgniter.php(318): CodeIgniter\CodeIgniter->handleRequest(NULL, Object(Config\Cache), false)
#5 D:\xampp\htdocs\peluit\index.php(37): CodeIgniter\CodeIgniter->run()
#6 {main}
CRITICAL - 2023-07-10 14:38:40 --> unlink(./public/assets/image/avatar/c81e728d9d4c2f636f067f89cc14862c.png): No such file or directory
#0 [internal function]: CodeIgniter\Debug\Exceptions->errorHandler(2, 'unlink(./public...', 'D:\\xampp\\htdocs...', 136, Array)
#1 D:\xampp\htdocs\peluit\app\Controllers\Admin.php(136): unlink('./public/assets...')
#2 D:\xampp\htdocs\peluit\system\CodeIgniter.php(824): App\Controllers\Admin->update_foto()
#3 D:\xampp\htdocs\peluit\system\CodeIgniter.php(410): CodeIgniter\CodeIgniter->runController(Object(App\Controllers\Admin))
#4 D:\xampp\htdocs\peluit\system\CodeIgniter.php(318): CodeIgniter\CodeIgniter->handleRequest(NULL, Object(Config\Cache), false)
#5 D:\xampp\htdocs\peluit\index.php(37): CodeIgniter\CodeIgniter->run()
#6 {main}
CRITICAL - 2023-07-10 14:39:26 --> Undefined variable: id
#0 D:\xampp\htdocs\peluit\app\Controllers\Admin.php(139): CodeIgniter\Debug\Exceptions->errorHandler(8, 'Undefined varia...', 'D:\\xampp\\htdocs...', 139, Array)
#1 D:\xampp\htdocs\peluit\system\CodeIgniter.php(824): App\Controllers\Admin->update_foto()
#2 D:\xampp\htdocs\peluit\system\CodeIgniter.php(410): CodeIgniter\CodeIgniter->runController(Object(App\Controllers\Admin))
#3 D:\xampp\htdocs\peluit\system\CodeIgniter.php(318): CodeIgniter\CodeIgniter->handleRequest(NULL, Object(Config\Cache), false)
#4 D:\xampp\htdocs\peluit\index.php(37): CodeIgniter\CodeIgniter->run()
#5 {main}
CRITICAL - 2023-07-10 14:40:07 --> Undefined variable: id
#0 D:\xampp\htdocs\peluit\app\Controllers\Admin.php(139): CodeIgniter\Debug\Exceptions->errorHandler(8, 'Undefined varia...', 'D:\\xampp\\htdocs...', 139, Array)
#1 D:\xampp\htdocs\peluit\system\CodeIgniter.php(824): App\Controllers\Admin->update_foto()
#2 D:\xampp\htdocs\peluit\system\CodeIgniter.php(410): CodeIgniter\CodeIgniter->runController(Object(App\Controllers\Admin))
#3 D:\xampp\htdocs\peluit\system\CodeIgniter.php(318): CodeIgniter\CodeIgniter->handleRequest(NULL, Object(Config\Cache), false)
#4 D:\xampp\htdocs\peluit\index.php(37): CodeIgniter\CodeIgniter->run()
#5 {main}
