CRITICAL - 2023-06-08 23:22:02 --> View themes, no current section.
#0 D:\xampp\htdocs\peluit\app\Views\login.php(69): CodeIgniter\View\View->endSection()
#1 D:\xampp\htdocs\peluit\system\View\View.php(214): include('D:\\xampp\\htdocs...')
#2 D:\xampp\htdocs\peluit\system\View\View.php(217): CodeIgniter\View\View->CodeIgniter\View\{closure}()
#3 D:\xampp\htdocs\peluit\system\Common.php(1097): CodeIgniter\View\View->render('login', Array, true)
#4 D:\xampp\htdocs\peluit\app\Controllers\Home.php(19): view('login')
#5 D:\xampp\htdocs\peluit\system\CodeIgniter.php(824): App\Controllers\Home->login()
#6 D:\xampp\htdocs\peluit\system\CodeIgniter.php(410): CodeIgniter\CodeIgniter->runController(Object(App\Controllers\Home))
#7 D:\xampp\htdocs\peluit\system\CodeIgniter.php(318): CodeIgniter\CodeIgniter->handleRequest(NULL, Object(Config\Cache), false)
#8 D:\xampp\htdocs\peluit\index.php(37): CodeIgniter\CodeIgniter->run()
#9 {main}
CRITICAL - 2023-06-08 23:22:05 --> View themes, no current section.
#0 D:\xampp\htdocs\peluit\app\Views\login.php(69): CodeIgniter\View\View->endSection()
#1 D:\xampp\htdocs\peluit\system\View\View.php(214): include('D:\\xampp\\htdocs...')
#2 D:\xampp\htdocs\peluit\system\View\View.php(217): CodeIgniter\View\View->CodeIgniter\View\{closure}()
#3 D:\xampp\htdocs\peluit\system\Common.php(1097): CodeIgniter\View\View->render('login', Array, true)
#4 D:\xampp\htdocs\peluit\app\Controllers\Home.php(19): view('login')
#5 D:\xampp\htdocs\peluit\system\CodeIgniter.php(824): App\Controllers\Home->login()
#6 D:\xampp\htdocs\peluit\system\CodeIgniter.php(410): CodeIgniter\CodeIgniter->runController(Object(App\Controllers\Home))
#7 D:\xampp\htdocs\peluit\system\CodeIgniter.php(318): CodeIgniter\CodeIgniter->handleRequest(NULL, Object(Config\Cache), false)
#8 D:\xampp\htdocs\peluit\index.php(37): CodeIgniter\CodeIgniter->run()
#9 {main}
CRITICAL - 2023-06-08 23:22:34 --> View themes, no current section.
#0 D:\xampp\htdocs\peluit\app\Views\login.php(69): CodeIgniter\View\View->endSection()
#1 D:\xampp\htdocs\peluit\system\View\View.php(214): include('D:\\xampp\\htdocs...')
#2 D:\xampp\htdocs\peluit\system\View\View.php(217): CodeIgniter\View\View->CodeIgniter\View\{closure}()
#3 D:\xampp\htdocs\peluit\system\Common.php(1097): CodeIgniter\View\View->render('login', Array, true)
#4 D:\xampp\htdocs\peluit\app\Controllers\Home.php(19): view('login')
#5 D:\xampp\htdocs\peluit\system\CodeIgniter.php(824): App\Controllers\Home->login()
#6 D:\xampp\htdocs\peluit\system\CodeIgniter.php(410): CodeIgniter\CodeIgniter->runController(Object(App\Controllers\Home))
#7 D:\xampp\htdocs\peluit\system\CodeIgniter.php(318): CodeIgniter\CodeIgniter->handleRequest(NULL, Object(Config\Cache), false)
#8 D:\xampp\htdocs\peluit\index.php(37): CodeIgniter\CodeIgniter->run()
#9 {main}
