CRITICAL - 2023-08-16 09:01:38 --> Undefined variable: list_pelayanan
#0 D:\xampp\htdocs\peluit\app\Views\print\tiket.php(39): CodeIgniter\Debug\Exceptions->errorHandler(8, 'Undefined varia...', 'D:\\xampp\\htdocs...', 39, Array)
#1 D:\xampp\htdocs\peluit\system\View\View.php(214): include('D:\\xampp\\htdocs...')
#2 D:\xampp\htdocs\peluit\system\View\View.php(217): CodeIgniter\View\View->CodeIgniter\View\{closure}()
#3 D:\xampp\htdocs\peluit\system\Common.php(1097): CodeIgniter\View\View->render('print/tiket', Array, true)
#4 D:\xampp\htdocs\peluit\app\Controllers\Admin.php(84): view('print/tiket', Array)
#5 D:\xampp\htdocs\peluit\system\CodeIgniter.php(824): App\Controllers\Admin->print_tiket('42', 'MULYRWLKWI2W0FO...')
#6 D:\xampp\htdocs\peluit\system\CodeIgniter.php(410): CodeIgniter\CodeIgniter->runController(Object(App\Controllers\Admin))
#7 D:\xampp\htdocs\peluit\system\CodeIgniter.php(318): CodeIgniter\CodeIgniter->handleRequest(NULL, Object(Config\Cache), false)
#8 D:\xampp\htdocs\peluit\index.php(37): CodeIgniter\CodeIgniter->run()
#9 {main}
CRITICAL - 2023-08-16 09:08:31 --> Undefined variable: tgl_input
#0 D:\xampp\htdocs\peluit\app\Controllers\Admin.php(74): CodeIgniter\Debug\Exceptions->errorHandler(8, 'Undefined varia...', 'D:\\xampp\\htdocs...', 74, Array)
#1 D:\xampp\htdocs\peluit\system\CodeIgniter.php(824): App\Controllers\Admin->print_tiket('42', 'MULYRWLKWI2W0FO...')
#2 D:\xampp\htdocs\peluit\system\CodeIgniter.php(410): CodeIgniter\CodeIgniter->runController(Object(App\Controllers\Admin))
#3 D:\xampp\htdocs\peluit\system\CodeIgniter.php(318): CodeIgniter\CodeIgniter->handleRequest(NULL, Object(Config\Cache), false)
#4 D:\xampp\htdocs\peluit\index.php(37): CodeIgniter\CodeIgniter->run()
#5 {main}
CRITICAL - 2023-08-16 09:08:51 --> Class 'App\Controllers\DateTime' not found
#0 D:\xampp\htdocs\peluit\system\CodeIgniter.php(824): App\Controllers\Admin->print_tiket('42', 'MULYRWLKWI2W0FO...')
#1 D:\xampp\htdocs\peluit\system\CodeIgniter.php(410): CodeIgniter\CodeIgniter->runController(Object(App\Controllers\Admin))
#2 D:\xampp\htdocs\peluit\system\CodeIgniter.php(318): CodeIgniter\CodeIgniter->handleRequest(NULL, Object(Config\Cache), false)
#3 D:\xampp\htdocs\peluit\index.php(37): CodeIgniter\CodeIgniter->run()
#4 {main}
CRITICAL - 2023-08-16 09:08:52 --> Class 'App\Controllers\DateTime' not found
#0 D:\xampp\htdocs\peluit\system\CodeIgniter.php(824): App\Controllers\Admin->print_tiket('42', 'MULYRWLKWI2W0FO...')
#1 D:\xampp\htdocs\peluit\system\CodeIgniter.php(410): CodeIgniter\CodeIgniter->runController(Object(App\Controllers\Admin))
#2 D:\xampp\htdocs\peluit\system\CodeIgniter.php(318): CodeIgniter\CodeIgniter->handleRequest(NULL, Object(Config\Cache), false)
#3 D:\xampp\htdocs\peluit\index.php(37): CodeIgniter\CodeIgniter->run()
#4 {main}
CRITICAL - 2023-08-16 09:27:27 --> Undefined variable: status
#0 D:\xampp\htdocs\peluit\app\Views\print\tiket.php(61): CodeIgniter\Debug\Exceptions->errorHandler(8, 'Undefined varia...', 'D:\\xampp\\htdocs...', 61, Array)
#1 D:\xampp\htdocs\peluit\system\View\View.php(214): include('D:\\xampp\\htdocs...')
#2 D:\xampp\htdocs\peluit\system\View\View.php(217): CodeIgniter\View\View->CodeIgniter\View\{closure}()
#3 D:\xampp\htdocs\peluit\system\Common.php(1097): CodeIgniter\View\View->render('print/tiket', Array, true)
#4 D:\xampp\htdocs\peluit\app\Controllers\Admin.php(126): view('print/tiket', Array)
#5 D:\xampp\htdocs\peluit\system\CodeIgniter.php(824): App\Controllers\Admin->print_tiket('42', 'MULYRWLKWI2W0FO...')
#6 D:\xampp\htdocs\peluit\system\CodeIgniter.php(410): CodeIgniter\CodeIgniter->runController(Object(App\Controllers\Admin))
#7 D:\xampp\htdocs\peluit\system\CodeIgniter.php(318): CodeIgniter\CodeIgniter->handleRequest(NULL, Object(Config\Cache), false)
#8 D:\xampp\htdocs\peluit\index.php(37): CodeIgniter\CodeIgniter->run()
#9 {main}
CRITICAL - 2023-08-16 09:27:28 --> Undefined variable: status
#0 D:\xampp\htdocs\peluit\app\Views\print\tiket.php(61): CodeIgniter\Debug\Exceptions->errorHandler(8, 'Undefined varia...', 'D:\\xampp\\htdocs...', 61, Array)
#1 D:\xampp\htdocs\peluit\system\View\View.php(214): include('D:\\xampp\\htdocs...')
#2 D:\xampp\htdocs\peluit\system\View\View.php(217): CodeIgniter\View\View->CodeIgniter\View\{closure}()
#3 D:\xampp\htdocs\peluit\system\Common.php(1097): CodeIgniter\View\View->render('print/tiket', Array, true)
#4 D:\xampp\htdocs\peluit\app\Controllers\Admin.php(126): view('print/tiket', Array)
#5 D:\xampp\htdocs\peluit\system\CodeIgniter.php(824): App\Controllers\Admin->print_tiket('42', 'MULYRWLKWI2W0FO...')
#6 D:\xampp\htdocs\peluit\system\CodeIgniter.php(410): CodeIgniter\CodeIgniter->runController(Object(App\Controllers\Admin))
#7 D:\xampp\htdocs\peluit\system\CodeIgniter.php(318): CodeIgniter\CodeIgniter->handleRequest(NULL, Object(Config\Cache), false)
#8 D:\xampp\htdocs\peluit\index.php(37): CodeIgniter\CodeIgniter->run()
#9 {main}
CRITICAL - 2023-08-16 09:27:45 --> Undefined variable: status
#0 D:\xampp\htdocs\peluit\app\Views\print\tiket.php(61): CodeIgniter\Debug\Exceptions->errorHandler(8, 'Undefined varia...', 'D:\\xampp\\htdocs...', 61, Array)
#1 D:\xampp\htdocs\peluit\system\View\View.php(214): include('D:\\xampp\\htdocs...')
#2 D:\xampp\htdocs\peluit\system\View\View.php(217): CodeIgniter\View\View->CodeIgniter\View\{closure}()
#3 D:\xampp\htdocs\peluit\system\Common.php(1097): CodeIgniter\View\View->render('print/tiket', Array, true)
#4 D:\xampp\htdocs\peluit\app\Controllers\Admin.php(127): view('print/tiket', Array)
#5 D:\xampp\htdocs\peluit\system\CodeIgniter.php(824): App\Controllers\Admin->print_tiket('42', 'MULYRWLKWI2W0FO...')
#6 D:\xampp\htdocs\peluit\system\CodeIgniter.php(410): CodeIgniter\CodeIgniter->runController(Object(App\Controllers\Admin))
#7 D:\xampp\htdocs\peluit\system\CodeIgniter.php(318): CodeIgniter\CodeIgniter->handleRequest(NULL, Object(Config\Cache), false)
#8 D:\xampp\htdocs\peluit\index.php(37): CodeIgniter\CodeIgniter->run()
#9 {main}
CRITICAL - 2023-08-16 09:27:46 --> Undefined variable: status
#0 D:\xampp\htdocs\peluit\app\Views\print\tiket.php(61): CodeIgniter\Debug\Exceptions->errorHandler(8, 'Undefined varia...', 'D:\\xampp\\htdocs...', 61, Array)
#1 D:\xampp\htdocs\peluit\system\View\View.php(214): include('D:\\xampp\\htdocs...')
#2 D:\xampp\htdocs\peluit\system\View\View.php(217): CodeIgniter\View\View->CodeIgniter\View\{closure}()
#3 D:\xampp\htdocs\peluit\system\Common.php(1097): CodeIgniter\View\View->render('print/tiket', Array, true)
#4 D:\xampp\htdocs\peluit\app\Controllers\Admin.php(127): view('print/tiket', Array)
#5 D:\xampp\htdocs\peluit\system\CodeIgniter.php(824): App\Controllers\Admin->print_tiket('42', 'MULYRWLKWI2W0FO...')
#6 D:\xampp\htdocs\peluit\system\CodeIgniter.php(410): CodeIgniter\CodeIgniter->runController(Object(App\Controllers\Admin))
#7 D:\xampp\htdocs\peluit\system\CodeIgniter.php(318): CodeIgniter\CodeIgniter->handleRequest(NULL, Object(Config\Cache), false)
#8 D:\xampp\htdocs\peluit\index.php(37): CodeIgniter\CodeIgniter->run()
#9 {main}
CRITICAL - 2023-08-16 09:34:49 --> Class 'App\Controllers\Tiket' not found
#0 D:\xampp\htdocs\peluit\system\CodeIgniter.php(824): App\Controllers\Home->detail_tiket_page('42', 'MULYRWLKWI2W0FO...')
#1 D:\xampp\htdocs\peluit\system\CodeIgniter.php(410): CodeIgniter\CodeIgniter->runController(Object(App\Controllers\Home))
#2 D:\xampp\htdocs\peluit\system\CodeIgniter.php(318): CodeIgniter\CodeIgniter->handleRequest(NULL, Object(Config\Cache), false)
#3 D:\xampp\htdocs\peluit\index.php(37): CodeIgniter\CodeIgniter->run()
#4 {main}
CRITICAL - 2023-08-16 09:36:20 --> Undefined variable: list_faq
#0 D:\xampp\htdocs\peluit\app\Views\homepage\tiket.php(38): CodeIgniter\Debug\Exceptions->errorHandler(8, 'Undefined varia...', 'D:\\xampp\\htdocs...', 38, Array)
#1 D:\xampp\htdocs\peluit\system\View\View.php(214): include('D:\\xampp\\htdocs...')
#2 D:\xampp\htdocs\peluit\system\View\View.php(217): CodeIgniter\View\View->CodeIgniter\View\{closure}()
#3 D:\xampp\htdocs\peluit\system\Common.php(1097): CodeIgniter\View\View->render('homepage/tiket', Array, true)
#4 D:\xampp\htdocs\peluit\app\Controllers\Home.php(169): view('homepage/tiket', Array)
#5 D:\xampp\htdocs\peluit\system\CodeIgniter.php(824): App\Controllers\Home->detail_tiket_page('42', 'MULYRWLKWI2W0FO...')
#6 D:\xampp\htdocs\peluit\system\CodeIgniter.php(410): CodeIgniter\CodeIgniter->runController(Object(App\Controllers\Home))
#7 D:\xampp\htdocs\peluit\system\CodeIgniter.php(318): CodeIgniter\CodeIgniter->handleRequest(NULL, Object(Config\Cache), false)
#8 D:\xampp\htdocs\peluit\index.php(37): CodeIgniter\CodeIgniter->run()
#9 {main}
ERROR - 2023-08-16 11:58:43 --> ErrorException: pg_query(): Query failed: ERROR:  argument of AND must be type boolean, not type double precision
LINE 7: AND date_part('year', tb_tiket.tgl_input)
            ^ in D:\xampp\htdocs\peluit\system\Database\Postgre\Connection.php:136
Stack trace:
#0 [internal function]: CodeIgniter\Debug\Exceptions->errorHandler(2, 'pg_query(): Que...', 'D:\\xampp\\htdocs...', 136, Array)
#1 D:\xampp\htdocs\peluit\system\Database\Postgre\Connection.php(136): pg_query(Resource id #126, 'SELECT "tb_tike...')
#2 D:\xampp\htdocs\peluit\system\Database\BaseConnection.php(670): CodeIgniter\Database\Postgre\Connection->execute('SELECT "tb_tike...')
#3 D:\xampp\htdocs\peluit\system\Database\BaseConnection.php(598): CodeIgniter\Database\BaseConnection->simpleQuery('SELECT "tb_tike...')
#4 D:\xampp\htdocs\peluit\system\Database\BaseBuilder.php(1443): CodeIgniter\Database\BaseConnection->query('SELECT "tb_tike...', Array, false)
#5 D:\xampp\htdocs\peluit\app\Controllers\Form.php(47): CodeIgniter\Database\BaseBuilder->get()
#6 D:\xampp\htdocs\peluit\system\CodeIgniter.php(824): App\Controllers\Form->get_count_tiket()
#7 D:\xampp\htdocs\peluit\system\CodeIgniter.php(410): CodeIgniter\CodeIgniter->runController(Object(App\Controllers\Form))
#8 D:\xampp\htdocs\peluit\system\CodeIgniter.php(318): CodeIgniter\CodeIgniter->handleRequest(NULL, Object(Config\Cache), false)
#9 D:\xampp\htdocs\peluit\index.php(37): CodeIgniter\CodeIgniter->run()
#10 {main}
CRITICAL - 2023-08-16 11:58:43 --> pg_query(): Query failed: ERROR:  argument of AND must be type boolean, not type double precision
LINE 7: AND date_part('year', tb_tiket.tgl_input)
            ^
#0 [internal function]: CodeIgniter\Debug\Exceptions->errorHandler(2, 'pg_query(): Que...', 'D:\\xampp\\htdocs...', 136, Array)
#1 D:\xampp\htdocs\peluit\system\Database\Postgre\Connection.php(136): pg_query(Resource id #126, 'SELECT "tb_tike...')
#2 D:\xampp\htdocs\peluit\system\Database\BaseConnection.php(670): CodeIgniter\Database\Postgre\Connection->execute('SELECT "tb_tike...')
#3 D:\xampp\htdocs\peluit\system\Database\BaseConnection.php(598): CodeIgniter\Database\BaseConnection->simpleQuery('SELECT "tb_tike...')
#4 D:\xampp\htdocs\peluit\system\Database\BaseBuilder.php(1443): CodeIgniter\Database\BaseConnection->query('SELECT "tb_tike...', Array, false)
#5 D:\xampp\htdocs\peluit\app\Controllers\Form.php(47): CodeIgniter\Database\BaseBuilder->get()
#6 D:\xampp\htdocs\peluit\system\CodeIgniter.php(824): App\Controllers\Form->get_count_tiket()
#7 D:\xampp\htdocs\peluit\system\CodeIgniter.php(410): CodeIgniter\CodeIgniter->runController(Object(App\Controllers\Form))
#8 D:\xampp\htdocs\peluit\system\CodeIgniter.php(318): CodeIgniter\CodeIgniter->handleRequest(NULL, Object(Config\Cache), false)
#9 D:\xampp\htdocs\peluit\index.php(37): CodeIgniter\CodeIgniter->run()
#10 {main}
CRITICAL - 2023-08-16 11:58:43 --> Uncaught CodeIgniter\Format\Exceptions\FormatException: Failed to parse json string, error: "Type is not supported". in D:\xampp\htdocs\peluit\system\Format\JSONFormatter.php:41
Stack trace:
#0 D:\xampp\htdocs\peluit\system\Format\JSONFormatter.php(41): CodeIgniter\Format\Exceptions\FormatException::forInvalidJSON('Type is not sup...')
#1 D:\xampp\htdocs\peluit\system\API\ResponseTrait.php(341): CodeIgniter\Format\JSONFormatter->format(Array)
#2 D:\xampp\htdocs\peluit\system\API\ResponseTrait.php(99): CodeIgniter\Debug\Exceptions->format(Array)
#3 D:\xampp\htdocs\peluit\system\Debug\Exceptions.php(110): CodeIgniter\Debug\Exceptions->respond(Array, 500)
#4 [internal function]: CodeIgniter\Debug\Exceptions->exceptionHandler(Object(ErrorException))
#5 {main}
  thrown
#0 [internal function]: CodeIgniter\Debug\Exceptions->shutdownHandler()
#1 {main}
ERROR - 2023-08-16 11:58:43 --> ErrorException: pg_query(): Query failed: ERROR:  argument of AND must be type boolean, not type double precision
LINE 7: AND date_part('year', tb_tiket.tgl_input)
            ^ in D:\xampp\htdocs\peluit\system\Database\Postgre\Connection.php:136
Stack trace:
#0 [internal function]: CodeIgniter\Debug\Exceptions->errorHandler(2, 'pg_query(): Que...', 'D:\\xampp\\htdocs...', 136, Array)
#1 D:\xampp\htdocs\peluit\system\Database\Postgre\Connection.php(136): pg_query(Resource id #126, 'SELECT "tb_tike...')
#2 D:\xampp\htdocs\peluit\system\Database\BaseConnection.php(670): CodeIgniter\Database\Postgre\Connection->execute('SELECT "tb_tike...')
#3 D:\xampp\htdocs\peluit\system\Database\BaseConnection.php(598): CodeIgniter\Database\BaseConnection->simpleQuery('SELECT "tb_tike...')
#4 D:\xampp\htdocs\peluit\system\Database\BaseBuilder.php(1443): CodeIgniter\Database\BaseConnection->query('SELECT "tb_tike...', Array, false)
#5 D:\xampp\htdocs\peluit\app\Controllers\Form.php(47): CodeIgniter\Database\BaseBuilder->get()
#6 D:\xampp\htdocs\peluit\system\CodeIgniter.php(824): App\Controllers\Form->get_count_tiket()
#7 D:\xampp\htdocs\peluit\system\CodeIgniter.php(410): CodeIgniter\CodeIgniter->runController(Object(App\Controllers\Form))
#8 D:\xampp\htdocs\peluit\system\CodeIgniter.php(318): CodeIgniter\CodeIgniter->handleRequest(NULL, Object(Config\Cache), false)
#9 D:\xampp\htdocs\peluit\index.php(37): CodeIgniter\CodeIgniter->run()
#10 {main}
CRITICAL - 2023-08-16 11:58:43 --> pg_query(): Query failed: ERROR:  argument of AND must be type boolean, not type double precision
LINE 7: AND date_part('year', tb_tiket.tgl_input)
            ^
#0 [internal function]: CodeIgniter\Debug\Exceptions->errorHandler(2, 'pg_query(): Que...', 'D:\\xampp\\htdocs...', 136, Array)
#1 D:\xampp\htdocs\peluit\system\Database\Postgre\Connection.php(136): pg_query(Resource id #126, 'SELECT "tb_tike...')
#2 D:\xampp\htdocs\peluit\system\Database\BaseConnection.php(670): CodeIgniter\Database\Postgre\Connection->execute('SELECT "tb_tike...')
#3 D:\xampp\htdocs\peluit\system\Database\BaseConnection.php(598): CodeIgniter\Database\BaseConnection->simpleQuery('SELECT "tb_tike...')
#4 D:\xampp\htdocs\peluit\system\Database\BaseBuilder.php(1443): CodeIgniter\Database\BaseConnection->query('SELECT "tb_tike...', Array, false)
#5 D:\xampp\htdocs\peluit\app\Controllers\Form.php(47): CodeIgniter\Database\BaseBuilder->get()
#6 D:\xampp\htdocs\peluit\system\CodeIgniter.php(824): App\Controllers\Form->get_count_tiket()
#7 D:\xampp\htdocs\peluit\system\CodeIgniter.php(410): CodeIgniter\CodeIgniter->runController(Object(App\Controllers\Form))
#8 D:\xampp\htdocs\peluit\system\CodeIgniter.php(318): CodeIgniter\CodeIgniter->handleRequest(NULL, Object(Config\Cache), false)
#9 D:\xampp\htdocs\peluit\index.php(37): CodeIgniter\CodeIgniter->run()
#10 {main}
CRITICAL - 2023-08-16 11:58:43 --> Uncaught CodeIgniter\Format\Exceptions\FormatException: Failed to parse json string, error: "Type is not supported". in D:\xampp\htdocs\peluit\system\Format\JSONFormatter.php:41
Stack trace:
#0 D:\xampp\htdocs\peluit\system\Format\JSONFormatter.php(41): CodeIgniter\Format\Exceptions\FormatException::forInvalidJSON('Type is not sup...')
#1 D:\xampp\htdocs\peluit\system\API\ResponseTrait.php(341): CodeIgniter\Format\JSONFormatter->format(Array)
#2 D:\xampp\htdocs\peluit\system\API\ResponseTrait.php(99): CodeIgniter\Debug\Exceptions->format(Array)
#3 D:\xampp\htdocs\peluit\system\Debug\Exceptions.php(110): CodeIgniter\Debug\Exceptions->respond(Array, 500)
#4 [internal function]: CodeIgniter\Debug\Exceptions->exceptionHandler(Object(ErrorException))
#5 {main}
  thrown
#0 [internal function]: CodeIgniter\Debug\Exceptions->shutdownHandler()
#1 {main}
ERROR - 2023-08-16 12:57:02 --> ErrorException: pg_query(): Query failed: ERROR:  invalid input syntax for type double precision: &quot;&quot;
LINE 7: AND date_part('year', tb_tiket.tgl_input) = ''
                                                    ^ in D:\xampp\htdocs\peluit\system\Database\Postgre\Connection.php:136
Stack trace:
#0 [internal function]: CodeIgniter\Debug\Exceptions->errorHandler(2, 'pg_query(): Que...', 'D:\\xampp\\htdocs...', 136, Array)
#1 D:\xampp\htdocs\peluit\system\Database\Postgre\Connection.php(136): pg_query(Resource id #126, 'SELECT "tb_tike...')
#2 D:\xampp\htdocs\peluit\system\Database\BaseConnection.php(670): CodeIgniter\Database\Postgre\Connection->execute('SELECT "tb_tike...')
#3 D:\xampp\htdocs\peluit\system\Database\BaseConnection.php(598): CodeIgniter\Database\BaseConnection->simpleQuery('SELECT "tb_tike...')
#4 D:\xampp\htdocs\peluit\system\Database\BaseBuilder.php(1443): CodeIgniter\Database\BaseConnection->query('SELECT "tb_tike...', Array, false)
#5 D:\xampp\htdocs\peluit\app\Controllers\Form.php(47): CodeIgniter\Database\BaseBuilder->get()
#6 D:\xampp\htdocs\peluit\system\CodeIgniter.php(824): App\Controllers\Form->get_count_tiket()
#7 D:\xampp\htdocs\peluit\system\CodeIgniter.php(410): CodeIgniter\CodeIgniter->runController(Object(App\Controllers\Form))
#8 D:\xampp\htdocs\peluit\system\CodeIgniter.php(318): CodeIgniter\CodeIgniter->handleRequest(NULL, Object(Config\Cache), false)
#9 D:\xampp\htdocs\peluit\index.php(37): CodeIgniter\CodeIgniter->run()
#10 {main}
CRITICAL - 2023-08-16 12:57:02 --> pg_query(): Query failed: ERROR:  invalid input syntax for type double precision: &quot;&quot;
LINE 7: AND date_part('year', tb_tiket.tgl_input) = ''
                                                    ^
#0 [internal function]: CodeIgniter\Debug\Exceptions->errorHandler(2, 'pg_query(): Que...', 'D:\\xampp\\htdocs...', 136, Array)
#1 D:\xampp\htdocs\peluit\system\Database\Postgre\Connection.php(136): pg_query(Resource id #126, 'SELECT "tb_tike...')
#2 D:\xampp\htdocs\peluit\system\Database\BaseConnection.php(670): CodeIgniter\Database\Postgre\Connection->execute('SELECT "tb_tike...')
#3 D:\xampp\htdocs\peluit\system\Database\BaseConnection.php(598): CodeIgniter\Database\BaseConnection->simpleQuery('SELECT "tb_tike...')
#4 D:\xampp\htdocs\peluit\system\Database\BaseBuilder.php(1443): CodeIgniter\Database\BaseConnection->query('SELECT "tb_tike...', Array, false)
#5 D:\xampp\htdocs\peluit\app\Controllers\Form.php(47): CodeIgniter\Database\BaseBuilder->get()
#6 D:\xampp\htdocs\peluit\system\CodeIgniter.php(824): App\Controllers\Form->get_count_tiket()
#7 D:\xampp\htdocs\peluit\system\CodeIgniter.php(410): CodeIgniter\CodeIgniter->runController(Object(App\Controllers\Form))
#8 D:\xampp\htdocs\peluit\system\CodeIgniter.php(318): CodeIgniter\CodeIgniter->handleRequest(NULL, Object(Config\Cache), false)
#9 D:\xampp\htdocs\peluit\index.php(37): CodeIgniter\CodeIgniter->run()
#10 {main}
CRITICAL - 2023-08-16 12:57:02 --> Uncaught CodeIgniter\Format\Exceptions\FormatException: Failed to parse json string, error: "Type is not supported". in D:\xampp\htdocs\peluit\system\Format\JSONFormatter.php:41
Stack trace:
#0 D:\xampp\htdocs\peluit\system\Format\JSONFormatter.php(41): CodeIgniter\Format\Exceptions\FormatException::forInvalidJSON('Type is not sup...')
#1 D:\xampp\htdocs\peluit\system\API\ResponseTrait.php(341): CodeIgniter\Format\JSONFormatter->format(Array)
#2 D:\xampp\htdocs\peluit\system\API\ResponseTrait.php(99): CodeIgniter\Debug\Exceptions->format(Array)
#3 D:\xampp\htdocs\peluit\system\Debug\Exceptions.php(110): CodeIgniter\Debug\Exceptions->respond(Array, 500)
#4 [internal function]: CodeIgniter\Debug\Exceptions->exceptionHandler(Object(ErrorException))
#5 {main}
  thrown
#0 [internal function]: CodeIgniter\Debug\Exceptions->shutdownHandler()
#1 {main}
ERROR - 2023-08-16 12:57:45 --> ErrorException: pg_query(): Query failed: ERROR:  invalid input syntax for type double precision: &quot;&quot;
LINE 7: AND date_part('year', tb_tiket.tgl_input) = ''
                                                    ^ in D:\xampp\htdocs\peluit\system\Database\Postgre\Connection.php:136
Stack trace:
#0 [internal function]: CodeIgniter\Debug\Exceptions->errorHandler(2, 'pg_query(): Que...', 'D:\\xampp\\htdocs...', 136, Array)
#1 D:\xampp\htdocs\peluit\system\Database\Postgre\Connection.php(136): pg_query(Resource id #126, 'SELECT "tb_tike...')
#2 D:\xampp\htdocs\peluit\system\Database\BaseConnection.php(670): CodeIgniter\Database\Postgre\Connection->execute('SELECT "tb_tike...')
#3 D:\xampp\htdocs\peluit\system\Database\BaseConnection.php(598): CodeIgniter\Database\BaseConnection->simpleQuery('SELECT "tb_tike...')
#4 D:\xampp\htdocs\peluit\system\Database\BaseBuilder.php(1443): CodeIgniter\Database\BaseConnection->query('SELECT "tb_tike...', Array, false)
#5 D:\xampp\htdocs\peluit\app\Controllers\Form.php(47): CodeIgniter\Database\BaseBuilder->get()
#6 D:\xampp\htdocs\peluit\system\CodeIgniter.php(824): App\Controllers\Form->get_count_tiket()
#7 D:\xampp\htdocs\peluit\system\CodeIgniter.php(410): CodeIgniter\CodeIgniter->runController(Object(App\Controllers\Form))
#8 D:\xampp\htdocs\peluit\system\CodeIgniter.php(318): CodeIgniter\CodeIgniter->handleRequest(NULL, Object(Config\Cache), false)
#9 D:\xampp\htdocs\peluit\index.php(37): CodeIgniter\CodeIgniter->run()
#10 {main}
CRITICAL - 2023-08-16 12:57:45 --> pg_query(): Query failed: ERROR:  invalid input syntax for type double precision: &quot;&quot;
LINE 7: AND date_part('year', tb_tiket.tgl_input) = ''
                                                    ^
#0 [internal function]: CodeIgniter\Debug\Exceptions->errorHandler(2, 'pg_query(): Que...', 'D:\\xampp\\htdocs...', 136, Array)
#1 D:\xampp\htdocs\peluit\system\Database\Postgre\Connection.php(136): pg_query(Resource id #126, 'SELECT "tb_tike...')
#2 D:\xampp\htdocs\peluit\system\Database\BaseConnection.php(670): CodeIgniter\Database\Postgre\Connection->execute('SELECT "tb_tike...')
#3 D:\xampp\htdocs\peluit\system\Database\BaseConnection.php(598): CodeIgniter\Database\BaseConnection->simpleQuery('SELECT "tb_tike...')
#4 D:\xampp\htdocs\peluit\system\Database\BaseBuilder.php(1443): CodeIgniter\Database\BaseConnection->query('SELECT "tb_tike...', Array, false)
#5 D:\xampp\htdocs\peluit\app\Controllers\Form.php(47): CodeIgniter\Database\BaseBuilder->get()
#6 D:\xampp\htdocs\peluit\system\CodeIgniter.php(824): App\Controllers\Form->get_count_tiket()
#7 D:\xampp\htdocs\peluit\system\CodeIgniter.php(410): CodeIgniter\CodeIgniter->runController(Object(App\Controllers\Form))
#8 D:\xampp\htdocs\peluit\system\CodeIgniter.php(318): CodeIgniter\CodeIgniter->handleRequest(NULL, Object(Config\Cache), false)
#9 D:\xampp\htdocs\peluit\index.php(37): CodeIgniter\CodeIgniter->run()
#10 {main}
CRITICAL - 2023-08-16 12:57:45 --> Uncaught CodeIgniter\Format\Exceptions\FormatException: Failed to parse json string, error: "Type is not supported". in D:\xampp\htdocs\peluit\system\Format\JSONFormatter.php:41
Stack trace:
#0 D:\xampp\htdocs\peluit\system\Format\JSONFormatter.php(41): CodeIgniter\Format\Exceptions\FormatException::forInvalidJSON('Type is not sup...')
#1 D:\xampp\htdocs\peluit\system\API\ResponseTrait.php(341): CodeIgniter\Format\JSONFormatter->format(Array)
#2 D:\xampp\htdocs\peluit\system\API\ResponseTrait.php(99): CodeIgniter\Debug\Exceptions->format(Array)
#3 D:\xampp\htdocs\peluit\system\Debug\Exceptions.php(110): CodeIgniter\Debug\Exceptions->respond(Array, 500)
#4 [internal function]: CodeIgniter\Debug\Exceptions->exceptionHandler(Object(ErrorException))
#5 {main}
  thrown
#0 [internal function]: CodeIgniter\Debug\Exceptions->shutdownHandler()
#1 {main}
ERROR - 2023-08-16 12:58:19 --> ErrorException: pg_query(): Query failed: ERROR:  invalid input syntax for type double precision: &quot;&quot;
LINE 7: AND date_part('year', tb_tiket.tgl_input) = ''
                                                    ^ in D:\xampp\htdocs\peluit\system\Database\Postgre\Connection.php:136
Stack trace:
#0 [internal function]: CodeIgniter\Debug\Exceptions->errorHandler(2, 'pg_query(): Que...', 'D:\\xampp\\htdocs...', 136, Array)
#1 D:\xampp\htdocs\peluit\system\Database\Postgre\Connection.php(136): pg_query(Resource id #126, 'SELECT COUNT(*)...')
#2 D:\xampp\htdocs\peluit\system\Database\BaseConnection.php(670): CodeIgniter\Database\Postgre\Connection->execute('SELECT COUNT(*)...')
#3 D:\xampp\htdocs\peluit\system\Database\BaseConnection.php(598): CodeIgniter\Database\BaseConnection->simpleQuery('SELECT COUNT(*)...')
#4 D:\xampp\htdocs\peluit\system\Database\BaseBuilder.php(1527): CodeIgniter\Database\BaseConnection->query('SELECT COUNT(*)...', Array, false)
#5 D:\xampp\htdocs\peluit\app\Controllers\Form.php(47): CodeIgniter\Database\BaseBuilder->countAllResults()
#6 D:\xampp\htdocs\peluit\system\CodeIgniter.php(824): App\Controllers\Form->get_count_tiket()
#7 D:\xampp\htdocs\peluit\system\CodeIgniter.php(410): CodeIgniter\CodeIgniter->runController(Object(App\Controllers\Form))
#8 D:\xampp\htdocs\peluit\system\CodeIgniter.php(318): CodeIgniter\CodeIgniter->handleRequest(NULL, Object(Config\Cache), false)
#9 D:\xampp\htdocs\peluit\index.php(37): CodeIgniter\CodeIgniter->run()
#10 {main}
CRITICAL - 2023-08-16 12:58:19 --> pg_query(): Query failed: ERROR:  invalid input syntax for type double precision: &quot;&quot;
LINE 7: AND date_part('year', tb_tiket.tgl_input) = ''
                                                    ^
#0 [internal function]: CodeIgniter\Debug\Exceptions->errorHandler(2, 'pg_query(): Que...', 'D:\\xampp\\htdocs...', 136, Array)
#1 D:\xampp\htdocs\peluit\system\Database\Postgre\Connection.php(136): pg_query(Resource id #126, 'SELECT COUNT(*)...')
#2 D:\xampp\htdocs\peluit\system\Database\BaseConnection.php(670): CodeIgniter\Database\Postgre\Connection->execute('SELECT COUNT(*)...')
#3 D:\xampp\htdocs\peluit\system\Database\BaseConnection.php(598): CodeIgniter\Database\BaseConnection->simpleQuery('SELECT COUNT(*)...')
#4 D:\xampp\htdocs\peluit\system\Database\BaseBuilder.php(1527): CodeIgniter\Database\BaseConnection->query('SELECT COUNT(*)...', Array, false)
#5 D:\xampp\htdocs\peluit\app\Controllers\Form.php(47): CodeIgniter\Database\BaseBuilder->countAllResults()
#6 D:\xampp\htdocs\peluit\system\CodeIgniter.php(824): App\Controllers\Form->get_count_tiket()
#7 D:\xampp\htdocs\peluit\system\CodeIgniter.php(410): CodeIgniter\CodeIgniter->runController(Object(App\Controllers\Form))
#8 D:\xampp\htdocs\peluit\system\CodeIgniter.php(318): CodeIgniter\CodeIgniter->handleRequest(NULL, Object(Config\Cache), false)
#9 D:\xampp\htdocs\peluit\index.php(37): CodeIgniter\CodeIgniter->run()
#10 {main}
CRITICAL - 2023-08-16 12:58:19 --> Uncaught CodeIgniter\Format\Exceptions\FormatException: Failed to parse json string, error: "Type is not supported". in D:\xampp\htdocs\peluit\system\Format\JSONFormatter.php:41
Stack trace:
#0 D:\xampp\htdocs\peluit\system\Format\JSONFormatter.php(41): CodeIgniter\Format\Exceptions\FormatException::forInvalidJSON('Type is not sup...')
#1 D:\xampp\htdocs\peluit\system\API\ResponseTrait.php(341): CodeIgniter\Format\JSONFormatter->format(Array)
#2 D:\xampp\htdocs\peluit\system\API\ResponseTrait.php(99): CodeIgniter\Debug\Exceptions->format(Array)
#3 D:\xampp\htdocs\peluit\system\Debug\Exceptions.php(110): CodeIgniter\Debug\Exceptions->respond(Array, 500)
#4 [internal function]: CodeIgniter\Debug\Exceptions->exceptionHandler(Object(ErrorException))
#5 {main}
  thrown
#0 [internal function]: CodeIgniter\Debug\Exceptions->shutdownHandler()
#1 {main}
ERROR - 2023-08-16 12:58:22 --> ErrorException: pg_query(): Query failed: ERROR:  invalid input syntax for type double precision: &quot;&quot;
LINE 7: AND date_part('year', tb_tiket.tgl_input) = ''
                                                    ^ in D:\xampp\htdocs\peluit\system\Database\Postgre\Connection.php:136
Stack trace:
#0 [internal function]: CodeIgniter\Debug\Exceptions->errorHandler(2, 'pg_query(): Que...', 'D:\\xampp\\htdocs...', 136, Array)
#1 D:\xampp\htdocs\peluit\system\Database\Postgre\Connection.php(136): pg_query(Resource id #126, 'SELECT COUNT(*)...')
#2 D:\xampp\htdocs\peluit\system\Database\BaseConnection.php(670): CodeIgniter\Database\Postgre\Connection->execute('SELECT COUNT(*)...')
#3 D:\xampp\htdocs\peluit\system\Database\BaseConnection.php(598): CodeIgniter\Database\BaseConnection->simpleQuery('SELECT COUNT(*)...')
#4 D:\xampp\htdocs\peluit\system\Database\BaseBuilder.php(1527): CodeIgniter\Database\BaseConnection->query('SELECT COUNT(*)...', Array, false)
#5 D:\xampp\htdocs\peluit\app\Controllers\Form.php(47): CodeIgniter\Database\BaseBuilder->countAllResults()
#6 D:\xampp\htdocs\peluit\system\CodeIgniter.php(824): App\Controllers\Form->get_count_tiket()
#7 D:\xampp\htdocs\peluit\system\CodeIgniter.php(410): CodeIgniter\CodeIgniter->runController(Object(App\Controllers\Form))
#8 D:\xampp\htdocs\peluit\system\CodeIgniter.php(318): CodeIgniter\CodeIgniter->handleRequest(NULL, Object(Config\Cache), false)
#9 D:\xampp\htdocs\peluit\index.php(37): CodeIgniter\CodeIgniter->run()
#10 {main}
CRITICAL - 2023-08-16 12:58:22 --> pg_query(): Query failed: ERROR:  invalid input syntax for type double precision: &quot;&quot;
LINE 7: AND date_part('year', tb_tiket.tgl_input) = ''
                                                    ^
#0 [internal function]: CodeIgniter\Debug\Exceptions->errorHandler(2, 'pg_query(): Que...', 'D:\\xampp\\htdocs...', 136, Array)
#1 D:\xampp\htdocs\peluit\system\Database\Postgre\Connection.php(136): pg_query(Resource id #126, 'SELECT COUNT(*)...')
#2 D:\xampp\htdocs\peluit\system\Database\BaseConnection.php(670): CodeIgniter\Database\Postgre\Connection->execute('SELECT COUNT(*)...')
#3 D:\xampp\htdocs\peluit\system\Database\BaseConnection.php(598): CodeIgniter\Database\BaseConnection->simpleQuery('SELECT COUNT(*)...')
#4 D:\xampp\htdocs\peluit\system\Database\BaseBuilder.php(1527): CodeIgniter\Database\BaseConnection->query('SELECT COUNT(*)...', Array, false)
#5 D:\xampp\htdocs\peluit\app\Controllers\Form.php(47): CodeIgniter\Database\BaseBuilder->countAllResults()
#6 D:\xampp\htdocs\peluit\system\CodeIgniter.php(824): App\Controllers\Form->get_count_tiket()
#7 D:\xampp\htdocs\peluit\system\CodeIgniter.php(410): CodeIgniter\CodeIgniter->runController(Object(App\Controllers\Form))
#8 D:\xampp\htdocs\peluit\system\CodeIgniter.php(318): CodeIgniter\CodeIgniter->handleRequest(NULL, Object(Config\Cache), false)
#9 D:\xampp\htdocs\peluit\index.php(37): CodeIgniter\CodeIgniter->run()
#10 {main}
CRITICAL - 2023-08-16 12:58:22 --> Uncaught CodeIgniter\Format\Exceptions\FormatException: Failed to parse json string, error: "Type is not supported". in D:\xampp\htdocs\peluit\system\Format\JSONFormatter.php:41
Stack trace:
#0 D:\xampp\htdocs\peluit\system\Format\JSONFormatter.php(41): CodeIgniter\Format\Exceptions\FormatException::forInvalidJSON('Type is not sup...')
#1 D:\xampp\htdocs\peluit\system\API\ResponseTrait.php(341): CodeIgniter\Format\JSONFormatter->format(Array)
#2 D:\xampp\htdocs\peluit\system\API\ResponseTrait.php(99): CodeIgniter\Debug\Exceptions->format(Array)
#3 D:\xampp\htdocs\peluit\system\Debug\Exceptions.php(110): CodeIgniter\Debug\Exceptions->respond(Array, 500)
#4 [internal function]: CodeIgniter\Debug\Exceptions->exceptionHandler(Object(ErrorException))
#5 {main}
  thrown
#0 [internal function]: CodeIgniter\Debug\Exceptions->shutdownHandler()
#1 {main}
ERROR - 2023-08-16 12:58:30 --> ErrorException: pg_query(): Query failed: ERROR:  invalid input syntax for type double precision: &quot;&quot;
LINE 7: AND date_part('year', tb_tiket.tgl_input) = ''
                                                    ^ in D:\xampp\htdocs\peluit\system\Database\Postgre\Connection.php:136
Stack trace:
#0 [internal function]: CodeIgniter\Debug\Exceptions->errorHandler(2, 'pg_query(): Que...', 'D:\\xampp\\htdocs...', 136, Array)
#1 D:\xampp\htdocs\peluit\system\Database\Postgre\Connection.php(136): pg_query(Resource id #126, 'SELECT "tb_tike...')
#2 D:\xampp\htdocs\peluit\system\Database\BaseConnection.php(670): CodeIgniter\Database\Postgre\Connection->execute('SELECT "tb_tike...')
#3 D:\xampp\htdocs\peluit\system\Database\BaseConnection.php(598): CodeIgniter\Database\BaseConnection->simpleQuery('SELECT "tb_tike...')
#4 D:\xampp\htdocs\peluit\system\Database\BaseBuilder.php(1443): CodeIgniter\Database\BaseConnection->query('SELECT "tb_tike...', Array, false)
#5 D:\xampp\htdocs\peluit\app\Controllers\Form.php(47): CodeIgniter\Database\BaseBuilder->get()
#6 D:\xampp\htdocs\peluit\system\CodeIgniter.php(824): App\Controllers\Form->get_count_tiket()
#7 D:\xampp\htdocs\peluit\system\CodeIgniter.php(410): CodeIgniter\CodeIgniter->runController(Object(App\Controllers\Form))
#8 D:\xampp\htdocs\peluit\system\CodeIgniter.php(318): CodeIgniter\CodeIgniter->handleRequest(NULL, Object(Config\Cache), false)
#9 D:\xampp\htdocs\peluit\index.php(37): CodeIgniter\CodeIgniter->run()
#10 {main}
CRITICAL - 2023-08-16 12:58:30 --> pg_query(): Query failed: ERROR:  invalid input syntax for type double precision: &quot;&quot;
LINE 7: AND date_part('year', tb_tiket.tgl_input) = ''
                                                    ^
#0 [internal function]: CodeIgniter\Debug\Exceptions->errorHandler(2, 'pg_query(): Que...', 'D:\\xampp\\htdocs...', 136, Array)
#1 D:\xampp\htdocs\peluit\system\Database\Postgre\Connection.php(136): pg_query(Resource id #126, 'SELECT "tb_tike...')
#2 D:\xampp\htdocs\peluit\system\Database\BaseConnection.php(670): CodeIgniter\Database\Postgre\Connection->execute('SELECT "tb_tike...')
#3 D:\xampp\htdocs\peluit\system\Database\BaseConnection.php(598): CodeIgniter\Database\BaseConnection->simpleQuery('SELECT "tb_tike...')
#4 D:\xampp\htdocs\peluit\system\Database\BaseBuilder.php(1443): CodeIgniter\Database\BaseConnection->query('SELECT "tb_tike...', Array, false)
#5 D:\xampp\htdocs\peluit\app\Controllers\Form.php(47): CodeIgniter\Database\BaseBuilder->get()
#6 D:\xampp\htdocs\peluit\system\CodeIgniter.php(824): App\Controllers\Form->get_count_tiket()
#7 D:\xampp\htdocs\peluit\system\CodeIgniter.php(410): CodeIgniter\CodeIgniter->runController(Object(App\Controllers\Form))
#8 D:\xampp\htdocs\peluit\system\CodeIgniter.php(318): CodeIgniter\CodeIgniter->handleRequest(NULL, Object(Config\Cache), false)
#9 D:\xampp\htdocs\peluit\index.php(37): CodeIgniter\CodeIgniter->run()
#10 {main}
CRITICAL - 2023-08-16 12:58:30 --> Uncaught CodeIgniter\Format\Exceptions\FormatException: Failed to parse json string, error: "Type is not supported". in D:\xampp\htdocs\peluit\system\Format\JSONFormatter.php:41
Stack trace:
#0 D:\xampp\htdocs\peluit\system\Format\JSONFormatter.php(41): CodeIgniter\Format\Exceptions\FormatException::forInvalidJSON('Type is not sup...')
#1 D:\xampp\htdocs\peluit\system\API\ResponseTrait.php(341): CodeIgniter\Format\JSONFormatter->format(Array)
#2 D:\xampp\htdocs\peluit\system\API\ResponseTrait.php(99): CodeIgniter\Debug\Exceptions->format(Array)
#3 D:\xampp\htdocs\peluit\system\Debug\Exceptions.php(110): CodeIgniter\Debug\Exceptions->respond(Array, 500)
#4 [internal function]: CodeIgniter\Debug\Exceptions->exceptionHandler(Object(ErrorException))
#5 {main}
  thrown
#0 [internal function]: CodeIgniter\Debug\Exceptions->shutdownHandler()
#1 {main}
ERROR - 2023-08-16 12:58:34 --> ErrorException: pg_query(): Query failed: ERROR:  invalid input syntax for type double precision: &quot;&quot;
LINE 7: AND date_part('year', tb_tiket.tgl_input) = ''
                                                    ^ in D:\xampp\htdocs\peluit\system\Database\Postgre\Connection.php:136
Stack trace:
#0 [internal function]: CodeIgniter\Debug\Exceptions->errorHandler(2, 'pg_query(): Que...', 'D:\\xampp\\htdocs...', 136, Array)
#1 D:\xampp\htdocs\peluit\system\Database\Postgre\Connection.php(136): pg_query(Resource id #126, 'SELECT "tb_tike...')
#2 D:\xampp\htdocs\peluit\system\Database\BaseConnection.php(670): CodeIgniter\Database\Postgre\Connection->execute('SELECT "tb_tike...')
#3 D:\xampp\htdocs\peluit\system\Database\BaseConnection.php(598): CodeIgniter\Database\BaseConnection->simpleQuery('SELECT "tb_tike...')
#4 D:\xampp\htdocs\peluit\system\Database\BaseBuilder.php(1443): CodeIgniter\Database\BaseConnection->query('SELECT "tb_tike...', Array, false)
#5 D:\xampp\htdocs\peluit\app\Controllers\Form.php(47): CodeIgniter\Database\BaseBuilder->get()
#6 D:\xampp\htdocs\peluit\system\CodeIgniter.php(824): App\Controllers\Form->get_count_tiket()
#7 D:\xampp\htdocs\peluit\system\CodeIgniter.php(410): CodeIgniter\CodeIgniter->runController(Object(App\Controllers\Form))
#8 D:\xampp\htdocs\peluit\system\CodeIgniter.php(318): CodeIgniter\CodeIgniter->handleRequest(NULL, Object(Config\Cache), false)
#9 D:\xampp\htdocs\peluit\index.php(37): CodeIgniter\CodeIgniter->run()
#10 {main}
CRITICAL - 2023-08-16 12:58:34 --> pg_query(): Query failed: ERROR:  invalid input syntax for type double precision: &quot;&quot;
LINE 7: AND date_part('year', tb_tiket.tgl_input) = ''
                                                    ^
#0 [internal function]: CodeIgniter\Debug\Exceptions->errorHandler(2, 'pg_query(): Que...', 'D:\\xampp\\htdocs...', 136, Array)
#1 D:\xampp\htdocs\peluit\system\Database\Postgre\Connection.php(136): pg_query(Resource id #126, 'SELECT "tb_tike...')
#2 D:\xampp\htdocs\peluit\system\Database\BaseConnection.php(670): CodeIgniter\Database\Postgre\Connection->execute('SELECT "tb_tike...')
#3 D:\xampp\htdocs\peluit\system\Database\BaseConnection.php(598): CodeIgniter\Database\BaseConnection->simpleQuery('SELECT "tb_tike...')
#4 D:\xampp\htdocs\peluit\system\Database\BaseBuilder.php(1443): CodeIgniter\Database\BaseConnection->query('SELECT "tb_tike...', Array, false)
#5 D:\xampp\htdocs\peluit\app\Controllers\Form.php(47): CodeIgniter\Database\BaseBuilder->get()
#6 D:\xampp\htdocs\peluit\system\CodeIgniter.php(824): App\Controllers\Form->get_count_tiket()
#7 D:\xampp\htdocs\peluit\system\CodeIgniter.php(410): CodeIgniter\CodeIgniter->runController(Object(App\Controllers\Form))
#8 D:\xampp\htdocs\peluit\system\CodeIgniter.php(318): CodeIgniter\CodeIgniter->handleRequest(NULL, Object(Config\Cache), false)
#9 D:\xampp\htdocs\peluit\index.php(37): CodeIgniter\CodeIgniter->run()
#10 {main}
CRITICAL - 2023-08-16 12:58:34 --> Uncaught CodeIgniter\Format\Exceptions\FormatException: Failed to parse json string, error: "Type is not supported". in D:\xampp\htdocs\peluit\system\Format\JSONFormatter.php:41
Stack trace:
#0 D:\xampp\htdocs\peluit\system\Format\JSONFormatter.php(41): CodeIgniter\Format\Exceptions\FormatException::forInvalidJSON('Type is not sup...')
#1 D:\xampp\htdocs\peluit\system\API\ResponseTrait.php(341): CodeIgniter\Format\JSONFormatter->format(Array)
#2 D:\xampp\htdocs\peluit\system\API\ResponseTrait.php(99): CodeIgniter\Debug\Exceptions->format(Array)
#3 D:\xampp\htdocs\peluit\system\Debug\Exceptions.php(110): CodeIgniter\Debug\Exceptions->respond(Array, 500)
#4 [internal function]: CodeIgniter\Debug\Exceptions->exceptionHandler(Object(ErrorException))
#5 {main}
  thrown
#0 [internal function]: CodeIgniter\Debug\Exceptions->shutdownHandler()
#1 {main}
CRITICAL - 2023-08-16 12:59:31 --> Call to undefined method CodeIgniter\Database\Postgre\Result::countAllResults()
#0 D:\xampp\htdocs\peluit\system\CodeIgniter.php(824): App\Controllers\Form->get_count_tiket()
#1 D:\xampp\htdocs\peluit\system\CodeIgniter.php(410): CodeIgniter\CodeIgniter->runController(Object(App\Controllers\Form))
#2 D:\xampp\htdocs\peluit\system\CodeIgniter.php(318): CodeIgniter\CodeIgniter->handleRequest(NULL, Object(Config\Cache), false)
#3 D:\xampp\htdocs\peluit\index.php(37): CodeIgniter\CodeIgniter->run()
#4 {main}
ERROR - 2023-08-16 13:00:03 --> ErrorException: pg_query(): Query failed: ERROR:  invalid input syntax for type double precision: &quot;&quot;
LINE 6: WHERE date_part('year', tb_tiket.tgl_input) = ''
                                                      ^ in D:\xampp\htdocs\peluit\system\Database\Postgre\Connection.php:136
Stack trace:
#0 [internal function]: CodeIgniter\Debug\Exceptions->errorHandler(2, 'pg_query(): Que...', 'D:\\xampp\\htdocs...', 136, Array)
#1 D:\xampp\htdocs\peluit\system\Database\Postgre\Connection.php(136): pg_query(Resource id #126, 'SELECT COUNT(*)...')
#2 D:\xampp\htdocs\peluit\system\Database\BaseConnection.php(670): CodeIgniter\Database\Postgre\Connection->execute('SELECT COUNT(*)...')
#3 D:\xampp\htdocs\peluit\system\Database\BaseConnection.php(598): CodeIgniter\Database\BaseConnection->simpleQuery('SELECT COUNT(*)...')
#4 D:\xampp\htdocs\peluit\system\Database\BaseBuilder.php(1527): CodeIgniter\Database\BaseConnection->query('SELECT COUNT(*)...', Array, false)
#5 D:\xampp\htdocs\peluit\app\Controllers\Form.php(47): CodeIgniter\Database\BaseBuilder->countAllResults()
#6 D:\xampp\htdocs\peluit\system\CodeIgniter.php(824): App\Controllers\Form->get_count_tiket()
#7 D:\xampp\htdocs\peluit\system\CodeIgniter.php(410): CodeIgniter\CodeIgniter->runController(Object(App\Controllers\Form))
#8 D:\xampp\htdocs\peluit\system\CodeIgniter.php(318): CodeIgniter\CodeIgniter->handleRequest(NULL, Object(Config\Cache), false)
#9 D:\xampp\htdocs\peluit\index.php(37): CodeIgniter\CodeIgniter->run()
#10 {main}
CRITICAL - 2023-08-16 13:00:03 --> pg_query(): Query failed: ERROR:  invalid input syntax for type double precision: &quot;&quot;
LINE 6: WHERE date_part('year', tb_tiket.tgl_input) = ''
                                                      ^
#0 [internal function]: CodeIgniter\Debug\Exceptions->errorHandler(2, 'pg_query(): Que...', 'D:\\xampp\\htdocs...', 136, Array)
#1 D:\xampp\htdocs\peluit\system\Database\Postgre\Connection.php(136): pg_query(Resource id #126, 'SELECT COUNT(*)...')
#2 D:\xampp\htdocs\peluit\system\Database\BaseConnection.php(670): CodeIgniter\Database\Postgre\Connection->execute('SELECT COUNT(*)...')
#3 D:\xampp\htdocs\peluit\system\Database\BaseConnection.php(598): CodeIgniter\Database\BaseConnection->simpleQuery('SELECT COUNT(*)...')
#4 D:\xampp\htdocs\peluit\system\Database\BaseBuilder.php(1527): CodeIgniter\Database\BaseConnection->query('SELECT COUNT(*)...', Array, false)
#5 D:\xampp\htdocs\peluit\app\Controllers\Form.php(47): CodeIgniter\Database\BaseBuilder->countAllResults()
#6 D:\xampp\htdocs\peluit\system\CodeIgniter.php(824): App\Controllers\Form->get_count_tiket()
#7 D:\xampp\htdocs\peluit\system\CodeIgniter.php(410): CodeIgniter\CodeIgniter->runController(Object(App\Controllers\Form))
#8 D:\xampp\htdocs\peluit\system\CodeIgniter.php(318): CodeIgniter\CodeIgniter->handleRequest(NULL, Object(Config\Cache), false)
#9 D:\xampp\htdocs\peluit\index.php(37): CodeIgniter\CodeIgniter->run()
#10 {main}
CRITICAL - 2023-08-16 13:00:03 --> Uncaught CodeIgniter\Format\Exceptions\FormatException: Failed to parse json string, error: "Type is not supported". in D:\xampp\htdocs\peluit\system\Format\JSONFormatter.php:41
Stack trace:
#0 D:\xampp\htdocs\peluit\system\Format\JSONFormatter.php(41): CodeIgniter\Format\Exceptions\FormatException::forInvalidJSON('Type is not sup...')
#1 D:\xampp\htdocs\peluit\system\API\ResponseTrait.php(341): CodeIgniter\Format\JSONFormatter->format(Array)
#2 D:\xampp\htdocs\peluit\system\API\ResponseTrait.php(99): CodeIgniter\Debug\Exceptions->format(Array)
#3 D:\xampp\htdocs\peluit\system\Debug\Exceptions.php(110): CodeIgniter\Debug\Exceptions->respond(Array, 500)
#4 [internal function]: CodeIgniter\Debug\Exceptions->exceptionHandler(Object(ErrorException))
#5 {main}
  thrown
#0 [internal function]: CodeIgniter\Debug\Exceptions->shutdownHandler()
#1 {main}
ERROR - 2023-08-16 13:00:06 --> ErrorException: pg_query(): Query failed: ERROR:  invalid input syntax for type double precision: &quot;&quot;
LINE 6: WHERE date_part('year', tb_tiket.tgl_input) = ''
                                                      ^ in D:\xampp\htdocs\peluit\system\Database\Postgre\Connection.php:136
Stack trace:
#0 [internal function]: CodeIgniter\Debug\Exceptions->errorHandler(2, 'pg_query(): Que...', 'D:\\xampp\\htdocs...', 136, Array)
#1 D:\xampp\htdocs\peluit\system\Database\Postgre\Connection.php(136): pg_query(Resource id #126, 'SELECT COUNT(*)...')
#2 D:\xampp\htdocs\peluit\system\Database\BaseConnection.php(670): CodeIgniter\Database\Postgre\Connection->execute('SELECT COUNT(*)...')
#3 D:\xampp\htdocs\peluit\system\Database\BaseConnection.php(598): CodeIgniter\Database\BaseConnection->simpleQuery('SELECT COUNT(*)...')
#4 D:\xampp\htdocs\peluit\system\Database\BaseBuilder.php(1527): CodeIgniter\Database\BaseConnection->query('SELECT COUNT(*)...', Array, false)
#5 D:\xampp\htdocs\peluit\app\Controllers\Form.php(47): CodeIgniter\Database\BaseBuilder->countAllResults()
#6 D:\xampp\htdocs\peluit\system\CodeIgniter.php(824): App\Controllers\Form->get_count_tiket()
#7 D:\xampp\htdocs\peluit\system\CodeIgniter.php(410): CodeIgniter\CodeIgniter->runController(Object(App\Controllers\Form))
#8 D:\xampp\htdocs\peluit\system\CodeIgniter.php(318): CodeIgniter\CodeIgniter->handleRequest(NULL, Object(Config\Cache), false)
#9 D:\xampp\htdocs\peluit\index.php(37): CodeIgniter\CodeIgniter->run()
#10 {main}
CRITICAL - 2023-08-16 13:00:06 --> pg_query(): Query failed: ERROR:  invalid input syntax for type double precision: &quot;&quot;
LINE 6: WHERE date_part('year', tb_tiket.tgl_input) = ''
                                                      ^
#0 [internal function]: CodeIgniter\Debug\Exceptions->errorHandler(2, 'pg_query(): Que...', 'D:\\xampp\\htdocs...', 136, Array)
#1 D:\xampp\htdocs\peluit\system\Database\Postgre\Connection.php(136): pg_query(Resource id #126, 'SELECT COUNT(*)...')
#2 D:\xampp\htdocs\peluit\system\Database\BaseConnection.php(670): CodeIgniter\Database\Postgre\Connection->execute('SELECT COUNT(*)...')
#3 D:\xampp\htdocs\peluit\system\Database\BaseConnection.php(598): CodeIgniter\Database\BaseConnection->simpleQuery('SELECT COUNT(*)...')
#4 D:\xampp\htdocs\peluit\system\Database\BaseBuilder.php(1527): CodeIgniter\Database\BaseConnection->query('SELECT COUNT(*)...', Array, false)
#5 D:\xampp\htdocs\peluit\app\Controllers\Form.php(47): CodeIgniter\Database\BaseBuilder->countAllResults()
#6 D:\xampp\htdocs\peluit\system\CodeIgniter.php(824): App\Controllers\Form->get_count_tiket()
#7 D:\xampp\htdocs\peluit\system\CodeIgniter.php(410): CodeIgniter\CodeIgniter->runController(Object(App\Controllers\Form))
#8 D:\xampp\htdocs\peluit\system\CodeIgniter.php(318): CodeIgniter\CodeIgniter->handleRequest(NULL, Object(Config\Cache), false)
#9 D:\xampp\htdocs\peluit\index.php(37): CodeIgniter\CodeIgniter->run()
#10 {main}
CRITICAL - 2023-08-16 13:00:06 --> Uncaught CodeIgniter\Format\Exceptions\FormatException: Failed to parse json string, error: "Type is not supported". in D:\xampp\htdocs\peluit\system\Format\JSONFormatter.php:41
Stack trace:
#0 D:\xampp\htdocs\peluit\system\Format\JSONFormatter.php(41): CodeIgniter\Format\Exceptions\FormatException::forInvalidJSON('Type is not sup...')
#1 D:\xampp\htdocs\peluit\system\API\ResponseTrait.php(341): CodeIgniter\Format\JSONFormatter->format(Array)
#2 D:\xampp\htdocs\peluit\system\API\ResponseTrait.php(99): CodeIgniter\Debug\Exceptions->format(Array)
#3 D:\xampp\htdocs\peluit\system\Debug\Exceptions.php(110): CodeIgniter\Debug\Exceptions->respond(Array, 500)
#4 [internal function]: CodeIgniter\Debug\Exceptions->exceptionHandler(Object(ErrorException))
#5 {main}
  thrown
#0 [internal function]: CodeIgniter\Debug\Exceptions->shutdownHandler()
#1 {main}
