CRITICAL - 2023-09-01 10:51:25 --> Trying to access array offset on value of type null
#0 D:\xampp\htdocs\peluit\app\Controllers\Detail.php(165): CodeIgniter\Debug\Exceptions->errorHandler(8, 'Trying to acces...', 'D:\\xampp\\htdocs...', 165, Array)
#1 D:\xampp\htdocs\peluit\system\CodeIgniter.php(824): App\Controllers\Detail->hosting_page('12', 'HAWU43DATLORT9Z...')
#2 D:\xampp\htdocs\peluit\system\CodeIgniter.php(410): CodeIgniter\CodeIgniter->runController(Object(App\Controllers\Detail))
#3 D:\xampp\htdocs\peluit\system\CodeIgniter.php(318): CodeIgniter\CodeIgniter->handleRequest(NULL, Object(Config\Cache), false)
#4 D:\xampp\htdocs\peluit\index.php(37): CodeIgniter\CodeIgniter->run()
#5 {main}
CRITICAL - 2023-09-01 10:51:56 --> Trying to access array offset on value of type null
#0 D:\xampp\htdocs\peluit\app\Controllers\Detail.php(165): CodeIgniter\Debug\Exceptions->errorHandler(8, 'Trying to acces...', 'D:\\xampp\\htdocs...', 165, Array)
#1 D:\xampp\htdocs\peluit\system\CodeIgniter.php(824): App\Controllers\Detail->hosting_page('12', 'HAWU43DATLORT9Z...')
#2 D:\xampp\htdocs\peluit\system\CodeIgniter.php(410): CodeIgniter\CodeIgniter->runController(Object(App\Controllers\Detail))
#3 D:\xampp\htdocs\peluit\system\CodeIgniter.php(318): CodeIgniter\CodeIgniter->handleRequest(NULL, Object(Config\Cache), false)
#4 D:\xampp\htdocs\peluit\index.php(37): CodeIgniter\CodeIgniter->run()
#5 {main}
CRITICAL - 2023-09-01 11:04:17 --> Undefined variable: tgl_input
#0 D:\xampp\htdocs\peluit\app\Views\detail\upload.php(60): CodeIgniter\Debug\Exceptions->errorHandler(8, 'Undefined varia...', 'D:\\xampp\\htdocs...', 60, Array)
#1 D:\xampp\htdocs\peluit\system\View\View.php(214): include('D:\\xampp\\htdocs...')
#2 D:\xampp\htdocs\peluit\system\View\View.php(217): CodeIgniter\View\View->CodeIgniter\View\{closure}()
#3 D:\xampp\htdocs\peluit\system\Common.php(1097): CodeIgniter\View\View->render('detail/upload', Array, true)
#4 D:\xampp\htdocs\peluit\app\Controllers\Detail.php(137): view('detail/upload', Array)
#5 D:\xampp\htdocs\peluit\system\CodeIgniter.php(824): App\Controllers\Detail->upload_page('11', '68aVP91v')
#6 D:\xampp\htdocs\peluit\system\CodeIgniter.php(410): CodeIgniter\CodeIgniter->runController(Object(App\Controllers\Detail))
#7 D:\xampp\htdocs\peluit\system\CodeIgniter.php(318): CodeIgniter\CodeIgniter->handleRequest(NULL, Object(Config\Cache), false)
#8 D:\xampp\htdocs\peluit\index.php(37): CodeIgniter\CodeIgniter->run()
#9 {main}
CRITICAL - 2023-09-01 11:06:35 --> Trying to access array offset on value of type null
#0 D:\xampp\htdocs\peluit\app\Controllers\Detail.php(148): CodeIgniter\Debug\Exceptions->errorHandler(8, 'Trying to acces...', 'D:\\xampp\\htdocs...', 148, Array)
#1 D:\xampp\htdocs\peluit\system\CodeIgniter.php(824): App\Controllers\Detail->upload_page('11', '68aVP91v')
#2 D:\xampp\htdocs\peluit\system\CodeIgniter.php(410): CodeIgniter\CodeIgniter->runController(Object(App\Controllers\Detail))
#3 D:\xampp\htdocs\peluit\system\CodeIgniter.php(318): CodeIgniter\CodeIgniter->handleRequest(NULL, Object(Config\Cache), false)
#4 D:\xampp\htdocs\peluit\index.php(37): CodeIgniter\CodeIgniter->run()
#5 {main}
CRITICAL - 2023-09-01 11:06:35 --> Trying to access array offset on value of type null
#0 D:\xampp\htdocs\peluit\app\Controllers\Detail.php(148): CodeIgniter\Debug\Exceptions->errorHandler(8, 'Trying to acces...', 'D:\\xampp\\htdocs...', 148, Array)
#1 D:\xampp\htdocs\peluit\system\CodeIgniter.php(824): App\Controllers\Detail->upload_page('11', '68aVP91v')
#2 D:\xampp\htdocs\peluit\system\CodeIgniter.php(410): CodeIgniter\CodeIgniter->runController(Object(App\Controllers\Detail))
#3 D:\xampp\htdocs\peluit\system\CodeIgniter.php(318): CodeIgniter\CodeIgniter->handleRequest(NULL, Object(Config\Cache), false)
#4 D:\xampp\htdocs\peluit\index.php(37): CodeIgniter\CodeIgniter->run()
#5 {main}
CRITICAL - 2023-09-01 11:07:53 --> Undefined variable: agenda
#0 D:\xampp\htdocs\peluit\app\Views\detail\upload.php(76): CodeIgniter\Debug\Exceptions->errorHandler(8, 'Undefined varia...', 'D:\\xampp\\htdocs...', 76, Array)
#1 D:\xampp\htdocs\peluit\system\View\View.php(214): include('D:\\xampp\\htdocs...')
#2 D:\xampp\htdocs\peluit\system\View\View.php(217): CodeIgniter\View\View->CodeIgniter\View\{closure}()
#3 D:\xampp\htdocs\peluit\system\Common.php(1097): CodeIgniter\View\View->render('detail/upload', Array, true)
#4 D:\xampp\htdocs\peluit\app\Controllers\Detail.php(152): view('detail/upload', Array)
#5 D:\xampp\htdocs\peluit\system\CodeIgniter.php(824): App\Controllers\Detail->upload_page('11', '68aVP91v')
#6 D:\xampp\htdocs\peluit\system\CodeIgniter.php(410): CodeIgniter\CodeIgniter->runController(Object(App\Controllers\Detail))
#7 D:\xampp\htdocs\peluit\system\CodeIgniter.php(318): CodeIgniter\CodeIgniter->handleRequest(NULL, Object(Config\Cache), false)
#8 D:\xampp\htdocs\peluit\index.php(37): CodeIgniter\CodeIgniter->run()
#9 {main}
CRITICAL - 2023-09-01 11:43:01 --> Trying to access array offset on value of type null
#0 D:\xampp\htdocs\peluit\app\Controllers\Detail.php(85): CodeIgniter\Debug\Exceptions->errorHandler(8, 'Trying to acces...', 'D:\\xampp\\htdocs...', 85, Array)
#1 D:\xampp\htdocs\peluit\system\CodeIgniter.php(824): App\Controllers\Detail->aula_page('9', 'fZN2JAOz')
#2 D:\xampp\htdocs\peluit\system\CodeIgniter.php(410): CodeIgniter\CodeIgniter->runController(Object(App\Controllers\Detail))
#3 D:\xampp\htdocs\peluit\system\CodeIgniter.php(318): CodeIgniter\CodeIgniter->handleRequest(NULL, Object(Config\Cache), false)
#4 D:\xampp\htdocs\peluit\index.php(37): CodeIgniter\CodeIgniter->run()
#5 {main}
